Using worker: worker-linux-77796cae-1.bb.travis-ci.org:travis-linux-14

travis_fold:start:system_info[0K[33;1mBuild system information[0m
Build language: python
[34m[1mBuild image provisioning date and time[0m
Wed Feb  4 18:22:50 UTC 2015
[34m[1mOperating System Details[0m
Distributor ID:	Ubuntu
Description:	Ubuntu 12.04 LTS
Release:	12.04
Codename:	precise
[34m[1mLinux Version[0m
2.6.32-042stab090.5
[34m[1mCookbooks Version[0m
23bb455 https://github.com/travis-ci/travis-cookbooks/tree/23bb455
[34m[1mGCC version[0m
gcc (Ubuntu/Linaro 4.6.3-1ubuntu5) 4.6.3
Copyright (C) 2011 Free Software Foundation, Inc.
This is free software; see the source for copying conditions.  There is NO
warranty; not even for MERCHANTABILITY or FITNESS FOR A PARTICULAR PURPOSE.

[34m[1mLLVM version[0m
clang version 3.4 (tags/RELEASE_34/final)
Target: x86_64-unknown-linux-gnu
Thread model: posix
[34m[1mPre-installed Ruby versions[0m
ruby-1.9.3-p551
[34m[1mPre-installed Node.js versions[0m
v0.10.36
[34m[1mPre-installed Go versions[0m
1.4.1
[34m[1mRedis version[0m
redis-server 2.8.19
[34m[1mriak version[0m
2.0.2
[34m[1mMongoDB version[0m
MongoDB 2.4.12
[34m[1mCouchDB version[0m
couchdb 1.6.1
[34m[1mNeo4j version[0m
1.9.4
[34m[1mCassandra version[0m
2.0.9
[34m[1mRabbitMQ Version[0m
3.4.3
[34m[1mElasticSearch version[0m
1.4.0
[34m[1mInstalled Sphinx versions[0m
2.0.10
2.1.9
2.2.6
[34m[1mDefault Sphinx version[0m
2.2.6
[34m[1mInstalled Firefox version[0m
firefox 31.0esr
[34m[1mPhantomJS version[0m
1.9.8
[34m[1mant -version[0m
Apache Ant(TM) version 1.8.2 compiled on December 3 2011
[34m[1mmvn -version[0m
Apache Maven 3.2.5 (12a6b3acb947671f09b81f49094c53f426d8cea1; 2014-12-14T17:29:23+00:00)
Maven home: /usr/local/maven
Java version: 1.7.0_76, vendor: Oracle Corporation
Java home: /usr/lib/jvm/java-7-oracle/jre
Default locale: en, platform encoding: UTF-8
OS name: "linux", version: "2.6.32-042stab090.5", arch: "amd64", family: "unix"
travis_fold:end:system_info[0K
travis_fold:start:git.checkout[0Ktravis_time:start:00a30980[0K$ git clone --depth=50 --branch=inline git://github.com/waylan/Python-Markdown.git waylan/Python-Markdown
Cloning into 'waylan/Python-Markdown'...
remote: Counting objects: 938, done.[K
remote: Compressing objects:   0% (1/667)   [Kremote: Compressing objects:   1% (7/667)   [Kremote: Compressing objects:   2% (14/667)   [Kremote: Compressing objects:   3% (21/667)   [Kremote: Compressing objects:   4% (27/667)   [Kremote: Compressing objects:   5% (34/667)   [Kremote: Compressing objects:   6% (41/667)   [Kremote: Compressing objects:   7% (47/667)   [Kremote: Compressing objects:   8% (54/667)   [Kremote: Compressing objects:   9% (61/667)   [Kremote: Compressing objects:  10% (67/667)   [Kremote: Compressing objects:  11% (74/667)   [Kremote: Compressing objects:  12% (81/667)   [Kremote: Compressing objects:  13% (87/667)   [Kremote: Compressing objects:  14% (94/667)   [Kremote: Compressing objects:  15% (101/667)   [Kremote: Compressing objects:  16% (107/667)   [Kremote: Compressing objects:  17% (114/667)   [Kremote: Compressing objects:  18% (121/667)   [Kremote: Compressing objects:  19% (127/667)   [Kremote: Compressing objects:  20% (134/667)   [Kremote: Compressing objects:  21% (141/667)   [Kremote: Compressing objects:  22% (147/667)   [Kremote: Compressing objects:  23% (154/667)   [Kremote: Compressing objects:  24% (161/667)   [Kremote: Compressing objects:  25% (167/667)   [Kremote: Compressing objects:  26% (174/667)   [Kremote: Compressing objects:  27% (181/667)   [Kremote: Compressing objects:  28% (187/667)   [Kremote: Compressing objects:  29% (194/667)   [Kremote: Compressing objects:  30% (201/667)   [Kremote: Compressing objects:  31% (207/667)   [Kremote: Compressing objects:  32% (214/667)   [Kremote: Compressing objects:  33% (221/667)   [Kremote: Compressing objects:  34% (227/667)   [Kremote: Compressing objects:  35% (234/667)   [Kremote: Compressing objects:  36% (241/667)   [Kremote: Compressing objects:  37% (247/667)   [Kremote: Compressing objects:  38% (254/667)   [Kremote: Compressing objects:  39% (261/667)   [Kremote: Compressing objects:  40% (267/667)   [Kremote: Compressing objects:  41% (274/667)   [Kremote: Compressing objects:  42% (281/667)   [Kremote: Compressing objects:  43% (287/667)   [Kremote: Compressing objects:  44% (294/667)   [Kremote: Compressing objects:  45% (301/667)   [Kremote: Compressing objects:  46% (307/667)   [Kremote: Compressing objects:  47% (314/667)   [Kremote: Compressing objects:  48% (321/667)   [Kremote: Compressing objects:  49% (327/667)   [Kremote: Compressing objects:  50% (334/667)   [Kremote: Compressing objects:  51% (341/667)   [Kremote: Compressing objects:  52% (347/667)   [Kremote: Compressing objects:  53% (354/667)   [Kremote: Compressing objects:  54% (361/667)   [Kremote: Compressing objects:  55% (367/667)   [Kremote: Compressing objects:  56% (374/667)   [Kremote: Compressing objects:  57% (381/667)   [Kremote: Compressing objects:  58% (387/667)   [Kremote: Compressing objects:  59% (394/667)   [Kremote: Compressing objects:  60% (401/667)   [Kremote: Compressing objects:  61% (407/667)   [Kremote: Compressing objects:  62% (414/667)   [Kremote: Compressing objects:  63% (421/667)   [Kremote: Compressing objects:  64% (427/667)   [Kremote: Compressing objects:  65% (434/667)   [Kremote: Compressing objects:  66% (441/667)   [Kremote: Compressing objects:  67% (447/667)   [Kremote: Compressing objects:  68% (454/667)   [Kremote: Compressing objects:  69% (461/667)   [Kremote: Compressing objects:  70% (467/667)   [Kremote: Compressing objects:  71% (474/667)   [Kremote: Compressing objects:  72% (481/667)   [Kremote: Compressing objects:  73% (487/667)   [Kremote: Compressing objects:  74% (494/667)   [Kremote: Compressing objects:  75% (501/667)   [Kremote: Compressing objects:  76% (507/667)   [Kremote: Compressing objects:  77% (514/667)   [Kremote: Compressing objects:  78% (521/667)   [Kremote: Compressing objects:  79% (527/667)   [Kremote: Compressing objects:  80% (534/667)   [Kremote: Compressing objects:  81% (541/667)   [Kremote: Compressing objects:  82% (547/667)   [Kremote: Compressing objects:  83% (554/667)   [Kremote: Compressing objects:  84% (561/667)   [Kremote: Compressing objects:  85% (567/667)   [Kremote: Compressing objects:  86% (574/667)   [Kremote: Compressing objects:  87% (581/667)   [Kremote: Compressing objects:  88% (587/667)   [Kremote: Compressing objects:  89% (594/667)   [Kremote: Compressing objects:  90% (601/667)   [Kremote: Compressing objects:  91% (607/667)   [Kremote: Compressing objects:  92% (614/667)   [Kremote: Compressing objects:  93% (621/667)   [Kremote: Compressing objects:  94% (627/667)   [Kremote: Compressing objects:  95% (634/667)   [Kremote: Compressing objects:  96% (641/667)   [Kremote: Compressing objects:  97% (647/667)   [Kremote: Compressing objects:  98% (654/667)   [Kremote: Compressing objects:  99% (661/667)   [Kremote: Compressing objects: 100% (667/667)   [Kremote: Compressing objects: 100% (667/667), done.[K
Receiving objects:   0% (1/938)   Receiving objects:   1% (10/938)   Receiving objects:   2% (19/938)   Receiving objects:   3% (29/938)   Receiving objects:   4% (38/938)   Receiving objects:   5% (47/938)   Receiving objects:   6% (57/938)   Receiving objects:   7% (66/938)   Receiving objects:   8% (76/938)   Receiving objects:   9% (85/938)   Receiving objects:  10% (94/938)   Receiving objects:  11% (104/938)   Receiving objects:  12% (113/938)   Receiving objects:  13% (122/938)   Receiving objects:  14% (132/938)   Receiving objects:  15% (141/938)   Receiving objects:  16% (151/938)   Receiving objects:  17% (160/938)   Receiving objects:  18% (169/938)   Receiving objects:  19% (179/938)   Receiving objects:  20% (188/938)   Receiving objects:  21% (197/938)   Receiving objects:  22% (207/938)   Receiving objects:  23% (216/938)   Receiving objects:  24% (226/938)   Receiving objects:  25% (235/938)   Receiving objects:  26% (244/938)   Receiving objects:  27% (254/938)   Receiving objects:  28% (263/938)   Receiving objects:  29% (273/938)   Receiving objects:  30% (282/938)   Receiving objects:  31% (291/938)   Receiving objects:  32% (301/938)   Receiving objects:  33% (310/938)   Receiving objects:  34% (319/938)   Receiving objects:  35% (329/938)   Receiving objects:  36% (338/938)   Receiving objects:  37% (348/938)   Receiving objects:  38% (357/938)   Receiving objects:  39% (366/938)   Receiving objects:  40% (376/938)   Receiving objects:  41% (385/938)   Receiving objects:  42% (394/938)   Receiving objects:  43% (404/938)   Receiving objects:  44% (413/938)   Receiving objects:  45% (423/938)   Receiving objects:  46% (432/938)   Receiving objects:  47% (441/938)   Receiving objects:  48% (451/938)   Receiving objects:  49% (460/938)   Receiving objects:  50% (469/938)   Receiving objects:  51% (479/938)   Receiving objects:  52% (488/938)   Receiving objects:  53% (498/938)   Receiving objects:  54% (507/938)   Receiving objects:  55% (516/938)   Receiving objects:  56% (526/938)   Receiving objects:  57% (535/938)   Receiving objects:  58% (545/938)   Receiving objects:  59% (554/938)   Receiving objects:  60% (563/938)   Receiving objects:  61% (573/938)   Receiving objects:  62% (582/938)   Receiving objects:  63% (591/938)   Receiving objects:  64% (601/938)   Receiving objects:  65% (610/938)   Receiving objects:  66% (620/938)   Receiving objects:  67% (629/938)   Receiving objects:  68% (638/938)   Receiving objects:  69% (648/938)   Receiving objects:  70% (657/938)   Receiving objects:  71% (666/938)   Receiving objects:  72% (676/938)   Receiving objects:  73% (685/938)   Receiving objects:  74% (695/938)   Receiving objects:  75% (704/938)   Receiving objects:  76% (713/938)   Receiving objects:  77% (723/938)   Receiving objects:  78% (732/938)   Receiving objects:  79% (742/938)   Receiving objects:  80% (751/938)   Receiving objects:  81% (760/938)   Receiving objects:  82% (770/938)   Receiving objects:  83% (779/938)   Receiving objects:  84% (788/938)   Receiving objects:  85% (798/938)   Receiving objects:  86% (807/938)   remote: Total 938 (delta 360), reused 659 (delta 237), pack-reused 0[K
Receiving objects:  87% (817/938)   Receiving objects:  88% (826/938)   Receiving objects:  89% (835/938)   Receiving objects:  90% (845/938)   Receiving objects:  91% (854/938)   Receiving objects:  92% (863/938)   Receiving objects:  93% (873/938)   Receiving objects:  94% (882/938)   Receiving objects:  95% (892/938)   Receiving objects:  96% (901/938)   Receiving objects:  97% (910/938)   Receiving objects:  98% (920/938)   Receiving objects:  99% (929/938)   Receiving objects: 100% (938/938)   Receiving objects: 100% (938/938), 417.23 KiB | 0 bytes/s, done.
Resolving deltas:   0% (0/360)   Resolving deltas:   1% (7/360)   Resolving deltas:   3% (11/360)   Resolving deltas:   4% (15/360)   Resolving deltas:  10% (37/360)   Resolving deltas:  11% (41/360)   Resolving deltas:  12% (45/360)   Resolving deltas:  20% (73/360)   Resolving deltas:  22% (80/360)   Resolving deltas:  23% (83/360)   Resolving deltas:  26% (94/360)   Resolving deltas:  27% (100/360)   Resolving deltas:  28% (101/360)   Resolving deltas:  36% (133/360)   Resolving deltas:  37% (135/360)   Resolving deltas:  38% (137/360)   Resolving deltas:  40% (146/360)   Resolving deltas:  41% (148/360)   Resolving deltas:  43% (156/360)   Resolving deltas:  44% (159/360)   Resolving deltas:  45% (164/360)   Resolving deltas:  46% (167/360)   Resolving deltas:  48% (174/360)   Resolving deltas:  50% (180/360)   Resolving deltas:  53% (191/360)   Resolving deltas:  55% (201/360)   Resolving deltas:  57% (207/360)   Resolving deltas:  60% (219/360)   Resolving deltas:  61% (220/360)   Resolving deltas:  62% (226/360)   Resolving deltas:  63% (230/360)   Resolving deltas:  64% (231/360)   Resolving deltas:  66% (239/360)   Resolving deltas:  68% (246/360)   Resolving deltas:  69% (251/360)   Resolving deltas:  70% (252/360)   Resolving deltas:  71% (258/360)   Resolving deltas:  73% (263/360)   Resolving deltas:  74% (267/360)   Resolving deltas:  75% (270/360)   Resolving deltas:  76% (274/360)   Resolving deltas:  77% (280/360)   Resolving deltas:  78% (281/360)   Resolving deltas:  80% (289/360)   Resolving deltas:  81% (292/360)   Resolving deltas:  82% (296/360)   Resolving deltas:  83% (299/360)   Resolving deltas:  84% (303/360)   Resolving deltas:  85% (306/360)   Resolving deltas:  86% (310/360)   Resolving deltas:  87% (314/360)   Resolving deltas:  88% (317/360)   Resolving deltas:  89% (321/360)   Resolving deltas:  90% (324/360)   Resolving deltas:  91% (328/360)   Resolving deltas:  93% (335/360)   Resolving deltas:  94% (340/360)   Resolving deltas:  95% (342/360)   Resolving deltas:  96% (346/360)   Resolving deltas:  97% (350/360)   Resolving deltas:  98% (356/360)   Resolving deltas:  99% (359/360)   Resolving deltas: 100% (360/360)   Resolving deltas: 100% (360/360), done.
Checking connectivity... done.
travis_time:end:00a30980:start=1434740686819509958,finish=1434740687059602068,duration=240092110[0K$ cd waylan/Python-Markdown
$ git checkout -qf b18273eebcc76223ad88b55020bbf572dc3bc32c
travis_fold:end:git.checkout[0K
[33;1mSetting environment variables from .travis.yml[0m
$ export TOXENV=py27

travis_time:start:0e862647[0K$ source ~/virtualenv/python2.7/bin/activate
travis_time:end:0e862647:start=1434740687099125266,finish=1434740687107556462,duration=8431196[0K$ python --version
Python 2.7.9
$ pip --version
pip 6.0.7 from /home/travis/virtualenv/python2.7.9/lib/python2.7/site-packages (python 2.7)
travis_fold:start:before_install.1[0Ktravis_time:start:06c45c20[0K$ sudo apt-get update -qq
travis_time:end:06c45c20:start=1434740687462694443,finish=1434740694376442252,duration=6913747809[0Ktravis_fold:end:before_install.1[0Ktravis_fold:start:before_install.2[0Ktravis_time:start:1cf8c2e2[0K$ sudo apt-get install libtidy-0.99-0
Reading package lists... 0%Reading package lists... 100%Reading package lists... Done
Building dependency tree... 0%Building dependency tree... 0%Building dependency tree... 50%Building dependency tree... 50%Building dependency tree       
Reading state information... 0%Reading state information... 0%Reading state information... Done
The following package was automatically installed and is no longer required:
  libgeos-3.2.2
Use 'apt-get autoremove' to remove them.
The following NEW packages will be installed:
  libtidy-0.99-0
0 upgraded, 1 newly installed, 0 to remove and 237 not upgraded.
Need to get 146 kB of archives.
After this operation, 411 kB of additional disk space will be used.
0% [Working]            Get:1 http://us.archive.ubuntu.com/ubuntu/ precise/main libtidy-0.99-0 amd64 20091223cvs-1ubuntu2 [146 kB]
            10% [1 libtidy-0.99-0 14.0 kB/146 kB 10%]                                         100% [Working]              Fetched 146 kB in 0s (1,405 kB/s)
Selecting previously unselected package libtidy-0.99-0.
(Reading database ... (Reading database ... 5%(Reading database ... 10%(Reading database ... 15%(Reading database ... 20%(Reading database ... 25%(Reading database ... 30%(Reading database ... 35%(Reading database ... 40%(Reading database ... 45%(Reading database ... 50%(Reading database ... 55%(Reading database ... 60%(Reading database ... 65%(Reading database ... 70%(Reading database ... 75%(Reading database ... 80%(Reading database ... 85%(Reading database ... 90%(Reading database ... 95%(Reading database ... 100%(Reading database ... 77803 files and directories currently installed.)
Unpacking libtidy-0.99-0 (from .../libtidy-0.99-0_20091223cvs-1ubuntu2_amd64.deb) ...
Setting up libtidy-0.99-0 (20091223cvs-1ubuntu2) ...
Processing triggers for libc-bin ...
ldconfig deferred processing now taking place
travis_time:end:1cf8c2e2:start=1434740694385234321,finish=1434740696825554506,duration=2440320185[0Ktravis_fold:end:before_install.2[0Ktravis_fold:start:before_install.3[0Ktravis_time:start:19213ed8[0K$ sudo apt-get install aspell
Reading package lists... 0%Reading package lists... 100%Reading package lists... Done
Building dependency tree... 0%Building dependency tree... 0%Building dependency tree... 50%Building dependency tree... 50%Building dependency tree       
Reading state information... 0%Reading state information... 0%Reading state information... Done
The following package was automatically installed and is no longer required:
  libgeos-3.2.2
Use 'apt-get autoremove' to remove them.
The following extra packages will be installed:
  aspell-en dictionaries-common libaspell15
Suggested packages:
  aspell-doc spellutils ispell jed-extra
The following NEW packages will be installed:
  aspell aspell-en dictionaries-common libaspell15
0 upgraded, 4 newly installed, 0 to remove and 237 not upgraded.
Need to get 1,228 kB of archives.
After this operation, 4,227 kB of additional disk space will be used.
0% [Working]            Get:1 http://us.archive.ubuntu.com/ubuntu/ precise/main libaspell15 amd64 0.60.7~20110707-1 [639 kB]
            1% [1 libaspell15 14.0 kB/639 kB 2%]                                    52% [Waiting for headers]                         Get:2 http://us.archive.ubuntu.com/ubuntu/ precise/main dictionaries-common all 1.12.1ubuntu2 [246 kB]
                         53% [2 dictionaries-common 15.5 kB/246 kB 6%]                                             72% [Working]             Get:3 http://us.archive.ubuntu.com/ubuntu/ precise/main aspell amd64 0.60.7~20110707-1 [92.5 kB]
             74% [3 aspell 28.7 kB/92.5 kB 31%]                                  80% [Working]             Get:4 http://us.archive.ubuntu.com/ubuntu/ precise/main aspell-en all 6.0-0-6ubuntu2 [250 kB]
             80% [4 aspell-en 4,496 B/250 kB 2%]                                   100% [Working]              Fetched 1,228 kB in 0s (5,686 kB/s)
Preconfiguring packages ...
Selecting previously unselected package libaspell15.
(Reading database ... (Reading database ... 5%(Reading database ... 10%(Reading database ... 15%(Reading database ... 20%(Reading database ... 25%(Reading database ... 30%(Reading database ... 35%(Reading database ... 40%(Reading database ... 45%(Reading database ... 50%(Reading database ... 55%(Reading database ... 60%(Reading database ... 65%(Reading database ... 70%(Reading database ... 75%(Reading database ... 80%(Reading database ... 85%(Reading database ... 90%(Reading database ... 95%(Reading database ... 100%(Reading database ... 77809 files and directories currently installed.)
Unpacking libaspell15 (from .../libaspell15_0.60.7~20110707-1_amd64.deb) ...
Selecting previously unselected package dictionaries-common.
Unpacking dictionaries-common (from .../dictionaries-common_1.12.1ubuntu2_all.deb) ...
Adding 'diversion of /usr/share/dict/words to /usr/share/dict/words.pre-dictionaries-common by dictionaries-common'
Selecting previously unselected package aspell.
Unpacking aspell (from .../aspell_0.60.7~20110707-1_amd64.deb) ...
Selecting previously unselected package aspell-en.
Unpacking aspell-en (from .../aspell-en_6.0-0-6ubuntu2_all.deb) ...
Processing triggers for man-db ...
Setting up libaspell15 (0.60.7~20110707-1) ...
Setting up dictionaries-common (1.12.1ubuntu2) ...
install/dictionaries-common: Byte-compiling for emacsen flavour emacs23
Wrote /usr/share/emacs23/site-lisp/dictionaries-common/debian-ispell.elc
Wrote /usr/share/emacs23/site-lisp/dictionaries-common/ispell.elc
Wrote /usr/share/emacs23/site-lisp/dictionaries-common/flyspell.elc
Processing triggers for dictionaries-common ...
aspell-autobuildhash: processing: en [en-common]
aspell-autobuildhash: processing: en [en-variant_0]
aspell-autobuildhash: processing: en [en-variant_1]
aspell-autobuildhash: processing: en [en-variant_2]
aspell-autobuildhash: processing: en [en_CA-w_accents-only]
aspell-autobuildhash: processing: en [en_CA-wo_accents-only]
aspell-autobuildhash: processing: en [en_GB-ise-w_accents-only]
aspell-autobuildhash: processing: en [en_GB-ise-wo_accents-only]
aspell-autobuildhash: processing: en [en_GB-ize-w_accents-only]
aspell-autobuildhash: processing: en [en_GB-ize-wo_accents-only]
aspell-autobuildhash: processing: en [en_US-w_accents-only]
aspell-autobuildhash: processing: en [en_US-wo_accents-only]
Setting up aspell (0.60.7~20110707-1) ...
Processing triggers for dictionaries-common ...
Setting up aspell-en (6.0-0-6ubuntu2) ...
Processing triggers for libc-bin ...
ldconfig deferred processing now taking place
Processing triggers for dictionaries-common ...
travis_time:end:19213ed8:start=1434740696833822236,finish=1434740705653115369,duration=8819293133[0Ktravis_fold:end:before_install.3[0Ktravis_fold:start:install.1[0Ktravis_time:start:014d9fc8[0K$ pip install tox
[33mYou are using pip version 6.0.7, however version 7.0.3 is available.
You should consider upgrading via the 'pip install --upgrade pip' command.[0m
Collecting tox
  Downloading tox-2.1.0-py2.py3-none-any.whl
Collecting virtualenv>=1.11.2 (from tox)
  Downloading virtualenv-13.0.3-py2.py3-none-any.whl (1.7MB)
[?25l[K    0% |                                | 4.1kB 24.0MB/s eta 0:00:01[K    0% |                                | 8.2kB 19.9MB/s eta 0:00:01[K    0% |                                | 12kB 20.7MB/s eta 0:00:01[K    0% |                                | 16kB 1.4MB/s eta 0:00:02[K    1% |                                | 20kB 1.7MB/s eta 0:00:01[K    1% |                                | 24kB 2.0MB/s eta 0:00:01[K    1% |                                | 28kB 2.3MB/s eta 0:00:01[K    1% |                                | 32kB 2.6MB/s eta 0:00:01[K    2% |                                | 36kB 2.8MB/s eta 0:00:01[K    2% |                                | 40kB 3.1MB/s eta 0:00:01[K    2% |                                | 45kB 3.1MB/s eta 0:00:01[K    2% |                                | 49kB 1.6MB/s eta 0:00:01[K    3% |#                               | 53kB 1.6MB/s eta 0:00:01[K    3% |#                               | 57kB 2.9MB/s eta 0:00:01[K    3% |#                               | 61kB 2.9MB/s eta 0:00:01[K    3% |#                               | 65kB 2.8MB/s eta 0:00:01[K    4% |#                               | 69kB 2.9MB/s eta 0:00:01[K    4% |#                               | 73kB 2.9MB/s eta 0:00:01[K    4% |#                               | 77kB 2.9MB/s eta 0:00:01[K    4% |#                               | 81kB 1.6MB/s eta 0:00:02[K    5% |#                               | 86kB 1.6MB/s eta 0:00:02[K    5% |#                               | 90kB 2.9MB/s eta 0:00:01[K    5% |#                               | 94kB 2.9MB/s eta 0:00:01[K    5% |#                               | 98kB 2.9MB/s eta 0:00:01[K    6% |#                               | 102kB 2.9MB/s eta 0:00:01[K    6% |##                              | 106kB 3.0MB/s eta 0:00:01[K    6% |##                              | 110kB 3.0MB/s eta 0:00:01[K    6% |##                              | 114kB 2.9MB/s eta 0:00:01[K    7% |##                              | 118kB 2.9MB/s eta 0:00:01[K    7% |##                              | 122kB 16.9MB/s eta 0:00:01[K    7% |##                              | 126kB 17.2MB/s eta 0:00:01[K    7% |##                              | 131kB 3.1MB/s eta 0:00:01[K    8% |##                              | 135kB 3.1MB/s eta 0:00:01[K    8% |##                              | 139kB 3.1MB/s eta 0:00:01[K    8% |##                              | 143kB 3.1MB/s eta 0:00:01[K    8% |##                              | 147kB 3.1MB/s eta 0:00:01[K    8% |##                              | 151kB 3.1MB/s eta 0:00:01[K    9% |##                              | 155kB 3.1MB/s eta 0:00:01[K    9% |###                             | 159kB 3.1MB/s eta 0:00:01[K    9% |###                             | 163kB 3.1MB/s eta 0:00:01[K    9% |###                             | 167kB 3.1MB/s eta 0:00:01[K    10% |###                             | 172kB 17.3MB/s eta 0:00:01[K    10% |###                             | 176kB 17.4MB/s eta 0:00:01[K    10% |###                             | 180kB 7.2MB/s eta 0:00:01[K    10% |###                             | 184kB 7.2MB/s eta 0:00:01[K    11% |###                             | 188kB 7.7MB/s eta 0:00:01[K    11% |###                             | 192kB 7.7MB/s eta 0:00:01[K    11% |###                             | 196kB 3.4MB/s eta 0:00:01[K    11% |###                             | 200kB 3.3MB/s eta 0:00:01[K    12% |###                             | 204kB 3.4MB/s eta 0:00:01[K    12% |###                             | 208kB 3.3MB/s eta 0:00:01[K    12% |####                            | 212kB 3.2MB/s eta 0:00:01[K    12% |####                            | 217kB 3.2MB/s eta 0:00:01[K    13% |####                            | 221kB 4.4MB/s eta 0:00:01[K    13% |####                            | 225kB 4.4MB/s eta 0:00:01[K    13% |####                            | 229kB 4.3MB/s eta 0:00:01[K    13% |####                            | 233kB 4.3MB/s eta 0:00:01[K    14% |####                            | 237kB 15.8MB/s eta 0:00:01[K    14% |####                            | 241kB 15.9MB/s eta 0:00:01[K    14% |####                            | 245kB 7.5MB/s eta 0:00:01[K    14% |####                            | 249kB 7.4MB/s eta 0:00:01[K    15% |####                            | 253kB 8.1MB/s eta 0:00:01[K    15% |####                            | 258kB 8.1MB/s eta 0:00:01[K    15% |####                            | 262kB 3.4MB/s eta 0:00:01[K    15% |#####                           | 266kB 3.4MB/s eta 0:00:01[K    16% |#####                           | 270kB 3.4MB/s eta 0:00:01[K    16% |#####                           | 274kB 3.4MB/s eta 0:00:01[K    16% |#####                           | 278kB 3.3MB/s eta 0:00:01[K    16% |#####                           | 282kB 3.3MB/s eta 0:00:01[K    17% |#####                           | 286kB 4.4MB/s eta 0:00:01[K    17% |#####                           | 290kB 4.4MB/s eta 0:00:01[K    17% |#####                           | 294kB 4.3MB/s eta 0:00:01[K    17% |#####                           | 299kB 4.3MB/s eta 0:00:01[K    17% |#####                           | 303kB 16.8MB/s eta 0:00:01[K    18% |#####                           | 307kB 17.0MB/s eta 0:00:01[K    18% |#####                           | 311kB 15.8MB/s eta 0:00:01[K    18% |#####                           | 315kB 15.8MB/s eta 0:00:01[K    18% |######                          | 319kB 18.7MB/s eta 0:00:01[K    19% |######                          | 323kB 19.6MB/s eta 0:00:01[K    19% |######                          | 327kB 9.0MB/s eta 0:00:01[K    19% |######                          | 331kB 9.0MB/s eta 0:00:01[K    19% |######                          | 335kB 9.2MB/s eta 0:00:01[K    20% |######                          | 339kB 9.3MB/s eta 0:00:01[K    20% |######                          | 344kB 6.8MB/s eta 0:00:01[K    20% |######                          | 348kB 6.8MB/s eta 0:00:01[K    20% |######                          | 352kB 7.0MB/s eta 0:00:01[K    21% |######                          | 356kB 6.9MB/s eta 0:00:01[K    21% |######                          | 360kB 4.0MB/s eta 0:00:01[K    21% |######                          | 364kB 3.9MB/s eta 0:00:01[K    21% |######                          | 368kB 5.1MB/s eta 0:00:01[K    22% |#######                         | 372kB 5.2MB/s eta 0:00:01[K    22% |#######                         | 376kB 5.0MB/s eta 0:00:01[K    22% |#######                         | 380kB 4.9MB/s eta 0:00:01[K    22% |#######                         | 385kB 6.2MB/s eta 0:00:01[K    23% |#######                         | 389kB 6.2MB/s eta 0:00:01[K    23% |#######                         | 393kB 5.8MB/s eta 0:00:01[K    23% |#######                         | 397kB 5.8MB/s eta 0:00:01[K    23% |#######                         | 401kB 15.8MB/s eta 0:00:01[K    24% |#######                         | 405kB 16.1MB/s eta 0:00:01[K    24% |#######                         | 409kB 6.1MB/s eta 0:00:01[K    24% |#######                         | 413kB 6.1MB/s eta 0:00:01[K    24% |#######                         | 417kB 6.4MB/s eta 0:00:01[K    25% |########                        | 421kB 6.4MB/s eta 0:00:01[K    25% |########                        | 425kB 6.2MB/s eta 0:00:01[K    25% |########                        | 430kB 6.2MB/s eta 0:00:01[K    25% |########                        | 434kB 6.5MB/s eta 0:00:01[K    25% |########                        | 438kB 6.6MB/s eta 0:00:01[K    26% |########                        | 442kB 6.5MB/s eta 0:00:01[K    26% |########                        | 446kB 6.4MB/s eta 0:00:01[K    26% |########                        | 450kB 18.4MB/s eta 0:00:01[K    26% |########                        | 454kB 18.6MB/s eta 0:00:01[K    27% |########                        | 458kB 6.9MB/s eta 0:00:01[K    27% |########                        | 462kB 7.0MB/s eta 0:00:01[K    27% |########                        | 466kB 7.1MB/s eta 0:00:01[K    27% |########                        | 471kB 7.2MB/s eta 0:00:01[K    28% |#########                       | 475kB 6.6MB/s eta 0:00:01[K    28% |#########                       | 479kB 6.6MB/s eta 0:00:01[K    28% |#########                       | 483kB 6.7MB/s eta 0:00:01[K    28% |#########                       | 487kB 6.7MB/s eta 0:00:01[K    29% |#########                       | 491kB 6.5MB/s eta 0:00:01[K    29% |#########                       | 495kB 6.4MB/s eta 0:00:01[K    29% |#########                       | 499kB 15.2MB/s eta 0:00:01[K    29% |#########                       | 503kB 15.3MB/s eta 0:00:01[K    30% |#########                       | 507kB 14.9MB/s eta 0:00:01[K    30% |#########                       | 512kB 14.9MB/s eta 0:00:01[K    30% |#########                       | 516kB 18.4MB/s eta 0:00:01[K    30% |#########                       | 520kB 19.0MB/s eta 0:00:01[K    31% |#########                       | 524kB 17.8MB/s eta 0:00:01[K    31% |##########                      | 528kB 16.9MB/s eta 0:00:01[K    31% |##########                      | 532kB 18.4MB/s eta 0:00:01[K    31% |##########                      | 536kB 19.3MB/s eta 0:00:01[K    32% |##########                      | 540kB 6.4MB/s eta 0:00:01[K    32% |##########                      | 544kB 6.5MB/s eta 0:00:01[K    32% |##########                      | 548kB 6.6MB/s eta 0:00:01[K    32% |##########                      | 552kB 6.7MB/s eta 0:00:01[K    33% |##########                      | 557kB 6.6MB/s eta 0:00:01[K    33% |##########                      | 561kB 6.6MB/s eta 0:00:01[K    33% |##########                      | 565kB 6.8MB/s eta 0:00:01[K    33% |##########                      | 569kB 7.0MB/s eta 0:00:01[K    34% |##########                      | 573kB 6.9MB/s eta 0:00:01[K    34% |##########                      | 577kB 6.9MB/s eta 0:00:01[K    34% |###########                     | 581kB 26.4MB/s eta 0:00:01[K    34% |###########                     | 585kB 27.1MB/s eta 0:00:01[K    34% |###########                     | 589kB 9.6MB/s eta 0:00:01[K    35% |###########                     | 593kB 9.4MB/s eta 0:00:01[K    35% |###########                     | 598kB 9.5MB/s eta 0:00:01[K    35% |###########                     | 602kB 9.4MB/s eta 0:00:01[K    35% |###########                     | 606kB 9.1MB/s eta 0:00:01[K    36% |###########                     | 610kB 8.9MB/s eta 0:00:01[K    36% |###########                     | 614kB 8.8MB/s eta 0:00:01[K    36% |###########                     | 618kB 8.7MB/s eta 0:00:01[K    36% |###########                     | 622kB 8.5MB/s eta 0:00:01[K    37% |###########                     | 626kB 8.4MB/s eta 0:00:01[K    37% |###########                     | 630kB 18.1MB/s eta 0:00:01[K    37% |############                    | 634kB 18.3MB/s eta 0:00:01[K    37% |############                    | 638kB 17.5MB/s eta 0:00:01[K    38% |############                    | 643kB 17.5MB/s eta 0:00:01[K    38% |############                    | 647kB 18.6MB/s eta 0:00:01[K    38% |############                    | 651kB 17.7MB/s eta 0:00:01[K    38% |############                    | 655kB 17.5MB/s eta 0:00:01[K    39% |############                    | 659kB 18.1MB/s eta 0:00:01[K    39% |############                    | 663kB 19.2MB/s eta 0:00:01[K    39% |############                    | 667kB 19.8MB/s eta 0:00:01[K    39% |############                    | 671kB 20.0MB/s eta 0:00:01[K    40% |############                    | 675kB 20.6MB/s eta 0:00:01[K    40% |############                    | 679kB 22.2MB/s eta 0:00:01[K    40% |############                    | 684kB 22.8MB/s eta 0:00:01[K    40% |#############                   | 688kB 9.1MB/s eta 0:00:01[K    41% |#############                   | 692kB 9.4MB/s eta 0:00:01[K    41% |#############                   | 696kB 9.6MB/s eta 0:00:01[K    41% |#############                   | 700kB 9.3MB/s eta 0:00:01[K    41% |#############                   | 704kB 7.6MB/s eta 0:00:01[K    42% |#############                   | 708kB 7.6MB/s eta 0:00:01[K    42% |#############                   | 712kB 7.6MB/s eta 0:00:01[K    42% |#############                   | 716kB 7.5MB/s eta 0:00:01[K    42% |#############                   | 720kB 7.3MB/s eta 0:00:01[K    43% |#############                   | 724kB 7.2MB/s eta 0:00:01[K    43% |#############                   | 729kB 13.7MB/s eta 0:00:01[K    43% |#############                   | 733kB 13.8MB/s eta 0:00:01[K    43% |#############                   | 737kB 13.5MB/s eta 0:00:01[K    43% |##############                  | 741kB 13.9MB/s eta 0:00:01[K    44% |##############                  | 745kB 20.3MB/s eta 0:00:01[K    44% |##############                  | 749kB 20.4MB/s eta 0:00:01[K    44% |##############                  | 753kB 9.8MB/s eta 0:00:01[K    44% |##############                  | 757kB 9.9MB/s eta 0:00:01[K    45% |##############                  | 761kB 10.1MB/s eta 0:00:01[K    45% |##############                  | 765kB 10.2MB/s eta 0:00:01[K    45% |##############                  | 770kB 9.7MB/s eta 0:00:01[K    45% |##############                  | 774kB 9.7MB/s eta 0:00:01[K    46% |##############                  | 778kB 9.9MB/s eta 0:00:01[K    46% |##############                  | 782kB 9.8MB/s eta 0:00:01[K    46% |##############                  | 786kB 9.4MB/s eta 0:00:01[K    46% |###############                 | 790kB 9.3MB/s eta 0:00:01[K    47% |###############                 | 794kB 18.5MB/s eta 0:00:01[K    47% |###############                 | 798kB 18.2MB/s eta 0:00:01[K    47% |###############                 | 802kB 17.1MB/s eta 0:00:01[K    47% |###############                 | 806kB 16.1MB/s eta 0:00:01[K    48% |###############                 | 811kB 17.3MB/s eta 0:00:01[K    48% |###############                 | 815kB 17.0MB/s eta 0:00:01[K    48% |###############                 | 819kB 15.7MB/s eta 0:00:01[K    48% |###############                 | 823kB 15.7MB/s eta 0:00:01[K    49% |###############                 | 827kB 17.0MB/s eta 0:00:01[K    49% |###############                 | 831kB 16.7MB/s eta 0:00:01[K    49% |###############                 | 835kB 15.8MB/s eta 0:00:01[K    49% |###############                 | 839kB 16.1MB/s eta 0:00:01[K    50% |################                | 843kB 17.2MB/s eta 0:00:01[K    50% |################                | 847kB 18.6MB/s eta 0:00:01[K    50% |################                | 851kB 17.7MB/s eta 0:00:01[K    50% |################                | 856kB 18.1MB/s eta 0:00:01[K    51% |################                | 860kB 19.8MB/s eta 0:00:01[K    51% |################                | 864kB 20.2MB/s eta 0:00:01[K    51% |################                | 868kB 19.4MB/s eta 0:00:01[K    51% |################                | 872kB 20.0MB/s eta 0:00:01[K    51% |################                | 876kB 21.5MB/s eta 0:00:01[K    52% |################                | 880kB 21.7MB/s eta 0:00:01[K    52% |################                | 884kB 15.4MB/s eta 0:00:01[K    52% |################                | 888kB 14.9MB/s eta 0:00:01[K    52% |################                | 892kB 15.5MB/s eta 0:00:01[K    53% |#################               | 897kB 15.4MB/s eta 0:00:01[K    53% |#################               | 901kB 12.2MB/s eta 0:00:01[K    53% |#################               | 905kB 12.1MB/s eta 0:00:01[K    53% |#################               | 909kB 12.4MB/s eta 0:00:01[K    54% |#################               | 913kB 12.4MB/s eta 0:00:01[K    54% |#################               | 917kB 11.7MB/s eta 0:00:01[K    54% |#################               | 921kB 11.5MB/s eta 0:00:01[K    54% |#################               | 925kB 14.8MB/s eta 0:00:01[K    55% |#################               | 929kB 15.1MB/s eta 0:00:01[K    55% |#################               | 933kB 14.1MB/s eta 0:00:01[K    55% |#################               | 937kB 14.2MB/s eta 0:00:01[K    55% |#################               | 942kB 18.3MB/s eta 0:00:01[K    56% |#################               | 946kB 18.7MB/s eta 0:00:01[K    56% |##################              | 950kB 18.0MB/s eta 0:00:01[K    56% |##################              | 954kB 18.1MB/s eta 0:00:01[K    56% |##################              | 958kB 20.0MB/s eta 0:00:01[K    57% |##################              | 962kB 20.1MB/s eta 0:00:01[K    57% |##################              | 966kB 12.2MB/s eta 0:00:01[K    57% |##################              | 970kB 12.2MB/s eta 0:00:01[K    57% |##################              | 974kB 12.8MB/s eta 0:00:01[K    58% |##################              | 978kB 12.6MB/s eta 0:00:01[K    58% |##################              | 983kB 12.1MB/s eta 0:00:01[K    58% |##################              | 987kB 12.0MB/s eta 0:00:01[K    58% |##################              | 991kB 12.2MB/s eta 0:00:01[K    59% |##################              | 995kB 11.9MB/s eta 0:00:01[K    59% |##################              | 999kB 11.4MB/s eta 0:00:01[K    59% |###################             | 1.0MB 11.4MB/s eta 0:00:01[K    59% |###################             | 1.0MB 18.1MB/s eta 0:00:01[K    60% |###################             | 1.0MB 17.4MB/s eta 0:00:01[K    60% |###################             | 1.0MB 16.6MB/s eta 0:00:01[K    60% |###################             | 1.0MB 16.5MB/s eta 0:00:01[K    60% |###################             | 1.0MB 17.6MB/s eta 0:00:01[K    60% |###################             | 1.0MB 17.0MB/s eta 0:00:01[K    61% |###################             | 1.0MB 16.3MB/s eta 0:00:01[K    61% |###################             | 1.0MB 16.9MB/s eta 0:00:01[K    61% |###################             | 1.0MB 18.1MB/s eta 0:00:01[K    61% |###################             | 1.0MB 18.2MB/s eta 0:00:01[K    62% |###################             | 1.0MB 17.2MB/s eta 0:00:01[K    62% |###################             | 1.1MB 16.7MB/s eta 0:00:01[K    62% |####################            | 1.1MB 17.7MB/s eta 0:00:01[K    62% |####################            | 1.1MB 18.4MB/s eta 0:00:01[K    63% |####################            | 1.1MB 17.5MB/s eta 0:00:01[K    63% |####################            | 1.1MB 18.2MB/s eta 0:00:01[K    63% |####################            | 1.1MB 19.4MB/s eta 0:00:01[K    63% |####################            | 1.1MB 19.4MB/s eta 0:00:01[K    64% |####################            | 1.1MB 18.7MB/s eta 0:00:01[K    64% |####################            | 1.1MB 18.4MB/s eta 0:00:01[K    64% |####################            | 1.1MB 19.6MB/s eta 0:00:01[K    64% |####################            | 1.1MB 21.3MB/s eta 0:00:01[K    65% |####################            | 1.1MB 19.4MB/s eta 0:00:01[K    65% |####################            | 1.1MB 19.1MB/s eta 0:00:01[K    65% |####################            | 1.1MB 20.1MB/s eta 0:00:01[K    65% |#####################           | 1.1MB 19.5MB/s eta 0:00:01[K    66% |#####################           | 1.1MB 18.6MB/s eta 0:00:01[K    66% |#####################           | 1.1MB 18.5MB/s eta 0:00:01[K    66% |#####################           | 1.1MB 19.0MB/s eta 0:00:01[K    66% |#####################           | 1.1MB 19.1MB/s eta 0:00:01[K    67% |#####################           | 1.1MB 17.5MB/s eta 0:00:01[K    67% |#####################           | 1.1MB 17.3MB/s eta 0:00:01[K    67% |#####################           | 1.1MB 18.6MB/s eta 0:00:01[K    67% |#####################           | 1.1MB 18.6MB/s eta 0:00:01[K    68% |#####################           | 1.1MB 16.9MB/s eta 0:00:01[K    68% |#####################           | 1.2MB 17.3MB/s eta 0:00:01[K    68% |#####################           | 1.2MB 17.9MB/s eta 0:00:01[K    68% |######################          | 1.2MB 17.8MB/s eta 0:00:01[K    68% |######################          | 1.2MB 17.1MB/s eta 0:00:01[K    69% |######################          | 1.2MB 17.2MB/s eta 0:00:01[K    69% |######################          | 1.2MB 18.8MB/s eta 0:00:01[K    69% |######################          | 1.2MB 19.1MB/s eta 0:00:01[K    69% |######################          | 1.2MB 18.6MB/s eta 0:00:01[K    70% |######################          | 1.2MB 18.8MB/s eta 0:00:01[K    70% |######################          | 1.2MB 21.2MB/s eta 0:00:01[K    70% |######################          | 1.2MB 21.3MB/s eta 0:00:01[K    70% |######################          | 1.2MB 20.4MB/s eta 0:00:01[K    71% |######################          | 1.2MB 20.6MB/s eta 0:00:01[K    71% |######################          | 1.2MB 22.0MB/s eta 0:00:01[K    71% |######################          | 1.2MB 22.1MB/s eta 0:00:01[K    71% |#######################         | 1.2MB 15.4MB/s eta 0:00:01[K    72% |#######################         | 1.2MB 15.3MB/s eta 0:00:01[K    72% |#######################         | 1.2MB 15.7MB/s eta 0:00:01[K    72% |#######################         | 1.2MB 15.4MB/s eta 0:00:01[K    72% |#######################         | 1.2MB 14.4MB/s eta 0:00:01[K    73% |#######################         | 1.2MB 14.2MB/s eta 0:00:01[K    73% |#######################         | 1.2MB 14.8MB/s eta 0:00:01[K    73% |#######################         | 1.2MB 14.6MB/s eta 0:00:01[K    73% |#######################         | 1.2MB 13.5MB/s eta 0:00:01[K    74% |#######################         | 1.2MB 13.4MB/s eta 0:00:01[K    74% |#######################         | 1.3MB 18.0MB/s eta 0:00:01[K    74% |#######################         | 1.3MB 18.2MB/s eta 0:00:01[K    74% |#######################         | 1.3MB 16.4MB/s eta 0:00:01[K    75% |########################        | 1.3MB 16.6MB/s eta 0:00:01[K    75% |########################        | 1.3MB 17.8MB/s eta 0:00:01[K    75% |########################        | 1.3MB 17.9MB/s eta 0:00:01[K    75% |########################        | 1.3MB 17.0MB/s eta 0:00:01[K    76% |########################        | 1.3MB 17.2MB/s eta 0:00:01[K    76% |########################        | 1.3MB 18.9MB/s eta 0:00:01[K    76% |########################        | 1.3MB 19.1MB/s eta 0:00:01[K    76% |########################        | 1.3MB 18.2MB/s eta 0:00:01[K    77% |########################        | 1.3MB 18.1MB/s eta 0:00:01[K    77% |########################        | 1.3MB 20.5MB/s eta 0:00:01[K    77% |########################        | 1.3MB 20.6MB/s eta 0:00:01[K    77% |########################        | 1.3MB 15.3MB/s eta 0:00:01[K    77% |########################        | 1.3MB 15.2MB/s eta 0:00:01[K    78% |#########################       | 1.3MB 15.7MB/s eta 0:00:01[K    78% |#########################       | 1.3MB 14.8MB/s eta 0:00:01[K    78% |#########################       | 1.3MB 14.2MB/s eta 0:00:01[K    78% |#########################       | 1.3MB 13.5MB/s eta 0:00:01[K    79% |#########################       | 1.3MB 13.7MB/s eta 0:00:01[K    79% |#########################       | 1.3MB 13.5MB/s eta 0:00:01[K    79% |#########################       | 1.3MB 12.4MB/s eta 0:00:01[K    79% |#########################       | 1.3MB 12.3MB/s eta 0:00:01[K    80% |#########################       | 1.4MB 15.0MB/s eta 0:00:01[K    80% |#########################       | 1.4MB 14.9MB/s eta 0:00:01[K    80% |#########################       | 1.4MB 14.4MB/s eta 0:00:01[K    80% |#########################       | 1.4MB 15.3MB/s eta 0:00:01[K    81% |#########################       | 1.4MB 15.9MB/s eta 0:00:01[K    81% |##########################      | 1.4MB 16.8MB/s eta 0:00:01[K    81% |##########################      | 1.4MB 16.7MB/s eta 0:00:01[K    81% |##########################      | 1.4MB 16.9MB/s eta 0:00:01[K    82% |##########################      | 1.4MB 17.5MB/s eta 0:00:01[K    82% |##########################      | 1.4MB 17.1MB/s eta 0:00:01[K    82% |##########################      | 1.4MB 16.6MB/s eta 0:00:01[K    82% |##########################      | 1.4MB 16.8MB/s eta 0:00:01[K    83% |##########################      | 1.4MB 17.5MB/s eta 0:00:01[K    83% |##########################      | 1.4MB 17.5MB/s eta 0:00:01[K    83% |##########################      | 1.4MB 17.0MB/s eta 0:00:01[K    83% |##########################      | 1.4MB 17.0MB/s eta 0:00:01[K    84% |##########################      | 1.4MB 17.7MB/s eta 0:00:01[K    84% |##########################      | 1.4MB 17.9MB/s eta 0:00:01[K    84% |###########################     | 1.4MB 18.4MB/s eta 0:00:01[K    84% |###########################     | 1.4MB 18.8MB/s eta 0:00:01[K    85% |###########################     | 1.4MB 20.4MB/s eta 0:00:01[K    85% |###########################     | 1.4MB 20.2MB/s eta 0:00:01[K    85% |###########################     | 1.4MB 17.7MB/s eta 0:00:01[K    85% |###########################     | 1.4MB 16.9MB/s eta 0:00:01[K    86% |###########################     | 1.4MB 17.5MB/s eta 0:00:01[K    86% |###########################     | 1.5MB 17.3MB/s eta 0:00:01[K    86% |###########################     | 1.5MB 15.7MB/s eta 0:00:01[K    86% |###########################     | 1.5MB 15.6MB/s eta 0:00:01[K    86% |###########################     | 1.5MB 16.5MB/s eta 0:00:01[K    87% |###########################     | 1.5MB 16.4MB/s eta 0:00:01[K    87% |###########################     | 1.5MB 14.9MB/s eta 0:00:01[K    87% |############################    | 1.5MB 14.9MB/s eta 0:00:01[K    87% |############################    | 1.5MB 16.7MB/s eta 0:00:01[K    88% |############################    | 1.5MB 17.0MB/s eta 0:00:01[K    88% |############################    | 1.5MB 15.9MB/s eta 0:00:01[K    88% |############################    | 1.5MB 16.2MB/s eta 0:00:01[K    88% |############################    | 1.5MB 17.9MB/s eta 0:00:01[K    89% |############################    | 1.5MB 17.9MB/s eta 0:00:01[K    89% |############################    | 1.5MB 17.1MB/s eta 0:00:01[K    89% |############################    | 1.5MB 17.2MB/s eta 0:00:01[K    89% |############################    | 1.5MB 19.4MB/s eta 0:00:01[K    90% |############################    | 1.5MB 19.5MB/s eta 0:00:01[K    90% |############################    | 1.5MB 18.9MB/s eta 0:00:01[K    90% |############################    | 1.5MB 19.3MB/s eta 0:00:01[K    90% |#############################   | 1.5MB 21.0MB/s eta 0:00:01[K    91% |#############################   | 1.5MB 21.0MB/s eta 0:00:01[K    91% |#############################   | 1.5MB 19.9MB/s eta 0:00:01[K    91% |#############################   | 1.5MB 19.3MB/s eta 0:00:01[K    91% |#############################   | 1.5MB 20.0MB/s eta 0:00:01[K    92% |#############################   | 1.6MB 20.1MB/s eta 0:00:01[K    92% |#############################   | 1.6MB 18.9MB/s eta 0:00:01[K    92% |#############################   | 1.6MB 18.2MB/s eta 0:00:01[K    92% |#############################   | 1.6MB 18.3MB/s eta 0:00:01[K    93% |#############################   | 1.6MB 18.1MB/s eta 0:00:01[K    93% |#############################   | 1.6MB 17.0MB/s eta 0:00:01[K    93% |#############################   | 1.6MB 17.0MB/s eta 0:00:01[K    93% |##############################  | 1.6MB 16.9MB/s eta 0:00:01[K    94% |##############################  | 1.6MB 16.6MB/s eta 0:00:01[K    94% |##############################  | 1.6MB 16.1MB/s eta 0:00:01[K    94% |##############################  | 1.6MB 16.3MB/s eta 0:00:01[K    94% |##############################  | 1.6MB 17.5MB/s eta 0:00:01[K    94% |##############################  | 1.6MB 18.4MB/s eta 0:00:01[K    95% |##############################  | 1.6MB 18.6MB/s eta 0:00:01[K    95% |##############################  | 1.6MB 19.5MB/s eta 0:00:01[K    95% |##############################  | 1.6MB 21.4MB/s eta 0:00:01[K    95% |##############################  | 1.6MB 22.0MB/s eta 0:00:01[K    96% |##############################  | 1.6MB 23.0MB/s eta 0:00:01[K    96% |##############################  | 1.6MB 25.1MB/s eta 0:00:01[K    96% |##############################  | 1.6MB 27.5MB/s eta 0:00:01[K    96% |############################### | 1.6MB 27.7MB/s eta 0:00:01[K    97% |############################### | 1.6MB 26.5MB/s eta 0:00:01[K    97% |############################### | 1.6MB 26.9MB/s eta 0:00:01[K    97% |############################### | 1.6MB 28.2MB/s eta 0:00:01[K    97% |############################### | 1.7MB 27.4MB/s eta 0:00:01[K    98% |############################### | 1.7MB 25.7MB/s eta 0:00:01[K    98% |############################### | 1.7MB 25.6MB/s eta 0:00:01[K    98% |############################### | 1.7MB 26.9MB/s eta 0:00:01[K    98% |############################### | 1.7MB 27.3MB/s eta 0:00:01[K    99% |############################### | 1.7MB 26.2MB/s eta 0:00:01[K    99% |############################### | 1.7MB 26.2MB/s eta 0:00:01[K    99% |############################### | 1.7MB 27.4MB/s eta 0:00:01[K    99% |############################### | 1.7MB 27.0MB/s eta 0:00:01[K    100% |################################| 1.7MB 191kB/s 
[?25hRequirement already satisfied (use --upgrade to upgrade): py>=1.4.17 in /home/travis/virtualenv/python2.7.9/lib/python2.7/site-packages (from tox)
Collecting pluggy<0.4.0,>=0.3.0 (from tox)
  Downloading pluggy-0.3.0-py2.py3-none-any.whl
Installing collected packages: pluggy, virtualenv, tox



Successfully installed pluggy-0.3.0 tox-2.1.0 virtualenv-13.0.3
travis_time:end:014d9fc8:start=1434740705660948223,finish=1434740707146141301,duration=1485193078[0Ktravis_fold:end:install.1[0Ktravis_fold:start:install.2[0Ktravis_time:start:2247c356[0K$ pip install coveralls
[33mYou are using pip version 6.0.7, however version 7.0.3 is available.
You should consider upgrading via the 'pip install --upgrade pip' command.[0m
Collecting coveralls
  Downloading coveralls-0.5.zip
Collecting PyYAML>=3.10 (from coveralls)
  Downloading PyYAML-3.11.tar.gz (248kB)
[?25l[K    1% |                                | 4.1kB 22.1MB/s eta 0:00:01[K    3% |#                               | 8.2kB 17.7MB/s eta 0:00:01[K    4% |#                               | 12kB 18.8MB/s eta 0:00:01[K    6% |##                              | 16kB 16.6MB/s eta 0:00:01[K    8% |##                              | 20kB 17.1MB/s eta 0:00:01[K    9% |###                             | 24kB 17.7MB/s eta 0:00:01[K    11% |###                             | 28kB 18.0MB/s eta 0:00:01[K    13% |####                            | 32kB 12.7MB/s eta 0:00:01[K    14% |####                            | 36kB 13.2MB/s eta 0:00:01[K    16% |#####                           | 40kB 13.8MB/s eta 0:00:01[K    18% |#####                           | 45kB 13.8MB/s eta 0:00:01[K    19% |######                          | 49kB 12.2MB/s eta 0:00:01[K    21% |######                          | 53kB 11.8MB/s eta 0:00:01[K    23% |#######                         | 57kB 12.4MB/s eta 0:00:01[K    24% |#######                         | 61kB 12.4MB/s eta 0:00:01[K    26% |########                        | 65kB 12.0MB/s eta 0:00:01[K    28% |########                        | 69kB 11.9MB/s eta 0:00:01[K    29% |#########                       | 73kB 15.4MB/s eta 0:00:01[K    31% |##########                      | 77kB 15.6MB/s eta 0:00:01[K    32% |##########                      | 81kB 11.9MB/s eta 0:00:01[K    34% |###########                     | 86kB 11.8MB/s eta 0:00:01[K    36% |###########                     | 90kB 13.4MB/s eta 0:00:01[K    37% |############                    | 94kB 13.9MB/s eta 0:00:01[K    39% |############                    | 98kB 13.4MB/s eta 0:00:01[K    41% |#############                   | 102kB 13.4MB/s eta 0:00:01[K    42% |#############                   | 106kB 13.3MB/s eta 0:00:01[K    44% |##############                  | 110kB 13.4MB/s eta 0:00:01[K    46% |##############                  | 114kB 13.0MB/s eta 0:00:01[K    47% |###############                 | 118kB 12.9MB/s eta 0:00:01[K    49% |###############                 | 122kB 16.7MB/s eta 0:00:01[K    51% |################                | 126kB 17.0MB/s eta 0:00:01[K    52% |################                | 131kB 16.3MB/s eta 0:00:01[K    54% |#################               | 135kB 16.1MB/s eta 0:00:01[K    56% |#################               | 139kB 16.1MB/s eta 0:00:01[K    57% |##################              | 143kB 16.1MB/s eta 0:00:01[K    59% |##################              | 147kB 16.4MB/s eta 0:00:01[K    60% |###################             | 151kB 16.5MB/s eta 0:00:01[K    62% |####################            | 155kB 17.0MB/s eta 0:00:01[K    64% |####################            | 159kB 17.0MB/s eta 0:00:01[K    65% |#####################           | 163kB 13.3MB/s eta 0:00:01[K    67% |#####################           | 167kB 13.2MB/s eta 0:00:01[K    69% |######################          | 172kB 13.8MB/s eta 0:00:01[K    70% |######################          | 176kB 13.8MB/s eta 0:00:01[K    72% |#######################         | 180kB 13.4MB/s eta 0:00:01[K    74% |#######################         | 184kB 13.3MB/s eta 0:00:01[K    75% |########################        | 188kB 13.3MB/s eta 0:00:01[K    77% |########################        | 192kB 13.2MB/s eta 0:00:01[K    79% |#########################       | 196kB 12.8MB/s eta 0:00:01[K    80% |#########################       | 200kB 12.8MB/s eta 0:00:01[K    82% |##########################      | 204kB 16.2MB/s eta 0:00:01[K    84% |##########################      | 208kB 16.1MB/s eta 0:00:01[K    85% |###########################     | 212kB 15.1MB/s eta 0:00:01[K    87% |###########################     | 217kB 15.1MB/s eta 0:00:01[K    88% |############################    | 221kB 15.9MB/s eta 0:00:01[K    90% |############################    | 225kB 15.9MB/s eta 0:00:01[K    92% |#############################   | 229kB 15.9MB/s eta 0:00:01[K    93% |##############################  | 233kB 15.9MB/s eta 0:00:01[K    95% |##############################  | 237kB 16.9MB/s eta 0:00:01[K    97% |############################### | 241kB 17.1MB/s eta 0:00:01[K    98% |############################### | 245kB 17.0MB/s eta 0:00:01[K    100% |################################| 249kB 1.1MB/s 
[?25hCollecting docopt>=0.6.1 (from coveralls)
  Downloading docopt-0.6.2.tar.gz
Collecting coverage<3.999,>=3.6 (from coveralls)
  Downloading coverage-3.7.1.tar.gz (284kB)
[?25l[K    1% |                                | 4.1kB 29.5MB/s eta 0:00:01[K    2% |                                | 8.2kB 25.0MB/s eta 0:00:01[K    4% |#                               | 12kB 26.3MB/s eta 0:00:01[K    5% |#                               | 16kB 13.4MB/s eta 0:00:01[K    7% |##                              | 20kB 14.3MB/s eta 0:00:01[K    8% |##                              | 24kB 15.7MB/s eta 0:00:01[K    10% |###                             | 28kB 16.9MB/s eta 0:00:01[K    11% |###                             | 32kB 16.8MB/s eta 0:00:01[K    12% |####                            | 36kB 17.6MB/s eta 0:00:01[K    14% |####                            | 40kB 18.3MB/s eta 0:00:01[K    15% |#####                           | 45kB 18.3MB/s eta 0:00:01[K    17% |#####                           | 49kB 17.7MB/s eta 0:00:01[K    18% |#####                           | 53kB 17.4MB/s eta 0:00:01[K    20% |######                          | 57kB 23.6MB/s eta 0:00:01[K    21% |######                          | 61kB 24.6MB/s eta 0:00:01[K    23% |#######                         | 65kB 23.4MB/s eta 0:00:01[K    24% |#######                         | 69kB 23.0MB/s eta 0:00:01[K    25% |########                        | 73kB 24.5MB/s eta 0:00:01[K    27% |########                        | 77kB 23.7MB/s eta 0:00:01[K    28% |#########                       | 81kB 17.2MB/s eta 0:00:01[K    30% |#########                       | 86kB 16.4MB/s eta 0:00:01[K    31% |##########                      | 90kB 17.2MB/s eta 0:00:01[K    33% |##########                      | 94kB 17.3MB/s eta 0:00:01[K    34% |###########                     | 98kB 15.8MB/s eta 0:00:01[K    35% |###########                     | 102kB 15.6MB/s eta 0:00:01[K    37% |###########                     | 106kB 15.9MB/s eta 0:00:01[K    38% |############                    | 110kB 16.0MB/s eta 0:00:01[K    40% |############                    | 114kB 12.3MB/s eta 0:00:01[K    41% |#############                   | 118kB 12.5MB/s eta 0:00:01[K    43% |#############                   | 122kB 15.8MB/s eta 0:00:01[K    44% |##############                  | 126kB 16.6MB/s eta 0:00:01[K    46% |##############                  | 131kB 12.9MB/s eta 0:00:01[K    47% |###############                 | 135kB 13.0MB/s eta 0:00:01[K    48% |###############                 | 139kB 14.1MB/s eta 0:00:01[K    50% |################                | 143kB 14.2MB/s eta 0:00:01[K    51% |################                | 147kB 12.7MB/s eta 0:00:01[K    53% |#################               | 151kB 12.8MB/s eta 0:00:01[K    54% |#################               | 155kB 16.8MB/s eta 0:00:01[K    56% |#################               | 159kB 16.8MB/s eta 0:00:01[K    57% |##################              | 163kB 13.2MB/s eta 0:00:01[K    58% |##################              | 167kB 13.1MB/s eta 0:00:01[K    60% |###################             | 172kB 16.9MB/s eta 0:00:01[K    61% |###################             | 176kB 16.9MB/s eta 0:00:01[K    63% |####################            | 180kB 12.1MB/s eta 0:00:01[K    64% |####################            | 184kB 12.0MB/s eta 0:00:01[K    66% |#####################           | 188kB 13.3MB/s eta 0:00:01[K    67% |#####################           | 192kB 13.3MB/s eta 0:00:01[K    69% |######################          | 196kB 12.8MB/s eta 0:00:01[K    70% |######################          | 200kB 12.7MB/s eta 0:00:01[K    71% |#######################         | 204kB 15.7MB/s eta 0:00:01[K    73% |#######################         | 208kB 15.8MB/s eta 0:00:01[K    74% |#######################         | 212kB 12.6MB/s eta 0:00:01[K    76% |########################        | 217kB 12.4MB/s eta 0:00:01[K    77% |########################        | 221kB 17.4MB/s eta 0:00:01[K    79% |#########################       | 225kB 17.7MB/s eta 0:00:01[K    80% |#########################       | 229kB 15.5MB/s eta 0:00:01[K    81% |##########################      | 233kB 15.5MB/s eta 0:00:01[K    83% |##########################      | 237kB 16.4MB/s eta 0:00:01[K    84% |###########################     | 241kB 16.5MB/s eta 0:00:01[K    86% |###########################     | 245kB 12.4MB/s eta 0:00:01[K    87% |############################    | 249kB 12.5MB/s eta 0:00:01[K    89% |############################    | 253kB 15.6MB/s eta 0:00:01[K    90% |#############################   | 258kB 16.1MB/s eta 0:00:01[K    92% |#############################   | 262kB 13.3MB/s eta 0:00:01[K    93% |#############################   | 266kB 13.1MB/s eta 0:00:01[K    94% |##############################  | 270kB 14.8MB/s eta 0:00:01[K    96% |##############################  | 274kB 14.9MB/s eta 0:00:01[K    97% |############################### | 278kB 14.5MB/s eta 0:00:01[K    99% |############################### | 282kB 14.4MB/s eta 0:00:01[K    100% |################################| 286kB 1.1MB/s 
[?25hCollecting requests>=1.0.0 (from coveralls)
  Downloading requests-2.7.0-py2.py3-none-any.whl (470kB)
[?25l[K    0% |                                | 4.1kB 23.7MB/s eta 0:00:01[K    1% |                                | 8.2kB 19.5MB/s eta 0:00:01[K    2% |                                | 12kB 19.1MB/s eta 0:00:01[K    3% |#                               | 16kB 16.8MB/s eta 0:00:01[K    4% |#                               | 20kB 17.2MB/s eta 0:00:01[K    5% |#                               | 24kB 17.7MB/s eta 0:00:01[K    6% |#                               | 28kB 17.5MB/s eta 0:00:01[K    6% |##                              | 32kB 16.9MB/s eta 0:00:01[K    7% |##                              | 36kB 17.1MB/s eta 0:00:01[K    8% |##                              | 40kB 16.4MB/s eta 0:00:01[K    9% |###                             | 45kB 16.0MB/s eta 0:00:01[K    10% |###                             | 49kB 15.6MB/s eta 0:00:01[K    11% |###                             | 53kB 15.8MB/s eta 0:00:01[K    12% |###                             | 57kB 16.8MB/s eta 0:00:01[K    13% |####                            | 61kB 16.8MB/s eta 0:00:01[K    13% |####                            | 65kB 13.4MB/s eta 0:00:01[K    14% |####                            | 69kB 13.1MB/s eta 0:00:01[K    15% |#####                           | 73kB 13.6MB/s eta 0:00:01[K    16% |#####                           | 77kB 13.8MB/s eta 0:00:01[K    17% |#####                           | 81kB 14.0MB/s eta 0:00:01[K    18% |#####                           | 86kB 13.9MB/s eta 0:00:01[K    19% |######                          | 90kB 14.4MB/s eta 0:00:01[K    20% |######                          | 94kB 14.2MB/s eta 0:00:01[K    20% |######                          | 98kB 11.5MB/s eta 0:00:01[K    21% |######                          | 102kB 11.5MB/s eta 0:00:01[K    22% |#######                         | 106kB 14.1MB/s eta 0:00:01[K    23% |#######                         | 110kB 14.7MB/s eta 0:00:01[K    24% |#######                         | 114kB 14.2MB/s eta 0:00:01[K    25% |########                        | 118kB 14.1MB/s eta 0:00:01[K    26% |########                        | 122kB 14.6MB/s eta 0:00:01[K    26% |########                        | 126kB 14.4MB/s eta 0:00:01[K    27% |########                        | 131kB 14.0MB/s eta 0:00:01[K    28% |#########                       | 135kB 14.2MB/s eta 0:00:01[K    29% |#########                       | 139kB 18.2MB/s eta 0:00:01[K    30% |#########                       | 143kB 18.2MB/s eta 0:00:01[K    31% |##########                      | 147kB 14.5MB/s eta 0:00:01[K    32% |##########                      | 151kB 13.9MB/s eta 0:00:01[K    33% |##########                      | 155kB 14.2MB/s eta 0:00:01[K    33% |##########                      | 159kB 14.3MB/s eta 0:00:01[K    34% |###########                     | 163kB 13.7MB/s eta 0:00:01[K    35% |###########                     | 167kB 14.1MB/s eta 0:00:01[K    36% |###########                     | 172kB 14.4MB/s eta 0:00:01[K    37% |###########                     | 176kB 14.6MB/s eta 0:00:01[K    38% |############                    | 180kB 11.4MB/s eta 0:00:01[K    39% |############                    | 184kB 11.4MB/s eta 0:00:01[K    40% |############                    | 188kB 13.6MB/s eta 0:00:01[K    40% |#############                   | 192kB 14.4MB/s eta 0:00:01[K    41% |#############                   | 196kB 14.1MB/s eta 0:00:01[K    42% |#############                   | 200kB 14.3MB/s eta 0:00:01[K    43% |#############                   | 204kB 15.1MB/s eta 0:00:01[K    44% |##############                  | 208kB 15.3MB/s eta 0:00:01[K    45% |##############                  | 212kB 14.3MB/s eta 0:00:01[K    46% |##############                  | 217kB 14.0MB/s eta 0:00:01[K    46% |###############                 | 221kB 19.5MB/s eta 0:00:01[K    47% |###############                 | 225kB 19.7MB/s eta 0:00:01[K    48% |###############                 | 229kB 18.8MB/s eta 0:00:01[K    49% |###############                 | 233kB 18.5MB/s eta 0:00:01[K    50% |################                | 237kB 19.3MB/s eta 0:00:01[K    51% |################                | 241kB 19.0MB/s eta 0:00:01[K    52% |################                | 245kB 12.8MB/s eta 0:00:01[K    53% |################                | 249kB 12.8MB/s eta 0:00:01[K    53% |#################               | 253kB 13.7MB/s eta 0:00:01[K    54% |#################               | 258kB 13.8MB/s eta 0:00:01[K    55% |#################               | 262kB 13.5MB/s eta 0:00:01[K    56% |##################              | 266kB 13.4MB/s eta 0:00:01[K    57% |##################              | 270kB 13.9MB/s eta 0:00:01[K    58% |##################              | 274kB 13.6MB/s eta 0:00:01[K    59% |##################              | 278kB 13.3MB/s eta 0:00:01[K    60% |###################             | 282kB 13.5MB/s eta 0:00:01[K    60% |###################             | 286kB 20.5MB/s eta 0:00:01[K    61% |###################             | 290kB 20.7MB/s eta 0:00:01[K    62% |####################            | 294kB 19.4MB/s eta 0:00:01[K    63% |####################            | 299kB 19.6MB/s eta 0:00:01[K    64% |####################            | 303kB 20.5MB/s eta 0:00:01[K    65% |####################            | 307kB 20.6MB/s eta 0:00:01[K    66% |#####################           | 311kB 19.3MB/s eta 0:00:01[K    67% |#####################           | 315kB 19.6MB/s eta 0:00:01[K    67% |#####################           | 319kB 20.7MB/s eta 0:00:01[K    68% |######################          | 323kB 20.3MB/s eta 0:00:01[K    69% |######################          | 327kB 9.7MB/s eta 0:00:01[K    70% |######################          | 331kB 9.6MB/s eta 0:00:01[K    71% |######################          | 335kB 10.0MB/s eta 0:00:01[K    72% |#######################         | 339kB 10.1MB/s eta 0:00:01[K    73% |#######################         | 344kB 9.5MB/s eta 0:00:01[K    73% |#######################         | 348kB 9.5MB/s eta 0:00:01[K    74% |#######################         | 352kB 9.8MB/s eta 0:00:01[K    75% |########################        | 356kB 9.9MB/s eta 0:00:01[K    76% |########################        | 360kB 6.9MB/s eta 0:00:01[K    77% |########################        | 364kB 6.9MB/s eta 0:00:01[K    78% |#########################       | 368kB 11.1MB/s eta 0:00:01[K    79% |#########################       | 372kB 11.2MB/s eta 0:00:01[K    80% |#########################       | 376kB 8.9MB/s eta 0:00:01[K    80% |#########################       | 380kB 8.9MB/s eta 0:00:01[K    81% |##########################      | 385kB 9.4MB/s eta 0:00:01[K    82% |##########################      | 389kB 9.4MB/s eta 0:00:01[K    83% |##########################      | 393kB 8.7MB/s eta 0:00:01[K    84% |###########################     | 397kB 8.6MB/s eta 0:00:01[K    85% |###########################     | 401kB 13.6MB/s eta 0:00:01[K    86% |###########################     | 405kB 13.7MB/s eta 0:00:01[K    87% |###########################     | 409kB 13.2MB/s eta 0:00:01[K    87% |############################    | 413kB 13.2MB/s eta 0:00:01[K    88% |############################    | 417kB 18.9MB/s eta 0:00:01[K    89% |############################    | 421kB 19.1MB/s eta 0:00:01[K    90% |############################    | 425kB 11.0MB/s eta 0:00:01[K    91% |#############################   | 430kB 10.9MB/s eta 0:00:01[K    92% |#############################   | 434kB 12.2MB/s eta 0:00:01[K    93% |#############################   | 438kB 12.3MB/s eta 0:00:01[K    93% |##############################  | 442kB 12.0MB/s eta 0:00:01[K    94% |##############################  | 446kB 12.0MB/s eta 0:00:01[K    95% |##############################  | 450kB 12.3MB/s eta 0:00:01[K    96% |##############################  | 454kB 12.2MB/s eta 0:00:01[K    97% |############################### | 458kB 11.9MB/s eta 0:00:01[K    98% |############################### | 462kB 11.9MB/s eta 0:00:01[K    99% |############################### | 466kB 22.1MB/s eta 0:00:01[K    100% |################################| 471kB 629kB/s 
[?25hInstalling collected packages: requests, coverage, docopt, PyYAML, coveralls

  Running setup.py install for coverage
    building 'coverage.tracer' extension
    gcc -pthread -fno-strict-aliasing -g -fstack-protector --param=ssp-buffer-size=4 -Wformat -Werror=format-security -DNDEBUG -g -fwrapv -O3 -Wall -Wstrict-prototypes -fPIC -I/opt/python/2.7.9/include/python2.7 -c coverage/tracer.c -o build/temp.linux-x86_64-2.7/coverage/tracer.o
    gcc -pthread -shared -L/opt/python/2.7.9/lib -Wl,-rpath=/opt/python/2.7.9/lib build/temp.linux-x86_64-2.7/coverage/tracer.o -L/opt/python/2.7.9/lib -lpython2.7 -o build/lib.linux-x86_64-2.7/coverage/tracer.so
    Installing coverage2 script to /home/travis/virtualenv/python2.7.9/bin
    Installing coverage-2.7 script to /home/travis/virtualenv/python2.7.9/bin
    Installing coverage script to /home/travis/virtualenv/python2.7.9/bin
  Running setup.py install for docopt
  Running setup.py install for PyYAML
    checking if libyaml is compilable
    gcc -pthread -fno-strict-aliasing -g -fstack-protector --param=ssp-buffer-size=4 -Wformat -Werror=format-security -DNDEBUG -g -fwrapv -O3 -Wall -Wstrict-prototypes -fPIC -I/opt/python/2.7.9/include/python2.7 -c build/temp.linux-x86_64-2.7/check_libyaml.c -o build/temp.linux-x86_64-2.7/check_libyaml.o
    checking if libyaml is linkable
    gcc -pthread build/temp.linux-x86_64-2.7/check_libyaml.o -L/opt/python/2.7.9/lib -lyaml -o build/temp.linux-x86_64-2.7/check_libyaml
    building '_yaml' extension
    gcc -pthread -fno-strict-aliasing -g -fstack-protector --param=ssp-buffer-size=4 -Wformat -Werror=format-security -DNDEBUG -g -fwrapv -O3 -Wall -Wstrict-prototypes -fPIC -I/opt/python/2.7.9/include/python2.7 -c ext/_yaml.c -o build/temp.linux-x86_64-2.7/ext/_yaml.o
    In file included from ext/_yaml.c:343:0:
    ext/_yaml.h:6:0: warning: "PyUnicode_FromString" redefined [enabled by default]
    /opt/python/2.7.9/include/python2.7/unicodeobject.h:281:0: note: this is the location of the previous definition
    ext/_yaml.c: In function ‘__pyx_pf_5_yaml_get_version_string’:
    ext/_yaml.c:1346:17: warning: assignment discards ‘const’ qualifier from pointer target type [enabled by default]
    ext/_yaml.c: In function ‘__pyx_pf_5_yaml_7CParser___init__’:
    ext/_yaml.c:2471:5: warning: passing argument 2 of ‘yaml_parser_set_input’ from incompatible pointer type [enabled by default]
    /usr/include/yaml.h:1367:1: note: expected ‘int (*)(void *, unsigned char *, size_t,  size_t *)’ but argument is of type ‘int (*)(void *, char *, int,  int *)’
    ext/_yaml.c:2664:5: warning: pointer targets in passing argument 2 of ‘yaml_parser_set_input_string’ differ in signedness [-Wpointer-sign]
    /usr/include/yaml.h:1341:1: note: expected ‘const unsigned char *’ but argument is of type ‘char *’
    ext/_yaml.c: In function ‘__pyx_f_5_yaml_7CParser__token_to_object’:
    ext/_yaml.c:4183:5: warning: pointer targets in passing argument 1 of ‘strlen’ differ in signedness [-Wpointer-sign]
    /usr/include/string.h:399:15: note: expected ‘const char *’ but argument is of type ‘yaml_char_t *’
    ext/_yaml.c:4183:5: warning: pointer targets in passing argument 1 of ‘PyUnicodeUCS4_DecodeUTF8’ differ in signedness [-Wpointer-sign]
    /opt/python/2.7.9/include/python2.7/unicodeobject.h:750:23: note: expected ‘const char *’ but argument is of type ‘yaml_char_t *’
    ext/_yaml.c:4195:5: warning: pointer targets in passing argument 1 of ‘strlen’ differ in signedness [-Wpointer-sign]
    /usr/include/string.h:399:15: note: expected ‘const char *’ but argument is of type ‘yaml_char_t *’
    ext/_yaml.c:4195:5: warning: pointer targets in passing argument 1 of ‘PyUnicodeUCS4_DecodeUTF8’ differ in signedness [-Wpointer-sign]
    /opt/python/2.7.9/include/python2.7/unicodeobject.h:750:23: note: expected ‘const char *’ but argument is of type ‘yaml_char_t *’
    ext/_yaml.c:4741:5: warning: pointer targets in passing argument 1 of ‘strlen’ differ in signedness [-Wpointer-sign]
    /usr/include/string.h:399:15: note: expected ‘const char *’ but argument is of type ‘yaml_char_t *’
    ext/_yaml.c:4741:5: warning: pointer targets in passing argument 1 of ‘PyUnicodeUCS4_DecodeUTF8’ differ in signedness [-Wpointer-sign]
    /opt/python/2.7.9/include/python2.7/unicodeobject.h:750:23: note: expected ‘const char *’ but argument is of type ‘yaml_char_t *’
    ext/_yaml.c:4792:5: warning: pointer targets in passing argument 1 of ‘strlen’ differ in signedness [-Wpointer-sign]
    /usr/include/string.h:399:15: note: expected ‘const char *’ but argument is of type ‘yaml_char_t *’
    ext/_yaml.c:4792:5: warning: pointer targets in passing argument 1 of ‘PyUnicodeUCS4_DecodeUTF8’ differ in signedness [-Wpointer-sign]
    /opt/python/2.7.9/include/python2.7/unicodeobject.h:750:23: note: expected ‘const char *’ but argument is of type ‘yaml_char_t *’
    ext/_yaml.c:4843:5: warning: pointer targets in passing argument 1 of ‘strlen’ differ in signedness [-Wpointer-sign]
    /usr/include/string.h:399:15: note: expected ‘const char *’ but argument is of type ‘yaml_char_t *’
    ext/_yaml.c:4843:5: warning: pointer targets in passing argument 1 of ‘PyUnicodeUCS4_DecodeUTF8’ differ in signedness [-Wpointer-sign]
    /opt/python/2.7.9/include/python2.7/unicodeobject.h:750:23: note: expected ‘const char *’ but argument is of type ‘yaml_char_t *’
    ext/_yaml.c:4855:5: warning: pointer targets in passing argument 1 of ‘strlen’ differ in signedness [-Wpointer-sign]
    /usr/include/string.h:399:15: note: expected ‘const char *’ but argument is of type ‘yaml_char_t *’
    ext/_yaml.c:4855:5: warning: pointer targets in passing argument 1 of ‘PyUnicodeUCS4_DecodeUTF8’ differ in signedness [-Wpointer-sign]
    /opt/python/2.7.9/include/python2.7/unicodeobject.h:750:23: note: expected ‘const char *’ but argument is of type ‘yaml_char_t *’
    ext/_yaml.c:4938:5: warning: pointer targets in passing argument 1 of ‘PyUnicodeUCS4_DecodeUTF8’ differ in signedness [-Wpointer-sign]
    /opt/python/2.7.9/include/python2.7/unicodeobject.h:750:23: note: expected ‘const char *’ but argument is of type ‘yaml_char_t *’
    ext/_yaml.c: In function ‘__pyx_f_5_yaml_7CParser__event_to_object’:
    ext/_yaml.c:6435:9: warning: pointer targets in passing argument 1 of ‘strlen’ differ in signedness [-Wpointer-sign]
    /usr/include/string.h:399:15: note: expected ‘const char *’ but argument is of type ‘yaml_char_t *’
    ext/_yaml.c:6435:9: warning: pointer targets in passing argument 1 of ‘PyUnicodeUCS4_DecodeUTF8’ differ in signedness [-Wpointer-sign]
    /opt/python/2.7.9/include/python2.7/unicodeobject.h:750:23: note: expected ‘const char *’ but argument is of type ‘yaml_char_t *’
    ext/_yaml.c:6447:9: warning: pointer targets in passing argument 1 of ‘strlen’ differ in signedness [-Wpointer-sign]
    /usr/include/string.h:399:15: note: expected ‘const char *’ but argument is of type ‘yaml_char_t *’
    ext/_yaml.c:6447:9: warning: pointer targets in passing argument 1 of ‘PyUnicodeUCS4_DecodeUTF8’ differ in signedness [-Wpointer-sign]
    /opt/python/2.7.9/include/python2.7/unicodeobject.h:750:23: note: expected ‘const char *’ but argument is of type ‘yaml_char_t *’
    ext/_yaml.c:6616:5: warning: pointer targets in passing argument 1 of ‘strlen’ differ in signedness [-Wpointer-sign]
    /usr/include/string.h:399:15: note: expected ‘const char *’ but argument is of type ‘yaml_char_t *’
    ext/_yaml.c:6616:5: warning: pointer targets in passing argument 1 of ‘PyUnicodeUCS4_DecodeUTF8’ differ in signedness [-Wpointer-sign]
    /opt/python/2.7.9/include/python2.7/unicodeobject.h:750:23: note: expected ‘const char *’ but argument is of type ‘yaml_char_t *’
    ext/_yaml.c:6687:7: warning: pointer targets in passing argument 1 of ‘strlen’ differ in signedness [-Wpointer-sign]
    /usr/include/string.h:399:15: note: expected ‘const char *’ but argument is of type ‘yaml_char_t *’
    ext/_yaml.c:6687:7: warning: pointer targets in passing argument 1 of ‘PyUnicodeUCS4_DecodeUTF8’ differ in signedness [-Wpointer-sign]
    /opt/python/2.7.9/include/python2.7/unicodeobject.h:750:23: note: expected ‘const char *’ but argument is of type ‘yaml_char_t *’
    ext/_yaml.c:6722:7: warning: pointer targets in passing argument 1 of ‘strlen’ differ in signedness [-Wpointer-sign]
    /usr/include/string.h:399:15: note: expected ‘const char *’ but argument is of type ‘yaml_char_t *’
    ext/_yaml.c:6722:7: warning: pointer targets in passing argument 1 of ‘PyUnicodeUCS4_DecodeUTF8’ differ in signedness [-Wpointer-sign]
    /opt/python/2.7.9/include/python2.7/unicodeobject.h:750:23: note: expected ‘const char *’ but argument is of type ‘yaml_char_t *’
    ext/_yaml.c:6737:5: warning: pointer targets in passing argument 1 of ‘PyUnicodeUCS4_DecodeUTF8’ differ in signedness [-Wpointer-sign]
    /opt/python/2.7.9/include/python2.7/unicodeobject.h:750:23: note: expected ‘const char *’ but argument is of type ‘yaml_char_t *’
    ext/_yaml.c:7031:7: warning: pointer targets in passing argument 1 of ‘strlen’ differ in signedness [-Wpointer-sign]
    /usr/include/string.h:399:15: note: expected ‘const char *’ but argument is of type ‘yaml_char_t *’
    ext/_yaml.c:7031:7: warning: pointer targets in passing argument 1 of ‘PyUnicodeUCS4_DecodeUTF8’ differ in signedness [-Wpointer-sign]
    /opt/python/2.7.9/include/python2.7/unicodeobject.h:750:23: note: expected ‘const char *’ but argument is of type ‘yaml_char_t *’
    ext/_yaml.c:7066:7: warning: pointer targets in passing argument 1 of ‘strlen’ differ in signedness [-Wpointer-sign]
    /usr/include/string.h:399:15: note: expected ‘const char *’ but argument is of type ‘yaml_char_t *’
    ext/_yaml.c:7066:7: warning: pointer targets in passing argument 1 of ‘PyUnicodeUCS4_DecodeUTF8’ differ in signedness [-Wpointer-sign]
    /opt/python/2.7.9/include/python2.7/unicodeobject.h:750:23: note: expected ‘const char *’ but argument is of type ‘yaml_char_t *’
    ext/_yaml.c:7253:7: warning: pointer targets in passing argument 1 of ‘strlen’ differ in signedness [-Wpointer-sign]
    /usr/include/string.h:399:15: note: expected ‘const char *’ but argument is of type ‘yaml_char_t *’
    ext/_yaml.c:7253:7: warning: pointer targets in passing argument 1 of ‘PyUnicodeUCS4_DecodeUTF8’ differ in signedness [-Wpointer-sign]
    /opt/python/2.7.9/include/python2.7/unicodeobject.h:750:23: note: expected ‘const char *’ but argument is of type ‘yaml_char_t *’
    ext/_yaml.c:7288:7: warning: pointer targets in passing argument 1 of ‘strlen’ differ in signedness [-Wpointer-sign]
    /usr/include/string.h:399:15: note: expected ‘const char *’ but argument is of type ‘yaml_char_t *’
    ext/_yaml.c:7288:7: warning: pointer targets in passing argument 1 of ‘PyUnicodeUCS4_DecodeUTF8’ differ in signedness [-Wpointer-sign]
    /opt/python/2.7.9/include/python2.7/unicodeobject.h:750:23: note: expected ‘const char *’ but argument is of type ‘yaml_char_t *’
    ext/_yaml.c: In function ‘__pyx_f_5_yaml_7CParser__compose_node’:
    ext/_yaml.c:8704:5: warning: pointer targets in passing argument 1 of ‘strlen’ differ in signedness [-Wpointer-sign]
    /usr/include/string.h:399:15: note: expected ‘const char *’ but argument is of type ‘yaml_char_t *’
    ext/_yaml.c:8704:5: warning: pointer targets in passing argument 1 of ‘PyUnicodeUCS4_DecodeUTF8’ differ in signedness [-Wpointer-sign]
    /opt/python/2.7.9/include/python2.7/unicodeobject.h:750:23: note: expected ‘const char *’ but argument is of type ‘yaml_char_t *’
    ext/_yaml.c:8924:5: warning: pointer targets in passing argument 1 of ‘strlen’ differ in signedness [-Wpointer-sign]
    /usr/include/string.h:399:15: note: expected ‘const char *’ but argument is of type ‘yaml_char_t *’
    ext/_yaml.c:8924:5: warning: pointer targets in passing argument 1 of ‘PyUnicodeUCS4_DecodeUTF8’ differ in signedness [-Wpointer-sign]
    /opt/python/2.7.9/include/python2.7/unicodeobject.h:750:23: note: expected ‘const char *’ but argument is of type ‘yaml_char_t *’
    ext/_yaml.c:8962:5: warning: pointer targets in passing argument 1 of ‘strlen’ differ in signedness [-Wpointer-sign]
    /usr/include/string.h:399:15: note: expected ‘const char *’ but argument is of type ‘yaml_char_t *’
    ext/_yaml.c:8962:5: warning: pointer targets in passing argument 1 of ‘PyUnicodeUCS4_DecodeUTF8’ differ in signedness [-Wpointer-sign]
    /opt/python/2.7.9/include/python2.7/unicodeobject.h:750:23: note: expected ‘const char *’ but argument is of type ‘yaml_char_t *’
    ext/_yaml.c:9000:5: warning: pointer targets in passing argument 1 of ‘strlen’ differ in signedness [-Wpointer-sign]
    /usr/include/string.h:399:15: note: expected ‘const char *’ but argument is of type ‘yaml_char_t *’
    ext/_yaml.c:9000:5: warning: pointer targets in passing argument 1 of ‘PyUnicodeUCS4_DecodeUTF8’ differ in signedness [-Wpointer-sign]
    /opt/python/2.7.9/include/python2.7/unicodeobject.h:750:23: note: expected ‘const char *’ but argument is of type ‘yaml_char_t *’
    ext/_yaml.c: In function ‘__pyx_f_5_yaml_7CParser__compose_scalar_node’:
    ext/_yaml.c:9532:3: warning: pointer targets in passing argument 1 of ‘PyUnicodeUCS4_DecodeUTF8’ differ in signedness [-Wpointer-sign]
    /opt/python/2.7.9/include/python2.7/unicodeobject.h:750:23: note: expected ‘const char *’ but argument is of type ‘yaml_char_t *’
    ext/_yaml.c:9688:5: warning: pointer targets in passing argument 1 of ‘strlen’ differ in signedness [-Wpointer-sign]
    /usr/include/string.h:399:15: note: expected ‘const char *’ but argument is of type ‘yaml_char_t *’
    ext/_yaml.c:9688:5: warning: pointer targets in passing argument 1 of ‘PyUnicodeUCS4_DecodeUTF8’ differ in signedness [-Wpointer-sign]
    /opt/python/2.7.9/include/python2.7/unicodeobject.h:750:23: note: expected ‘const char *’ but argument is of type ‘yaml_char_t *’
    ext/_yaml.c: In function ‘__pyx_f_5_yaml_7CParser__compose_sequence_node’:
    ext/_yaml.c:10128:5: warning: pointer targets in passing argument 1 of ‘strlen’ differ in signedness [-Wpointer-sign]
    /usr/include/string.h:399:15: note: expected ‘const char *’ but argument is of type ‘yaml_char_t *’
    ext/_yaml.c:10128:5: warning: pointer targets in passing argument 1 of ‘PyUnicodeUCS4_DecodeUTF8’ differ in signedness [-Wpointer-sign]
    /opt/python/2.7.9/include/python2.7/unicodeobject.h:750:23: note: expected ‘const char *’ but argument is of type ‘yaml_char_t *’
    ext/_yaml.c: In function ‘__pyx_f_5_yaml_7CParser__compose_mapping_node’:
    ext/_yaml.c:10654:5: warning: pointer targets in passing argument 1 of ‘strlen’ differ in signedness [-Wpointer-sign]
    /usr/include/string.h:399:15: note: expected ‘const char *’ but argument is of type ‘yaml_char_t *’
    ext/_yaml.c:10654:5: warning: pointer targets in passing argument 1 of ‘PyUnicodeUCS4_DecodeUTF8’ differ in signedness [-Wpointer-sign]
    /opt/python/2.7.9/include/python2.7/unicodeobject.h:750:23: note: expected ‘const char *’ but argument is of type ‘yaml_char_t *’
    ext/_yaml.c: In function ‘__pyx_pf_5_yaml_8CEmitter___init__’:
    ext/_yaml.c:11721:3: warning: passing argument 2 of ‘yaml_emitter_set_output’ from incompatible pointer type [enabled by default]
    /usr/include/yaml.h:1829:1: note: expected ‘int (*)(void *, unsigned char *, size_t)’ but argument is of type ‘int (*)(void *, char *, int)’
    ext/_yaml.c: In function ‘__pyx_f_5_yaml_8CEmitter__object_to_event’:
    ext/_yaml.c:12898:44: warning: pointer targets in assignment differ in signedness [-Wpointer-sign]
    ext/_yaml.c:12991:44: warning: pointer targets in assignment differ in signedness [-Wpointer-sign]
    ext/_yaml.c:13248:5: warning: pointer targets in passing argument 2 of ‘yaml_alias_event_initialize’ differ in signedness [-Wpointer-sign]
    /usr/include/yaml.h:553:1: note: expected ‘yaml_char_t *’ but argument is of type ‘char *’
    ext/_yaml.c:13824:5: warning: pointer targets in passing argument 2 of ‘yaml_scalar_event_initialize’ differ in signedness [-Wpointer-sign]
    /usr/include/yaml.h:578:1: note: expected ‘yaml_char_t *’ but argument is of type ‘char *’
    ext/_yaml.c:13824:5: warning: pointer targets in passing argument 3 of ‘yaml_scalar_event_initialize’ differ in signedness [-Wpointer-sign]
    /usr/include/yaml.h:578:1: note: expected ‘yaml_char_t *’ but argument is of type ‘char *’
    ext/_yaml.c:13824:5: warning: pointer targets in passing argument 4 of ‘yaml_scalar_event_initialize’ differ in signedness [-Wpointer-sign]
    /usr/include/yaml.h:578:1: note: expected ‘yaml_char_t *’ but argument is of type ‘char *’
    ext/_yaml.c:14166:5: warning: pointer targets in passing argument 2 of ‘yaml_sequence_start_event_initialize’ differ in signedness [-Wpointer-sign]
    /usr/include/yaml.h:601:1: note: expected ‘yaml_char_t *’ but argument is of type ‘char *’
    ext/_yaml.c:14166:5: warning: pointer targets in passing argument 3 of ‘yaml_sequence_start_event_initialize’ differ in signedness [-Wpointer-sign]
    /usr/include/yaml.h:601:1: note: expected ‘yaml_char_t *’ but argument is of type ‘char *’
    ext/_yaml.c:14508:5: warning: pointer targets in passing argument 2 of ‘yaml_mapping_start_event_initialize’ differ in signedness [-Wpointer-sign]
    /usr/include/yaml.h:633:1: note: expected ‘yaml_char_t *’ but argument is of type ‘char *’
    ext/_yaml.c:14508:5: warning: pointer targets in passing argument 3 of ‘yaml_mapping_start_event_initialize’ differ in signedness [-Wpointer-sign]
    /usr/include/yaml.h:633:1: note: expected ‘yaml_char_t *’ but argument is of type ‘char *’
    ext/_yaml.c: In function ‘__pyx_pf_5_yaml_8CEmitter_12serialize’:
    ext/_yaml.c:15784:42: warning: pointer targets in assignment differ in signedness [-Wpointer-sign]
    ext/_yaml.c:15877:42: warning: pointer targets in assignment differ in signedness [-Wpointer-sign]
    ext/_yaml.c: In function ‘__pyx_f_5_yaml_8CEmitter__serialize_node’:
    ext/_yaml.c:16616:5: warning: pointer targets in passing argument 2 of ‘yaml_alias_event_initialize’ differ in signedness [-Wpointer-sign]
    /usr/include/yaml.h:553:1: note: expected ‘yaml_char_t *’ but argument is of type ‘char *’
    ext/_yaml.c:17195:7: warning: pointer targets in passing argument 2 of ‘yaml_scalar_event_initialize’ differ in signedness [-Wpointer-sign]
    /usr/include/yaml.h:578:1: note: expected ‘yaml_char_t *’ but argument is of type ‘char *’
    ext/_yaml.c:17195:7: warning: pointer targets in passing argument 3 of ‘yaml_scalar_event_initialize’ differ in signedness [-Wpointer-sign]
    /usr/include/yaml.h:578:1: note: expected ‘yaml_char_t *’ but argument is of type ‘char *’
    ext/_yaml.c:17195:7: warning: pointer targets in passing argument 4 of ‘yaml_scalar_event_initialize’ differ in signedness [-Wpointer-sign]
    /usr/include/yaml.h:578:1: note: expected ‘yaml_char_t *’ but argument is of type ‘char *’
    ext/_yaml.c:17473:7: warning: pointer targets in passing argument 2 of ‘yaml_sequence_start_event_initialize’ differ in signedness [-Wpointer-sign]
    /usr/include/yaml.h:601:1: note: expected ‘yaml_char_t *’ but argument is of type ‘char *’
    ext/_yaml.c:17473:7: warning: pointer targets in passing argument 3 of ‘yaml_sequence_start_event_initialize’ differ in signedness [-Wpointer-sign]
    /usr/include/yaml.h:601:1: note: expected ‘yaml_char_t *’ but argument is of type ‘char *’
    ext/_yaml.c:17874:7: warning: pointer targets in passing argument 2 of ‘yaml_mapping_start_event_initialize’ differ in signedness [-Wpointer-sign]
    /usr/include/yaml.h:633:1: note: expected ‘yaml_char_t *’ but argument is of type ‘char *’
    ext/_yaml.c:17874:7: warning: pointer targets in passing argument 3 of ‘yaml_mapping_start_event_initialize’ differ in signedness [-Wpointer-sign]
    /usr/include/yaml.h:633:1: note: expected ‘yaml_char_t *’ but argument is of type ‘char *’
    gcc -pthread -shared -L/opt/python/2.7.9/lib -Wl,-rpath=/opt/python/2.7.9/lib build/temp.linux-x86_64-2.7/ext/_yaml.o -L/opt/python/2.7.9/lib -lyaml -lpython2.7 -o build/lib.linux-x86_64-2.7/_yaml.so
  Running setup.py install for coveralls
    Installing coveralls script to /home/travis/virtualenv/python2.7.9/bin
Successfully installed PyYAML-3.11 coverage-3.7.1 coveralls-0.5 docopt-0.6.2 requests-2.7.0
travis_time:end:2247c356:start=1434740707153555196,finish=1434740718695378669,duration=11541823473[0Ktravis_fold:end:install.2[0Ktravis_time:start:1dd3ca65[0K$ tox
[1mGLOB sdist-make: /home/travis/build/waylan/Python-Markdown/setup.py[0m
[1mpy27 create: /home/travis/build/waylan/Python-Markdown/.tox/py27[0m
[1mpy27 installdeps: -rtest-requirements.txt[0m
[1mpy27 inst: /home/travis/build/waylan/Python-Markdown/.tox/dist/Markdown-3.0.dev0.zip[0m
[1mpy27 installed: backports.ssl-match-hostname==3.4.0.2,certifi==2015.4.28,click==4.0,coverage==3.7.1,Jinja2==2.7.3,livereload==2.4.0,Markdown==3.0.dev0,MarkupSafe==0.23,mkdocs==0.14.0,nose==1.3.7,pytidylib==0.2.4,PyYAML==3.11,six==1.9.0,tornado==4.2,wheel==0.24.0[0m
[1mpy27 runtests: PYTHONHASHSEED='937653646'[0m
[1mpy27 runtests: commands[0] | coverage erase[0m
[1mpy27 runtests: commands[1] | /home/travis/build/waylan/Python-Markdown/.tox/py27/bin/python setup.py develop[0m
/home/travis/build/waylan/Python-Markdown/.tox/py27/lib/python2.7/site-packages/setuptools/dist.py:285: UserWarning: Normalizing '3.0.dev' to '3.0.dev0'
  normalized_version,
running develop
running egg_info
writing entry points to Markdown.egg-info/entry_points.txt
writing top-level names to Markdown.egg-info/top_level.txt
writing Markdown.egg-info/PKG-INFO
writing dependency_links to Markdown.egg-info/dependency_links.txt
reading manifest file 'Markdown.egg-info/SOURCES.txt'
reading manifest template 'MANIFEST.in'
warning: no files found matching 'MANIFEST'
writing manifest file 'Markdown.egg-info/SOURCES.txt'
running build_ext
Creating /home/travis/build/waylan/Python-Markdown/.tox/py27/lib/python2.7/site-packages/Markdown.egg-link (link to .)
Adding Markdown 3.0.dev0 to easy-install.pth file
Installing mdtests script to /home/travis/build/waylan/Python-Markdown/.tox/py27/bin
Installing markdown script to /home/travis/build/waylan/Python-Markdown/.tox/py27/bin

Installed /home/travis/build/waylan/Python-Markdown
Processing dependencies for Markdown==3.0.dev0
Finished processing dependencies for Markdown==3.0.dev0
[1mpy27 runtests: commands[2] | coverage run --source=markdown /home/travis/build/waylan/Python-Markdown/.tox/py27/bin/mdtests[0m
.....E.E.SE.M.S..SS.SMEESMS.....E.EME.M.....ME.SESES.ES.SM.SSSM.S.SSSSSSSSSE.EM.E.M.ME..M.MEE..M..MMM.........E.EMMEEEEM.E....EMM..E...E..E........EMMME.E..EMMMMMEE.MME..SE.....EE.EEEE.M.....E.EMEE.......MEE.....................................................FFF.....F...F.EF...........................F...FEFF.F.....FFFFFF
======================================================================
ERROR: TestSyntax: "pl/Tests_2007/Markdown Documentation - Syntax"
----------------------------------------------------------------------
Traceback (most recent call last):
  File "/home/travis/build/waylan/Python-Markdown/.tox/py27/lib/python2.7/site-packages/nose/case.py", line 197, in runTest
    self.test(*self.arg)
  File "/home/travis/build/waylan/Python-Markdown/markdown/test.py", line 143, in __call__
    output = markdown.markdown(input, **config.get_args(file))
  File "/home/travis/build/waylan/Python-Markdown/markdown/core.py", line 318, in markdown
    return md.convert(text)
  File "/home/travis/build/waylan/Python-Markdown/markdown/core.py", line 199, in convert
    newRoot = treeprocessor.run(root)
  File "/home/travis/build/waylan/Python-Markdown/markdown/treeprocessors.py", line 151, in run
    self.handle_elem(child, tree, pos)
  File "/home/travis/build/waylan/Python-Markdown/markdown/treeprocessors.py", line 129, in handle_elem
    self.handle_elem(child, elem, cpos)
  File "/home/travis/build/waylan/Python-Markdown/markdown/treeprocessors.py", line 119, in handle_elem
    elem.text, children = self.handle_inline(text)
  File "/home/travis/build/waylan/Python-Markdown/markdown/treeprocessors.py", line 92, in handle_inline
    pre_text, node, text = self.apply_patterns(text[m.start():])
  File "/home/travis/build/waylan/Python-Markdown/markdown/treeprocessors.py", line 63, in apply_patterns
    node = pattern.handleMatch(match)
  File "/home/travis/build/waylan/Python-Markdown/markdown/inlinepatterns.py", line 332, in handleMatch
    el.set("href", self.unescape(href.strip()))
  File "/home/travis/build/waylan/Python-Markdown/markdown/inlinepatterns.py", line 212, in unescape
    stash = self.md.treeprocessors['inline'].stashed_nodes
AttributeError: 'InlineProcessor' object has no attribute 'stashed_nodes'

======================================================================
ERROR: TestSyntax: "pl/Tests_2007/Literal quotes in titles"
----------------------------------------------------------------------
Traceback (most recent call last):
  File "/home/travis/build/waylan/Python-Markdown/.tox/py27/lib/python2.7/site-packages/nose/case.py", line 197, in runTest
    self.test(*self.arg)
  File "/home/travis/build/waylan/Python-Markdown/markdown/test.py", line 143, in __call__
    output = markdown.markdown(input, **config.get_args(file))
  File "/home/travis/build/waylan/Python-Markdown/markdown/core.py", line 318, in markdown
    return md.convert(text)
  File "/home/travis/build/waylan/Python-Markdown/markdown/core.py", line 199, in convert
    newRoot = treeprocessor.run(root)
  File "/home/travis/build/waylan/Python-Markdown/markdown/treeprocessors.py", line 151, in run
    self.handle_elem(child, tree, pos)
  File "/home/travis/build/waylan/Python-Markdown/markdown/treeprocessors.py", line 119, in handle_elem
    elem.text, children = self.handle_inline(text)
  File "/home/travis/build/waylan/Python-Markdown/markdown/treeprocessors.py", line 92, in handle_inline
    pre_text, node, text = self.apply_patterns(text[m.start():])
  File "/home/travis/build/waylan/Python-Markdown/markdown/treeprocessors.py", line 63, in apply_patterns
    node = pattern.handleMatch(match)
  File "/home/travis/build/waylan/Python-Markdown/markdown/inlinepatterns.py", line 332, in handleMatch
    el.set("href", self.unescape(href.strip()))
  File "/home/travis/build/waylan/Python-Markdown/markdown/inlinepatterns.py", line 212, in unescape
    stash = self.md.treeprocessors['inline'].stashed_nodes
AttributeError: 'InlineProcessor' object has no attribute 'stashed_nodes'

======================================================================
ERROR: TestSyntax: "pl/Tests_2007/Links, inline style"
----------------------------------------------------------------------
Traceback (most recent call last):
  File "/home/travis/build/waylan/Python-Markdown/.tox/py27/lib/python2.7/site-packages/nose/case.py", line 197, in runTest
    self.test(*self.arg)
  File "/home/travis/build/waylan/Python-Markdown/markdown/test.py", line 143, in __call__
    output = markdown.markdown(input, **config.get_args(file))
  File "/home/travis/build/waylan/Python-Markdown/markdown/core.py", line 318, in markdown
    return md.convert(text)
  File "/home/travis/build/waylan/Python-Markdown/markdown/core.py", line 199, in convert
    newRoot = treeprocessor.run(root)
  File "/home/travis/build/waylan/Python-Markdown/markdown/treeprocessors.py", line 151, in run
    self.handle_elem(child, tree, pos)
  File "/home/travis/build/waylan/Python-Markdown/markdown/treeprocessors.py", line 119, in handle_elem
    elem.text, children = self.handle_inline(text)
  File "/home/travis/build/waylan/Python-Markdown/markdown/treeprocessors.py", line 92, in handle_inline
    pre_text, node, text = self.apply_patterns(text[m.start():])
  File "/home/travis/build/waylan/Python-Markdown/markdown/treeprocessors.py", line 63, in apply_patterns
    node = pattern.handleMatch(match)
  File "/home/travis/build/waylan/Python-Markdown/markdown/inlinepatterns.py", line 332, in handleMatch
    el.set("href", self.unescape(href.strip()))
  File "/home/travis/build/waylan/Python-Markdown/markdown/inlinepatterns.py", line 212, in unescape
    stash = self.md.treeprocessors['inline'].stashed_nodes
AttributeError: 'InlineProcessor' object has no attribute 'stashed_nodes'

======================================================================
ERROR: TestSyntax: "pl/Tests_2007/Amps and angle encoding"
----------------------------------------------------------------------
Traceback (most recent call last):
  File "/home/travis/build/waylan/Python-Markdown/.tox/py27/lib/python2.7/site-packages/nose/case.py", line 197, in runTest
    self.test(*self.arg)
  File "/home/travis/build/waylan/Python-Markdown/markdown/test.py", line 143, in __call__
    output = markdown.markdown(input, **config.get_args(file))
  File "/home/travis/build/waylan/Python-Markdown/markdown/core.py", line 318, in markdown
    return md.convert(text)
  File "/home/travis/build/waylan/Python-Markdown/markdown/core.py", line 199, in convert
    newRoot = treeprocessor.run(root)
  File "/home/travis/build/waylan/Python-Markdown/markdown/treeprocessors.py", line 151, in run
    self.handle_elem(child, tree, pos)
  File "/home/travis/build/waylan/Python-Markdown/markdown/treeprocessors.py", line 119, in handle_elem
    elem.text, children = self.handle_inline(text)
  File "/home/travis/build/waylan/Python-Markdown/markdown/treeprocessors.py", line 92, in handle_inline
    pre_text, node, text = self.apply_patterns(text[m.start():])
  File "/home/travis/build/waylan/Python-Markdown/markdown/treeprocessors.py", line 63, in apply_patterns
    node = pattern.handleMatch(match)
  File "/home/travis/build/waylan/Python-Markdown/markdown/inlinepatterns.py", line 332, in handleMatch
    el.set("href", self.unescape(href.strip()))
  File "/home/travis/build/waylan/Python-Markdown/markdown/inlinepatterns.py", line 212, in unescape
    stash = self.md.treeprocessors['inline'].stashed_nodes
AttributeError: 'InlineProcessor' object has no attribute 'stashed_nodes'

======================================================================
ERROR: TestSyntax: "pl/Tests_2004/Yuri-Links-in-Headers"
----------------------------------------------------------------------
Traceback (most recent call last):
  File "/home/travis/build/waylan/Python-Markdown/.tox/py27/lib/python2.7/site-packages/nose/case.py", line 197, in runTest
    self.test(*self.arg)
  File "/home/travis/build/waylan/Python-Markdown/markdown/test.py", line 143, in __call__
    output = markdown.markdown(input, **config.get_args(file))
  File "/home/travis/build/waylan/Python-Markdown/markdown/core.py", line 318, in markdown
    return md.convert(text)
  File "/home/travis/build/waylan/Python-Markdown/markdown/core.py", line 199, in convert
    newRoot = treeprocessor.run(root)
  File "/home/travis/build/waylan/Python-Markdown/markdown/treeprocessors.py", line 151, in run
    self.handle_elem(child, tree, pos)
  File "/home/travis/build/waylan/Python-Markdown/markdown/treeprocessors.py", line 119, in handle_elem
    elem.text, children = self.handle_inline(text)
  File "/home/travis/build/waylan/Python-Markdown/markdown/treeprocessors.py", line 92, in handle_inline
    pre_text, node, text = self.apply_patterns(text[m.start():])
  File "/home/travis/build/waylan/Python-Markdown/markdown/treeprocessors.py", line 63, in apply_patterns
    node = pattern.handleMatch(match)
  File "/home/travis/build/waylan/Python-Markdown/markdown/inlinepatterns.py", line 332, in handleMatch
    el.set("href", self.unescape(href.strip()))
  File "/home/travis/build/waylan/Python-Markdown/markdown/inlinepatterns.py", line 212, in unescape
    stash = self.md.treeprocessors['inline'].stashed_nodes
AttributeError: 'InlineProcessor' object has no attribute 'stashed_nodes'

======================================================================
ERROR: TestSyntax: "pl/Tests_2004/Markdown Documentation - Syntax"
----------------------------------------------------------------------
Traceback (most recent call last):
  File "/home/travis/build/waylan/Python-Markdown/.tox/py27/lib/python2.7/site-packages/nose/case.py", line 197, in runTest
    self.test(*self.arg)
  File "/home/travis/build/waylan/Python-Markdown/markdown/test.py", line 143, in __call__
    output = markdown.markdown(input, **config.get_args(file))
  File "/home/travis/build/waylan/Python-Markdown/markdown/core.py", line 318, in markdown
    return md.convert(text)
  File "/home/travis/build/waylan/Python-Markdown/markdown/core.py", line 199, in convert
    newRoot = treeprocessor.run(root)
  File "/home/travis/build/waylan/Python-Markdown/markdown/treeprocessors.py", line 151, in run
    self.handle_elem(child, tree, pos)
  File "/home/travis/build/waylan/Python-Markdown/markdown/treeprocessors.py", line 129, in handle_elem
    self.handle_elem(child, elem, cpos)
  File "/home/travis/build/waylan/Python-Markdown/markdown/treeprocessors.py", line 119, in handle_elem
    elem.text, children = self.handle_inline(text)
  File "/home/travis/build/waylan/Python-Markdown/markdown/treeprocessors.py", line 92, in handle_inline
    pre_text, node, text = self.apply_patterns(text[m.start():])
  File "/home/travis/build/waylan/Python-Markdown/markdown/treeprocessors.py", line 63, in apply_patterns
    node = pattern.handleMatch(match)
  File "/home/travis/build/waylan/Python-Markdown/markdown/inlinepatterns.py", line 332, in handleMatch
    el.set("href", self.unescape(href.strip()))
  File "/home/travis/build/waylan/Python-Markdown/markdown/inlinepatterns.py", line 212, in unescape
    stash = self.md.treeprocessors['inline'].stashed_nodes
AttributeError: 'InlineProcessor' object has no attribute 'stashed_nodes'

======================================================================
ERROR: TestSyntax: "pl/Tests_2004/Literal quotes in titles"
----------------------------------------------------------------------
Traceback (most recent call last):
  File "/home/travis/build/waylan/Python-Markdown/.tox/py27/lib/python2.7/site-packages/nose/case.py", line 197, in runTest
    self.test(*self.arg)
  File "/home/travis/build/waylan/Python-Markdown/markdown/test.py", line 143, in __call__
    output = markdown.markdown(input, **config.get_args(file))
  File "/home/travis/build/waylan/Python-Markdown/markdown/core.py", line 318, in markdown
    return md.convert(text)
  File "/home/travis/build/waylan/Python-Markdown/markdown/core.py", line 199, in convert
    newRoot = treeprocessor.run(root)
  File "/home/travis/build/waylan/Python-Markdown/markdown/treeprocessors.py", line 151, in run
    self.handle_elem(child, tree, pos)
  File "/home/travis/build/waylan/Python-Markdown/markdown/treeprocessors.py", line 119, in handle_elem
    elem.text, children = self.handle_inline(text)
  File "/home/travis/build/waylan/Python-Markdown/markdown/treeprocessors.py", line 92, in handle_inline
    pre_text, node, text = self.apply_patterns(text[m.start():])
  File "/home/travis/build/waylan/Python-Markdown/markdown/treeprocessors.py", line 63, in apply_patterns
    node = pattern.handleMatch(match)
  File "/home/travis/build/waylan/Python-Markdown/markdown/inlinepatterns.py", line 332, in handleMatch
    el.set("href", self.unescape(href.strip()))
  File "/home/travis/build/waylan/Python-Markdown/markdown/inlinepatterns.py", line 212, in unescape
    stash = self.md.treeprocessors['inline'].stashed_nodes
AttributeError: 'InlineProcessor' object has no attribute 'stashed_nodes'

======================================================================
ERROR: TestSyntax: "pl/Tests_2004/Links, inline style"
----------------------------------------------------------------------
Traceback (most recent call last):
  File "/home/travis/build/waylan/Python-Markdown/.tox/py27/lib/python2.7/site-packages/nose/case.py", line 197, in runTest
    self.test(*self.arg)
  File "/home/travis/build/waylan/Python-Markdown/markdown/test.py", line 143, in __call__
    output = markdown.markdown(input, **config.get_args(file))
  File "/home/travis/build/waylan/Python-Markdown/markdown/core.py", line 318, in markdown
    return md.convert(text)
  File "/home/travis/build/waylan/Python-Markdown/markdown/core.py", line 199, in convert
    newRoot = treeprocessor.run(root)
  File "/home/travis/build/waylan/Python-Markdown/markdown/treeprocessors.py", line 151, in run
    self.handle_elem(child, tree, pos)
  File "/home/travis/build/waylan/Python-Markdown/markdown/treeprocessors.py", line 119, in handle_elem
    elem.text, children = self.handle_inline(text)
  File "/home/travis/build/waylan/Python-Markdown/markdown/treeprocessors.py", line 92, in handle_inline
    pre_text, node, text = self.apply_patterns(text[m.start():])
  File "/home/travis/build/waylan/Python-Markdown/markdown/treeprocessors.py", line 63, in apply_patterns
    node = pattern.handleMatch(match)
  File "/home/travis/build/waylan/Python-Markdown/markdown/inlinepatterns.py", line 332, in handleMatch
    el.set("href", self.unescape(href.strip()))
  File "/home/travis/build/waylan/Python-Markdown/markdown/inlinepatterns.py", line 212, in unescape
    stash = self.md.treeprocessors['inline'].stashed_nodes
AttributeError: 'InlineProcessor' object has no attribute 'stashed_nodes'

======================================================================
ERROR: TestSyntax: "pl/Tests_2004/Amps and angle encoding"
----------------------------------------------------------------------
Traceback (most recent call last):
  File "/home/travis/build/waylan/Python-Markdown/.tox/py27/lib/python2.7/site-packages/nose/case.py", line 197, in runTest
    self.test(*self.arg)
  File "/home/travis/build/waylan/Python-Markdown/markdown/test.py", line 143, in __call__
    output = markdown.markdown(input, **config.get_args(file))
  File "/home/travis/build/waylan/Python-Markdown/markdown/core.py", line 318, in markdown
    return md.convert(text)
  File "/home/travis/build/waylan/Python-Markdown/markdown/core.py", line 199, in convert
    newRoot = treeprocessor.run(root)
  File "/home/travis/build/waylan/Python-Markdown/markdown/treeprocessors.py", line 151, in run
    self.handle_elem(child, tree, pos)
  File "/home/travis/build/waylan/Python-Markdown/markdown/treeprocessors.py", line 119, in handle_elem
    elem.text, children = self.handle_inline(text)
  File "/home/travis/build/waylan/Python-Markdown/markdown/treeprocessors.py", line 92, in handle_inline
    pre_text, node, text = self.apply_patterns(text[m.start():])
  File "/home/travis/build/waylan/Python-Markdown/markdown/treeprocessors.py", line 63, in apply_patterns
    node = pattern.handleMatch(match)
  File "/home/travis/build/waylan/Python-Markdown/markdown/inlinepatterns.py", line 332, in handleMatch
    el.set("href", self.unescape(href.strip()))
  File "/home/travis/build/waylan/Python-Markdown/markdown/inlinepatterns.py", line 212, in unescape
    stash = self.md.treeprocessors['inline'].stashed_nodes
AttributeError: 'InlineProcessor' object has no attribute 'stashed_nodes'

======================================================================
ERROR: TestSyntax: "php/Parens in URL"
----------------------------------------------------------------------
Traceback (most recent call last):
  File "/home/travis/build/waylan/Python-Markdown/.tox/py27/lib/python2.7/site-packages/nose/case.py", line 197, in runTest
    self.test(*self.arg)
  File "/home/travis/build/waylan/Python-Markdown/markdown/test.py", line 143, in __call__
    output = markdown.markdown(input, **config.get_args(file))
  File "/home/travis/build/waylan/Python-Markdown/markdown/core.py", line 318, in markdown
    return md.convert(text)
  File "/home/travis/build/waylan/Python-Markdown/markdown/core.py", line 199, in convert
    newRoot = treeprocessor.run(root)
  File "/home/travis/build/waylan/Python-Markdown/markdown/treeprocessors.py", line 151, in run
    self.handle_elem(child, tree, pos)
  File "/home/travis/build/waylan/Python-Markdown/markdown/treeprocessors.py", line 119, in handle_elem
    elem.text, children = self.handle_inline(text)
  File "/home/travis/build/waylan/Python-Markdown/markdown/treeprocessors.py", line 92, in handle_inline
    pre_text, node, text = self.apply_patterns(text[m.start():])
  File "/home/travis/build/waylan/Python-Markdown/markdown/treeprocessors.py", line 63, in apply_patterns
    node = pattern.handleMatch(match)
  File "/home/travis/build/waylan/Python-Markdown/markdown/inlinepatterns.py", line 332, in handleMatch
    el.set("href", self.unescape(href.strip()))
  File "/home/travis/build/waylan/Python-Markdown/markdown/inlinepatterns.py", line 212, in unescape
    stash = self.md.treeprocessors['inline'].stashed_nodes
AttributeError: 'InlineProcessor' object has no attribute 'stashed_nodes'

======================================================================
ERROR: TestSyntax: "php/Nesting"
----------------------------------------------------------------------
Traceback (most recent call last):
  File "/home/travis/build/waylan/Python-Markdown/.tox/py27/lib/python2.7/site-packages/nose/case.py", line 197, in runTest
    self.test(*self.arg)
  File "/home/travis/build/waylan/Python-Markdown/markdown/test.py", line 143, in __call__
    output = markdown.markdown(input, **config.get_args(file))
  File "/home/travis/build/waylan/Python-Markdown/markdown/core.py", line 318, in markdown
    return md.convert(text)
  File "/home/travis/build/waylan/Python-Markdown/markdown/core.py", line 199, in convert
    newRoot = treeprocessor.run(root)
  File "/home/travis/build/waylan/Python-Markdown/markdown/treeprocessors.py", line 151, in run
    self.handle_elem(child, tree, pos)
  File "/home/travis/build/waylan/Python-Markdown/markdown/treeprocessors.py", line 129, in handle_elem
    self.handle_elem(child, elem, cpos)
  File "/home/travis/build/waylan/Python-Markdown/markdown/treeprocessors.py", line 119, in handle_elem
    elem.text, children = self.handle_inline(text)
  File "/home/travis/build/waylan/Python-Markdown/markdown/treeprocessors.py", line 92, in handle_inline
    pre_text, node, text = self.apply_patterns(text[m.start():])
  File "/home/travis/build/waylan/Python-Markdown/markdown/treeprocessors.py", line 63, in apply_patterns
    node = pattern.handleMatch(match)
  File "/home/travis/build/waylan/Python-Markdown/markdown/inlinepatterns.py", line 332, in handleMatch
    el.set("href", self.unescape(href.strip()))
  File "/home/travis/build/waylan/Python-Markdown/markdown/inlinepatterns.py", line 212, in unescape
    stash = self.md.treeprocessors['inline'].stashed_nodes
AttributeError: 'InlineProcessor' object has no attribute 'stashed_nodes'

======================================================================
ERROR: TestSyntax: "php/Links, inline style"
----------------------------------------------------------------------
Traceback (most recent call last):
  File "/home/travis/build/waylan/Python-Markdown/.tox/py27/lib/python2.7/site-packages/nose/case.py", line 197, in runTest
    self.test(*self.arg)
  File "/home/travis/build/waylan/Python-Markdown/markdown/test.py", line 143, in __call__
    output = markdown.markdown(input, **config.get_args(file))
  File "/home/travis/build/waylan/Python-Markdown/markdown/core.py", line 318, in markdown
    return md.convert(text)
  File "/home/travis/build/waylan/Python-Markdown/markdown/core.py", line 199, in convert
    newRoot = treeprocessor.run(root)
  File "/home/travis/build/waylan/Python-Markdown/markdown/treeprocessors.py", line 151, in run
    self.handle_elem(child, tree, pos)
  File "/home/travis/build/waylan/Python-Markdown/markdown/treeprocessors.py", line 119, in handle_elem
    elem.text, children = self.handle_inline(text)
  File "/home/travis/build/waylan/Python-Markdown/markdown/treeprocessors.py", line 92, in handle_inline
    pre_text, node, text = self.apply_patterns(text[m.start():])
  File "/home/travis/build/waylan/Python-Markdown/markdown/treeprocessors.py", line 63, in apply_patterns
    node = pattern.handleMatch(match)
  File "/home/travis/build/waylan/Python-Markdown/markdown/inlinepatterns.py", line 332, in handleMatch
    el.set("href", self.unescape(href.strip()))
  File "/home/travis/build/waylan/Python-Markdown/markdown/inlinepatterns.py", line 212, in unescape
    stash = self.md.treeprocessors['inline'].stashed_nodes
AttributeError: 'InlineProcessor' object has no attribute 'stashed_nodes'

======================================================================
ERROR: TestSyntax: "misc/url_spaces"
----------------------------------------------------------------------
Traceback (most recent call last):
  File "/home/travis/build/waylan/Python-Markdown/.tox/py27/lib/python2.7/site-packages/nose/case.py", line 197, in runTest
    self.test(*self.arg)
  File "/home/travis/build/waylan/Python-Markdown/markdown/test.py", line 143, in __call__
    output = markdown.markdown(input, **config.get_args(file))
  File "/home/travis/build/waylan/Python-Markdown/markdown/core.py", line 318, in markdown
    return md.convert(text)
  File "/home/travis/build/waylan/Python-Markdown/markdown/core.py", line 199, in convert
    newRoot = treeprocessor.run(root)
  File "/home/travis/build/waylan/Python-Markdown/markdown/treeprocessors.py", line 151, in run
    self.handle_elem(child, tree, pos)
  File "/home/travis/build/waylan/Python-Markdown/markdown/treeprocessors.py", line 119, in handle_elem
    elem.text, children = self.handle_inline(text)
  File "/home/travis/build/waylan/Python-Markdown/markdown/treeprocessors.py", line 92, in handle_inline
    pre_text, node, text = self.apply_patterns(text[m.start():])
  File "/home/travis/build/waylan/Python-Markdown/markdown/treeprocessors.py", line 63, in apply_patterns
    node = pattern.handleMatch(match)
  File "/home/travis/build/waylan/Python-Markdown/markdown/inlinepatterns.py", line 332, in handleMatch
    el.set("href", self.unescape(href.strip()))
  File "/home/travis/build/waylan/Python-Markdown/markdown/inlinepatterns.py", line 212, in unescape
    stash = self.md.treeprocessors['inline'].stashed_nodes
AttributeError: 'InlineProcessor' object has no attribute 'stashed_nodes'

======================================================================
ERROR: TestSyntax: "misc/uche"
----------------------------------------------------------------------
Traceback (most recent call last):
  File "/home/travis/build/waylan/Python-Markdown/.tox/py27/lib/python2.7/site-packages/nose/case.py", line 197, in runTest
    self.test(*self.arg)
  File "/home/travis/build/waylan/Python-Markdown/markdown/test.py", line 143, in __call__
    output = markdown.markdown(input, **config.get_args(file))
  File "/home/travis/build/waylan/Python-Markdown/markdown/core.py", line 318, in markdown
    return md.convert(text)
  File "/home/travis/build/waylan/Python-Markdown/markdown/core.py", line 199, in convert
    newRoot = treeprocessor.run(root)
  File "/home/travis/build/waylan/Python-Markdown/markdown/treeprocessors.py", line 151, in run
    self.handle_elem(child, tree, pos)
  File "/home/travis/build/waylan/Python-Markdown/markdown/treeprocessors.py", line 119, in handle_elem
    elem.text, children = self.handle_inline(text)
  File "/home/travis/build/waylan/Python-Markdown/markdown/treeprocessors.py", line 92, in handle_inline
    pre_text, node, text = self.apply_patterns(text[m.start():])
  File "/home/travis/build/waylan/Python-Markdown/markdown/treeprocessors.py", line 63, in apply_patterns
    node = pattern.handleMatch(match)
  File "/home/travis/build/waylan/Python-Markdown/markdown/inlinepatterns.py", line 351, in handleMatch
    el.set('src', self.unescape(src))
  File "/home/travis/build/waylan/Python-Markdown/markdown/inlinepatterns.py", line 212, in unescape
    stash = self.md.treeprocessors['inline'].stashed_nodes
AttributeError: 'InlineProcessor' object has no attribute 'stashed_nodes'

======================================================================
ERROR: TestSyntax: "misc/stronintags"
----------------------------------------------------------------------
Traceback (most recent call last):
  File "/home/travis/build/waylan/Python-Markdown/.tox/py27/lib/python2.7/site-packages/nose/case.py", line 197, in runTest
    self.test(*self.arg)
  File "/home/travis/build/waylan/Python-Markdown/markdown/test.py", line 143, in __call__
    output = markdown.markdown(input, **config.get_args(file))
  File "/home/travis/build/waylan/Python-Markdown/markdown/core.py", line 318, in markdown
    return md.convert(text)
  File "/home/travis/build/waylan/Python-Markdown/markdown/core.py", line 199, in convert
    newRoot = treeprocessor.run(root)
  File "/home/travis/build/waylan/Python-Markdown/markdown/treeprocessors.py", line 151, in run
    self.handle_elem(child, tree, pos)
  File "/home/travis/build/waylan/Python-Markdown/markdown/treeprocessors.py", line 119, in handle_elem
    elem.text, children = self.handle_inline(text)
  File "/home/travis/build/waylan/Python-Markdown/markdown/treeprocessors.py", line 92, in handle_inline
    pre_text, node, text = self.apply_patterns(text[m.start():])
  File "/home/travis/build/waylan/Python-Markdown/markdown/treeprocessors.py", line 63, in apply_patterns
    node = pattern.handleMatch(match)
  File "/home/travis/build/waylan/Python-Markdown/markdown/inlinepatterns.py", line 332, in handleMatch
    el.set("href", self.unescape(href.strip()))
  File "/home/travis/build/waylan/Python-Markdown/markdown/inlinepatterns.py", line 212, in unescape
    stash = self.md.treeprocessors['inline'].stashed_nodes
AttributeError: 'InlineProcessor' object has no attribute 'stashed_nodes'

======================================================================
ERROR: TestSyntax: "misc/russian"
----------------------------------------------------------------------
Traceback (most recent call last):
  File "/home/travis/build/waylan/Python-Markdown/.tox/py27/lib/python2.7/site-packages/nose/case.py", line 197, in runTest
    self.test(*self.arg)
  File "/home/travis/build/waylan/Python-Markdown/markdown/test.py", line 143, in __call__
    output = markdown.markdown(input, **config.get_args(file))
  File "/home/travis/build/waylan/Python-Markdown/markdown/core.py", line 318, in markdown
    return md.convert(text)
  File "/home/travis/build/waylan/Python-Markdown/markdown/core.py", line 199, in convert
    newRoot = treeprocessor.run(root)
  File "/home/travis/build/waylan/Python-Markdown/markdown/treeprocessors.py", line 151, in run
    self.handle_elem(child, tree, pos)
  File "/home/travis/build/waylan/Python-Markdown/markdown/treeprocessors.py", line 119, in handle_elem
    elem.text, children = self.handle_inline(text)
  File "/home/travis/build/waylan/Python-Markdown/markdown/treeprocessors.py", line 92, in handle_inline
    pre_text, node, text = self.apply_patterns(text[m.start():])
  File "/home/travis/build/waylan/Python-Markdown/markdown/treeprocessors.py", line 63, in apply_patterns
    node = pattern.handleMatch(match)
  File "/home/travis/build/waylan/Python-Markdown/markdown/inlinepatterns.py", line 332, in handleMatch
    el.set("href", self.unescape(href.strip()))
  File "/home/travis/build/waylan/Python-Markdown/markdown/inlinepatterns.py", line 212, in unescape
    stash = self.md.treeprocessors['inline'].stashed_nodes
AttributeError: 'InlineProcessor' object has no attribute 'stashed_nodes'

======================================================================
ERROR: TestSyntax: "misc/normalize"
----------------------------------------------------------------------
Traceback (most recent call last):
  File "/home/travis/build/waylan/Python-Markdown/.tox/py27/lib/python2.7/site-packages/nose/case.py", line 197, in runTest
    self.test(*self.arg)
  File "/home/travis/build/waylan/Python-Markdown/markdown/test.py", line 143, in __call__
    output = markdown.markdown(input, **config.get_args(file))
  File "/home/travis/build/waylan/Python-Markdown/markdown/core.py", line 318, in markdown
    return md.convert(text)
  File "/home/travis/build/waylan/Python-Markdown/markdown/core.py", line 199, in convert
    newRoot = treeprocessor.run(root)
  File "/home/travis/build/waylan/Python-Markdown/markdown/treeprocessors.py", line 151, in run
    self.handle_elem(child, tree, pos)
  File "/home/travis/build/waylan/Python-Markdown/markdown/treeprocessors.py", line 119, in handle_elem
    elem.text, children = self.handle_inline(text)
  File "/home/travis/build/waylan/Python-Markdown/markdown/treeprocessors.py", line 92, in handle_inline
    pre_text, node, text = self.apply_patterns(text[m.start():])
  File "/home/travis/build/waylan/Python-Markdown/markdown/treeprocessors.py", line 63, in apply_patterns
    node = pattern.handleMatch(match)
  File "/home/travis/build/waylan/Python-Markdown/markdown/inlinepatterns.py", line 332, in handleMatch
    el.set("href", self.unescape(href.strip()))
  File "/home/travis/build/waylan/Python-Markdown/markdown/inlinepatterns.py", line 212, in unescape
    stash = self.md.treeprocessors['inline'].stashed_nodes
AttributeError: 'InlineProcessor' object has no attribute 'stashed_nodes'

======================================================================
ERROR: TestSyntax: "misc/nested-patterns"
----------------------------------------------------------------------
Traceback (most recent call last):
  File "/home/travis/build/waylan/Python-Markdown/.tox/py27/lib/python2.7/site-packages/nose/case.py", line 197, in runTest
    self.test(*self.arg)
  File "/home/travis/build/waylan/Python-Markdown/markdown/test.py", line 143, in __call__
    output = markdown.markdown(input, **config.get_args(file))
  File "/home/travis/build/waylan/Python-Markdown/markdown/core.py", line 318, in markdown
    return md.convert(text)
  File "/home/travis/build/waylan/Python-Markdown/markdown/core.py", line 199, in convert
    newRoot = treeprocessor.run(root)
  File "/home/travis/build/waylan/Python-Markdown/markdown/treeprocessors.py", line 151, in run
    self.handle_elem(child, tree, pos)
  File "/home/travis/build/waylan/Python-Markdown/markdown/treeprocessors.py", line 119, in handle_elem
    elem.text, children = self.handle_inline(text)
  File "/home/travis/build/waylan/Python-Markdown/markdown/treeprocessors.py", line 92, in handle_inline
    pre_text, node, text = self.apply_patterns(text[m.start():])
  File "/home/travis/build/waylan/Python-Markdown/markdown/treeprocessors.py", line 63, in apply_patterns
    node = pattern.handleMatch(match)
  File "/home/travis/build/waylan/Python-Markdown/markdown/inlinepatterns.py", line 332, in handleMatch
    el.set("href", self.unescape(href.strip()))
  File "/home/travis/build/waylan/Python-Markdown/markdown/inlinepatterns.py", line 212, in unescape
    stash = self.md.treeprocessors['inline'].stashed_nodes
AttributeError: 'InlineProcessor' object has no attribute 'stashed_nodes'

======================================================================
ERROR: TestSyntax: "misc/link-with-parenthesis"
----------------------------------------------------------------------
Traceback (most recent call last):
  File "/home/travis/build/waylan/Python-Markdown/.tox/py27/lib/python2.7/site-packages/nose/case.py", line 197, in runTest
    self.test(*self.arg)
  File "/home/travis/build/waylan/Python-Markdown/markdown/test.py", line 143, in __call__
    output = markdown.markdown(input, **config.get_args(file))
  File "/home/travis/build/waylan/Python-Markdown/markdown/core.py", line 318, in markdown
    return md.convert(text)
  File "/home/travis/build/waylan/Python-Markdown/markdown/core.py", line 199, in convert
    newRoot = treeprocessor.run(root)
  File "/home/travis/build/waylan/Python-Markdown/markdown/treeprocessors.py", line 151, in run
    self.handle_elem(child, tree, pos)
  File "/home/travis/build/waylan/Python-Markdown/markdown/treeprocessors.py", line 119, in handle_elem
    elem.text, children = self.handle_inline(text)
  File "/home/travis/build/waylan/Python-Markdown/markdown/treeprocessors.py", line 92, in handle_inline
    pre_text, node, text = self.apply_patterns(text[m.start():])
  File "/home/travis/build/waylan/Python-Markdown/markdown/treeprocessors.py", line 63, in apply_patterns
    node = pattern.handleMatch(match)
  File "/home/travis/build/waylan/Python-Markdown/markdown/inlinepatterns.py", line 332, in handleMatch
    el.set("href", self.unescape(href.strip()))
  File "/home/travis/build/waylan/Python-Markdown/markdown/inlinepatterns.py", line 212, in unescape
    stash = self.md.treeprocessors['inline'].stashed_nodes
AttributeError: 'InlineProcessor' object has no attribute 'stashed_nodes'

======================================================================
ERROR: TestSyntax: "misc/japanese"
----------------------------------------------------------------------
Traceback (most recent call last):
  File "/home/travis/build/waylan/Python-Markdown/.tox/py27/lib/python2.7/site-packages/nose/case.py", line 197, in runTest
    self.test(*self.arg)
  File "/home/travis/build/waylan/Python-Markdown/markdown/test.py", line 143, in __call__
    output = markdown.markdown(input, **config.get_args(file))
  File "/home/travis/build/waylan/Python-Markdown/markdown/core.py", line 318, in markdown
    return md.convert(text)
  File "/home/travis/build/waylan/Python-Markdown/markdown/core.py", line 199, in convert
    newRoot = treeprocessor.run(root)
  File "/home/travis/build/waylan/Python-Markdown/markdown/treeprocessors.py", line 151, in run
    self.handle_elem(child, tree, pos)
  File "/home/travis/build/waylan/Python-Markdown/markdown/treeprocessors.py", line 119, in handle_elem
    elem.text, children = self.handle_inline(text)
  File "/home/travis/build/waylan/Python-Markdown/markdown/treeprocessors.py", line 92, in handle_inline
    pre_text, node, text = self.apply_patterns(text[m.start():])
  File "/home/travis/build/waylan/Python-Markdown/markdown/treeprocessors.py", line 63, in apply_patterns
    node = pattern.handleMatch(match)
  File "/home/travis/build/waylan/Python-Markdown/markdown/inlinepatterns.py", line 332, in handleMatch
    el.set("href", self.unescape(href.strip()))
  File "/home/travis/build/waylan/Python-Markdown/markdown/inlinepatterns.py", line 212, in unescape
    stash = self.md.treeprocessors['inline'].stashed_nodes
AttributeError: 'InlineProcessor' object has no attribute 'stashed_nodes'

======================================================================
ERROR: TestSyntax: "misc/image_in_links"
----------------------------------------------------------------------
Traceback (most recent call last):
  File "/home/travis/build/waylan/Python-Markdown/.tox/py27/lib/python2.7/site-packages/nose/case.py", line 197, in runTest
    self.test(*self.arg)
  File "/home/travis/build/waylan/Python-Markdown/markdown/test.py", line 143, in __call__
    output = markdown.markdown(input, **config.get_args(file))
  File "/home/travis/build/waylan/Python-Markdown/markdown/core.py", line 318, in markdown
    return md.convert(text)
  File "/home/travis/build/waylan/Python-Markdown/markdown/core.py", line 199, in convert
    newRoot = treeprocessor.run(root)
  File "/home/travis/build/waylan/Python-Markdown/markdown/treeprocessors.py", line 151, in run
    self.handle_elem(child, tree, pos)
  File "/home/travis/build/waylan/Python-Markdown/markdown/treeprocessors.py", line 119, in handle_elem
    elem.text, children = self.handle_inline(text)
  File "/home/travis/build/waylan/Python-Markdown/markdown/treeprocessors.py", line 92, in handle_inline
    pre_text, node, text = self.apply_patterns(text[m.start():])
  File "/home/travis/build/waylan/Python-Markdown/markdown/treeprocessors.py", line 63, in apply_patterns
    node = pattern.handleMatch(match)
  File "/home/travis/build/waylan/Python-Markdown/markdown/inlinepatterns.py", line 332, in handleMatch
    el.set("href", self.unescape(href.strip()))
  File "/home/travis/build/waylan/Python-Markdown/markdown/inlinepatterns.py", line 212, in unescape
    stash = self.md.treeprocessors['inline'].stashed_nodes
AttributeError: 'InlineProcessor' object has no attribute 'stashed_nodes'

======================================================================
ERROR: TestSyntax: "misc/image"
----------------------------------------------------------------------
Traceback (most recent call last):
  File "/home/travis/build/waylan/Python-Markdown/.tox/py27/lib/python2.7/site-packages/nose/case.py", line 197, in runTest
    self.test(*self.arg)
  File "/home/travis/build/waylan/Python-Markdown/markdown/test.py", line 143, in __call__
    output = markdown.markdown(input, **config.get_args(file))
  File "/home/travis/build/waylan/Python-Markdown/markdown/core.py", line 318, in markdown
    return md.convert(text)
  File "/home/travis/build/waylan/Python-Markdown/markdown/core.py", line 199, in convert
    newRoot = treeprocessor.run(root)
  File "/home/travis/build/waylan/Python-Markdown/markdown/treeprocessors.py", line 151, in run
    self.handle_elem(child, tree, pos)
  File "/home/travis/build/waylan/Python-Markdown/markdown/treeprocessors.py", line 119, in handle_elem
    elem.text, children = self.handle_inline(text)
  File "/home/travis/build/waylan/Python-Markdown/markdown/treeprocessors.py", line 92, in handle_inline
    pre_text, node, text = self.apply_patterns(text[m.start():])
  File "/home/travis/build/waylan/Python-Markdown/markdown/treeprocessors.py", line 63, in apply_patterns
    node = pattern.handleMatch(match)
  File "/home/travis/build/waylan/Python-Markdown/markdown/inlinepatterns.py", line 351, in handleMatch
    el.set('src', self.unescape(src))
  File "/home/travis/build/waylan/Python-Markdown/markdown/inlinepatterns.py", line 212, in unescape
    stash = self.md.treeprocessors['inline'].stashed_nodes
AttributeError: 'InlineProcessor' object has no attribute 'stashed_nodes'

======================================================================
ERROR: TestSyntax: "misc/image-2"
----------------------------------------------------------------------
Traceback (most recent call last):
  File "/home/travis/build/waylan/Python-Markdown/.tox/py27/lib/python2.7/site-packages/nose/case.py", line 197, in runTest
    self.test(*self.arg)
  File "/home/travis/build/waylan/Python-Markdown/markdown/test.py", line 143, in __call__
    output = markdown.markdown(input, **config.get_args(file))
  File "/home/travis/build/waylan/Python-Markdown/markdown/core.py", line 318, in markdown
    return md.convert(text)
  File "/home/travis/build/waylan/Python-Markdown/markdown/core.py", line 199, in convert
    newRoot = treeprocessor.run(root)
  File "/home/travis/build/waylan/Python-Markdown/markdown/treeprocessors.py", line 151, in run
    self.handle_elem(child, tree, pos)
  File "/home/travis/build/waylan/Python-Markdown/markdown/treeprocessors.py", line 119, in handle_elem
    elem.text, children = self.handle_inline(text)
  File "/home/travis/build/waylan/Python-Markdown/markdown/treeprocessors.py", line 92, in handle_inline
    pre_text, node, text = self.apply_patterns(text[m.start():])
  File "/home/travis/build/waylan/Python-Markdown/markdown/treeprocessors.py", line 63, in apply_patterns
    node = pattern.handleMatch(match)
  File "/home/travis/build/waylan/Python-Markdown/markdown/inlinepatterns.py", line 332, in handleMatch
    el.set("href", self.unescape(href.strip()))
  File "/home/travis/build/waylan/Python-Markdown/markdown/inlinepatterns.py", line 212, in unescape
    stash = self.md.treeprocessors['inline'].stashed_nodes
AttributeError: 'InlineProcessor' object has no attribute 'stashed_nodes'

======================================================================
ERROR: TestSyntax: "misc/html"
----------------------------------------------------------------------
Traceback (most recent call last):
  File "/home/travis/build/waylan/Python-Markdown/.tox/py27/lib/python2.7/site-packages/nose/case.py", line 197, in runTest
    self.test(*self.arg)
  File "/home/travis/build/waylan/Python-Markdown/markdown/test.py", line 143, in __call__
    output = markdown.markdown(input, **config.get_args(file))
  File "/home/travis/build/waylan/Python-Markdown/markdown/core.py", line 318, in markdown
    return md.convert(text)
  File "/home/travis/build/waylan/Python-Markdown/markdown/core.py", line 199, in convert
    newRoot = treeprocessor.run(root)
  File "/home/travis/build/waylan/Python-Markdown/markdown/treeprocessors.py", line 151, in run
    self.handle_elem(child, tree, pos)
  File "/home/travis/build/waylan/Python-Markdown/markdown/treeprocessors.py", line 119, in handle_elem
    elem.text, children = self.handle_inline(text)
  File "/home/travis/build/waylan/Python-Markdown/markdown/treeprocessors.py", line 92, in handle_inline
    pre_text, node, text = self.apply_patterns(text[m.start():])
  File "/home/travis/build/waylan/Python-Markdown/markdown/treeprocessors.py", line 63, in apply_patterns
    node = pattern.handleMatch(match)
  File "/home/travis/build/waylan/Python-Markdown/markdown/inlinepatterns.py", line 332, in handleMatch
    el.set("href", self.unescape(href.strip()))
  File "/home/travis/build/waylan/Python-Markdown/markdown/inlinepatterns.py", line 212, in unescape
    stash = self.md.treeprocessors['inline'].stashed_nodes
AttributeError: 'InlineProcessor' object has no attribute 'stashed_nodes'

======================================================================
ERROR: TestSyntax: "misc/headers"
----------------------------------------------------------------------
Traceback (most recent call last):
  File "/home/travis/build/waylan/Python-Markdown/.tox/py27/lib/python2.7/site-packages/nose/case.py", line 197, in runTest
    self.test(*self.arg)
  File "/home/travis/build/waylan/Python-Markdown/markdown/test.py", line 143, in __call__
    output = markdown.markdown(input, **config.get_args(file))
  File "/home/travis/build/waylan/Python-Markdown/markdown/core.py", line 318, in markdown
    return md.convert(text)
  File "/home/travis/build/waylan/Python-Markdown/markdown/core.py", line 199, in convert
    newRoot = treeprocessor.run(root)
  File "/home/travis/build/waylan/Python-Markdown/markdown/treeprocessors.py", line 151, in run
    self.handle_elem(child, tree, pos)
  File "/home/travis/build/waylan/Python-Markdown/markdown/treeprocessors.py", line 119, in handle_elem
    elem.text, children = self.handle_inline(text)
  File "/home/travis/build/waylan/Python-Markdown/markdown/treeprocessors.py", line 92, in handle_inline
    pre_text, node, text = self.apply_patterns(text[m.start():])
  File "/home/travis/build/waylan/Python-Markdown/markdown/treeprocessors.py", line 63, in apply_patterns
    node = pattern.handleMatch(match)
  File "/home/travis/build/waylan/Python-Markdown/markdown/inlinepatterns.py", line 332, in handleMatch
    el.set("href", self.unescape(href.strip()))
  File "/home/travis/build/waylan/Python-Markdown/markdown/inlinepatterns.py", line 212, in unescape
    stash = self.md.treeprocessors['inline'].stashed_nodes
AttributeError: 'InlineProcessor' object has no attribute 'stashed_nodes'

======================================================================
ERROR: TestSyntax: "misc/escaped_links"
----------------------------------------------------------------------
Traceback (most recent call last):
  File "/home/travis/build/waylan/Python-Markdown/.tox/py27/lib/python2.7/site-packages/nose/case.py", line 197, in runTest
    self.test(*self.arg)
  File "/home/travis/build/waylan/Python-Markdown/markdown/test.py", line 143, in __call__
    output = markdown.markdown(input, **config.get_args(file))
  File "/home/travis/build/waylan/Python-Markdown/markdown/core.py", line 318, in markdown
    return md.convert(text)
  File "/home/travis/build/waylan/Python-Markdown/markdown/core.py", line 199, in convert
    newRoot = treeprocessor.run(root)
  File "/home/travis/build/waylan/Python-Markdown/markdown/treeprocessors.py", line 151, in run
    self.handle_elem(child, tree, pos)
  File "/home/travis/build/waylan/Python-Markdown/markdown/treeprocessors.py", line 119, in handle_elem
    elem.text, children = self.handle_inline(text)
  File "/home/travis/build/waylan/Python-Markdown/markdown/treeprocessors.py", line 92, in handle_inline
    pre_text, node, text = self.apply_patterns(text[m.start():])
  File "/home/travis/build/waylan/Python-Markdown/markdown/treeprocessors.py", line 63, in apply_patterns
    node = pattern.handleMatch(match)
  File "/home/travis/build/waylan/Python-Markdown/markdown/inlinepatterns.py", line 332, in handleMatch
    el.set("href", self.unescape(href.strip()))
  File "/home/travis/build/waylan/Python-Markdown/markdown/inlinepatterns.py", line 212, in unescape
    stash = self.md.treeprocessors['inline'].stashed_nodes
AttributeError: 'InlineProcessor' object has no attribute 'stashed_nodes'

======================================================================
ERROR: TestSyntax: "misc/em-around-links"
----------------------------------------------------------------------
Traceback (most recent call last):
  File "/home/travis/build/waylan/Python-Markdown/.tox/py27/lib/python2.7/site-packages/nose/case.py", line 197, in runTest
    self.test(*self.arg)
  File "/home/travis/build/waylan/Python-Markdown/markdown/test.py", line 143, in __call__
    output = markdown.markdown(input, **config.get_args(file))
  File "/home/travis/build/waylan/Python-Markdown/markdown/core.py", line 318, in markdown
    return md.convert(text)
  File "/home/travis/build/waylan/Python-Markdown/markdown/core.py", line 199, in convert
    newRoot = treeprocessor.run(root)
  File "/home/travis/build/waylan/Python-Markdown/markdown/treeprocessors.py", line 151, in run
    self.handle_elem(child, tree, pos)
  File "/home/travis/build/waylan/Python-Markdown/markdown/treeprocessors.py", line 129, in handle_elem
    self.handle_elem(child, elem, cpos)
  File "/home/travis/build/waylan/Python-Markdown/markdown/treeprocessors.py", line 129, in handle_elem
    self.handle_elem(child, elem, cpos)
  File "/home/travis/build/waylan/Python-Markdown/markdown/treeprocessors.py", line 119, in handle_elem
    elem.text, children = self.handle_inline(text)
  File "/home/travis/build/waylan/Python-Markdown/markdown/treeprocessors.py", line 92, in handle_inline
    pre_text, node, text = self.apply_patterns(text[m.start():])
  File "/home/travis/build/waylan/Python-Markdown/markdown/treeprocessors.py", line 63, in apply_patterns
    node = pattern.handleMatch(match)
  File "/home/travis/build/waylan/Python-Markdown/markdown/inlinepatterns.py", line 332, in handleMatch
    el.set("href", self.unescape(href.strip()))
  File "/home/travis/build/waylan/Python-Markdown/markdown/inlinepatterns.py", line 212, in unescape
    stash = self.md.treeprocessors['inline'].stashed_nodes
AttributeError: 'InlineProcessor' object has no attribute 'stashed_nodes'

======================================================================
ERROR: TestSyntax: "misc/brackets-in-img-title"
----------------------------------------------------------------------
Traceback (most recent call last):
  File "/home/travis/build/waylan/Python-Markdown/.tox/py27/lib/python2.7/site-packages/nose/case.py", line 197, in runTest
    self.test(*self.arg)
  File "/home/travis/build/waylan/Python-Markdown/markdown/test.py", line 143, in __call__
    output = markdown.markdown(input, **config.get_args(file))
  File "/home/travis/build/waylan/Python-Markdown/markdown/core.py", line 318, in markdown
    return md.convert(text)
  File "/home/travis/build/waylan/Python-Markdown/markdown/core.py", line 199, in convert
    newRoot = treeprocessor.run(root)
  File "/home/travis/build/waylan/Python-Markdown/markdown/treeprocessors.py", line 151, in run
    self.handle_elem(child, tree, pos)
  File "/home/travis/build/waylan/Python-Markdown/markdown/treeprocessors.py", line 119, in handle_elem
    elem.text, children = self.handle_inline(text)
  File "/home/travis/build/waylan/Python-Markdown/markdown/treeprocessors.py", line 92, in handle_inline
    pre_text, node, text = self.apply_patterns(text[m.start():])
  File "/home/travis/build/waylan/Python-Markdown/markdown/treeprocessors.py", line 63, in apply_patterns
    node = pattern.handleMatch(match)
  File "/home/travis/build/waylan/Python-Markdown/markdown/inlinepatterns.py", line 351, in handleMatch
    el.set('src', self.unescape(src))
  File "/home/travis/build/waylan/Python-Markdown/markdown/inlinepatterns.py", line 212, in unescape
    stash = self.md.treeprocessors['inline'].stashed_nodes
AttributeError: 'InlineProcessor' object has no attribute 'stashed_nodes'

======================================================================
ERROR: TestSyntax: "misc/bold_links"
----------------------------------------------------------------------
Traceback (most recent call last):
  File "/home/travis/build/waylan/Python-Markdown/.tox/py27/lib/python2.7/site-packages/nose/case.py", line 197, in runTest
    self.test(*self.arg)
  File "/home/travis/build/waylan/Python-Markdown/markdown/test.py", line 143, in __call__
    output = markdown.markdown(input, **config.get_args(file))
  File "/home/travis/build/waylan/Python-Markdown/markdown/core.py", line 318, in markdown
    return md.convert(text)
  File "/home/travis/build/waylan/Python-Markdown/markdown/core.py", line 199, in convert
    newRoot = treeprocessor.run(root)
  File "/home/travis/build/waylan/Python-Markdown/markdown/treeprocessors.py", line 151, in run
    self.handle_elem(child, tree, pos)
  File "/home/travis/build/waylan/Python-Markdown/markdown/treeprocessors.py", line 129, in handle_elem
    self.handle_elem(child, elem, cpos)
  File "/home/travis/build/waylan/Python-Markdown/markdown/treeprocessors.py", line 119, in handle_elem
    elem.text, children = self.handle_inline(text)
  File "/home/travis/build/waylan/Python-Markdown/markdown/treeprocessors.py", line 92, in handle_inline
    pre_text, node, text = self.apply_patterns(text[m.start():])
  File "/home/travis/build/waylan/Python-Markdown/markdown/treeprocessors.py", line 63, in apply_patterns
    node = pattern.handleMatch(match)
  File "/home/travis/build/waylan/Python-Markdown/markdown/inlinepatterns.py", line 332, in handleMatch
    el.set("href", self.unescape(href.strip()))
  File "/home/travis/build/waylan/Python-Markdown/markdown/inlinepatterns.py", line 212, in unescape
    stash = self.md.treeprocessors['inline'].stashed_nodes
AttributeError: 'InlineProcessor' object has no attribute 'stashed_nodes'

======================================================================
ERROR: TestSyntax: "misc/bidi"
----------------------------------------------------------------------
Traceback (most recent call last):
  File "/home/travis/build/waylan/Python-Markdown/.tox/py27/lib/python2.7/site-packages/nose/case.py", line 197, in runTest
    self.test(*self.arg)
  File "/home/travis/build/waylan/Python-Markdown/markdown/test.py", line 143, in __call__
    output = markdown.markdown(input, **config.get_args(file))
  File "/home/travis/build/waylan/Python-Markdown/markdown/core.py", line 318, in markdown
    return md.convert(text)
  File "/home/travis/build/waylan/Python-Markdown/markdown/core.py", line 199, in convert
    newRoot = treeprocessor.run(root)
  File "/home/travis/build/waylan/Python-Markdown/markdown/treeprocessors.py", line 151, in run
    self.handle_elem(child, tree, pos)
  File "/home/travis/build/waylan/Python-Markdown/markdown/treeprocessors.py", line 119, in handle_elem
    elem.text, children = self.handle_inline(text)
  File "/home/travis/build/waylan/Python-Markdown/markdown/treeprocessors.py", line 92, in handle_inline
    pre_text, node, text = self.apply_patterns(text[m.start():])
  File "/home/travis/build/waylan/Python-Markdown/markdown/treeprocessors.py", line 63, in apply_patterns
    node = pattern.handleMatch(match)
  File "/home/travis/build/waylan/Python-Markdown/markdown/inlinepatterns.py", line 332, in handleMatch
    el.set("href", self.unescape(href.strip()))
  File "/home/travis/build/waylan/Python-Markdown/markdown/inlinepatterns.py", line 212, in unescape
    stash = self.md.treeprocessors['inline'].stashed_nodes
AttributeError: 'InlineProcessor' object has no attribute 'stashed_nodes'

======================================================================
ERROR: TestSyntax: "misc/arabic"
----------------------------------------------------------------------
Traceback (most recent call last):
  File "/home/travis/build/waylan/Python-Markdown/.tox/py27/lib/python2.7/site-packages/nose/case.py", line 197, in runTest
    self.test(*self.arg)
  File "/home/travis/build/waylan/Python-Markdown/markdown/test.py", line 143, in __call__
    output = markdown.markdown(input, **config.get_args(file))
  File "/home/travis/build/waylan/Python-Markdown/markdown/core.py", line 318, in markdown
    return md.convert(text)
  File "/home/travis/build/waylan/Python-Markdown/markdown/core.py", line 199, in convert
    newRoot = treeprocessor.run(root)
  File "/home/travis/build/waylan/Python-Markdown/markdown/treeprocessors.py", line 151, in run
    self.handle_elem(child, tree, pos)
  File "/home/travis/build/waylan/Python-Markdown/markdown/treeprocessors.py", line 129, in handle_elem
    self.handle_elem(child, elem, cpos)
  File "/home/travis/build/waylan/Python-Markdown/markdown/treeprocessors.py", line 119, in handle_elem
    elem.text, children = self.handle_inline(text)
  File "/home/travis/build/waylan/Python-Markdown/markdown/treeprocessors.py", line 92, in handle_inline
    pre_text, node, text = self.apply_patterns(text[m.start():])
  File "/home/travis/build/waylan/Python-Markdown/markdown/treeprocessors.py", line 63, in apply_patterns
    node = pattern.handleMatch(match)
  File "/home/travis/build/waylan/Python-Markdown/markdown/inlinepatterns.py", line 332, in handleMatch
    el.set("href", self.unescape(href.strip()))
  File "/home/travis/build/waylan/Python-Markdown/markdown/inlinepatterns.py", line 212, in unescape
    stash = self.md.treeprocessors['inline'].stashed_nodes
AttributeError: 'InlineProcessor' object has no attribute 'stashed_nodes'

======================================================================
ERROR: TestSyntax: "misc/amp-in-url"
----------------------------------------------------------------------
Traceback (most recent call last):
  File "/home/travis/build/waylan/Python-Markdown/.tox/py27/lib/python2.7/site-packages/nose/case.py", line 197, in runTest
    self.test(*self.arg)
  File "/home/travis/build/waylan/Python-Markdown/markdown/test.py", line 143, in __call__
    output = markdown.markdown(input, **config.get_args(file))
  File "/home/travis/build/waylan/Python-Markdown/markdown/core.py", line 318, in markdown
    return md.convert(text)
  File "/home/travis/build/waylan/Python-Markdown/markdown/core.py", line 199, in convert
    newRoot = treeprocessor.run(root)
  File "/home/travis/build/waylan/Python-Markdown/markdown/treeprocessors.py", line 151, in run
    self.handle_elem(child, tree, pos)
  File "/home/travis/build/waylan/Python-Markdown/markdown/treeprocessors.py", line 119, in handle_elem
    elem.text, children = self.handle_inline(text)
  File "/home/travis/build/waylan/Python-Markdown/markdown/treeprocessors.py", line 92, in handle_inline
    pre_text, node, text = self.apply_patterns(text[m.start():])
  File "/home/travis/build/waylan/Python-Markdown/markdown/treeprocessors.py", line 63, in apply_patterns
    node = pattern.handleMatch(match)
  File "/home/travis/build/waylan/Python-Markdown/markdown/inlinepatterns.py", line 332, in handleMatch
    el.set("href", self.unescape(href.strip()))
  File "/home/travis/build/waylan/Python-Markdown/markdown/inlinepatterns.py", line 212, in unescape
    stash = self.md.treeprocessors['inline'].stashed_nodes
AttributeError: 'InlineProcessor' object has no attribute 'stashed_nodes'

======================================================================
ERROR: TestSyntax: "extensions/wikilinks"
----------------------------------------------------------------------
Traceback (most recent call last):
  File "/home/travis/build/waylan/Python-Markdown/.tox/py27/lib/python2.7/site-packages/nose/case.py", line 197, in runTest
    self.test(*self.arg)
  File "/home/travis/build/waylan/Python-Markdown/markdown/test.py", line 143, in __call__
    output = markdown.markdown(input, **config.get_args(file))
  File "/home/travis/build/waylan/Python-Markdown/markdown/core.py", line 318, in markdown
    return md.convert(text)
  File "/home/travis/build/waylan/Python-Markdown/markdown/core.py", line 199, in convert
    newRoot = treeprocessor.run(root)
  File "/home/travis/build/waylan/Python-Markdown/markdown/treeprocessors.py", line 151, in run
    self.handle_elem(child, tree, pos)
  File "/home/travis/build/waylan/Python-Markdown/markdown/treeprocessors.py", line 119, in handle_elem
    elem.text, children = self.handle_inline(text)
  File "/home/travis/build/waylan/Python-Markdown/markdown/treeprocessors.py", line 92, in handle_inline
    pre_text, node, text = self.apply_patterns(text[m.start():])
  File "/home/travis/build/waylan/Python-Markdown/markdown/treeprocessors.py", line 63, in apply_patterns
    node = pattern.handleMatch(match)
  File "/home/travis/build/waylan/Python-Markdown/markdown/inlinepatterns.py", line 332, in handleMatch
    el.set("href", self.unescape(href.strip()))
  File "/home/travis/build/waylan/Python-Markdown/markdown/inlinepatterns.py", line 212, in unescape
    stash = self.md.treeprocessors['inline'].stashed_nodes
AttributeError: 'InlineProcessor' object has no attribute 'stashed_nodes'
-------------------- >> begin captured logging << --------------------
MARKDOWN: DEBUG: Successfully loaded extension "markdown.extensions.wikilinks.WikiLinkExtension".
--------------------- >> end captured logging << ---------------------

======================================================================
ERROR: TestSyntax: "extensions/toc"
----------------------------------------------------------------------
Traceback (most recent call last):
  File "/home/travis/build/waylan/Python-Markdown/.tox/py27/lib/python2.7/site-packages/nose/case.py", line 197, in runTest
    self.test(*self.arg)
  File "/home/travis/build/waylan/Python-Markdown/markdown/test.py", line 143, in __call__
    output = markdown.markdown(input, **config.get_args(file))
  File "/home/travis/build/waylan/Python-Markdown/markdown/core.py", line 318, in markdown
    return md.convert(text)
  File "/home/travis/build/waylan/Python-Markdown/markdown/core.py", line 199, in convert
    newRoot = treeprocessor.run(root)
  File "/home/travis/build/waylan/Python-Markdown/markdown/treeprocessors.py", line 151, in run
    self.handle_elem(child, tree, pos)
  File "/home/travis/build/waylan/Python-Markdown/markdown/treeprocessors.py", line 119, in handle_elem
    elem.text, children = self.handle_inline(text)
  File "/home/travis/build/waylan/Python-Markdown/markdown/treeprocessors.py", line 92, in handle_inline
    pre_text, node, text = self.apply_patterns(text[m.start():])
  File "/home/travis/build/waylan/Python-Markdown/markdown/treeprocessors.py", line 63, in apply_patterns
    node = pattern.handleMatch(match)
  File "/home/travis/build/waylan/Python-Markdown/markdown/inlinepatterns.py", line 332, in handleMatch
    el.set("href", self.unescape(href.strip()))
  File "/home/travis/build/waylan/Python-Markdown/markdown/inlinepatterns.py", line 212, in unescape
    stash = self.md.treeprocessors['inline'].stashed_nodes
AttributeError: 'InlineProcessor' object has no attribute 'stashed_nodes'
-------------------- >> begin captured logging << --------------------
MARKDOWN: DEBUG: Successfully loaded extension "markdown.extensions.toc.TocExtension".
--------------------- >> end captured logging << ---------------------

======================================================================
ERROR: TestSyntax: "extensions/smarty"
----------------------------------------------------------------------
Traceback (most recent call last):
  File "/home/travis/build/waylan/Python-Markdown/.tox/py27/lib/python2.7/site-packages/nose/case.py", line 197, in runTest
    self.test(*self.arg)
  File "/home/travis/build/waylan/Python-Markdown/markdown/test.py", line 143, in __call__
    output = markdown.markdown(input, **config.get_args(file))
  File "/home/travis/build/waylan/Python-Markdown/markdown/core.py", line 318, in markdown
    return md.convert(text)
  File "/home/travis/build/waylan/Python-Markdown/markdown/core.py", line 199, in convert
    newRoot = treeprocessor.run(root)
  File "/home/travis/build/waylan/Python-Markdown/markdown/treeprocessors.py", line 151, in run
    self.handle_elem(child, tree, pos)
  File "/home/travis/build/waylan/Python-Markdown/markdown/treeprocessors.py", line 119, in handle_elem
    elem.text, children = self.handle_inline(text)
  File "/home/travis/build/waylan/Python-Markdown/markdown/treeprocessors.py", line 92, in handle_inline
    pre_text, node, text = self.apply_patterns(text[m.start():])
  File "/home/travis/build/waylan/Python-Markdown/markdown/treeprocessors.py", line 63, in apply_patterns
    node = pattern.handleMatch(match)
  File "/home/travis/build/waylan/Python-Markdown/markdown/inlinepatterns.py", line 332, in handleMatch
    el.set("href", self.unescape(href.strip()))
  File "/home/travis/build/waylan/Python-Markdown/markdown/inlinepatterns.py", line 212, in unescape
    stash = self.md.treeprocessors['inline'].stashed_nodes
AttributeError: 'InlineProcessor' object has no attribute 'stashed_nodes'
-------------------- >> begin captured logging << --------------------
MARKDOWN: DEBUG: Successfully loaded extension "markdown.extensions.smarty.SmartyExtension".
--------------------- >> end captured logging << ---------------------

======================================================================
ERROR: TestSyntax: "extensions/legacy_attrs"
----------------------------------------------------------------------
Traceback (most recent call last):
  File "/home/travis/build/waylan/Python-Markdown/.tox/py27/lib/python2.7/site-packages/nose/case.py", line 197, in runTest
    self.test(*self.arg)
  File "/home/travis/build/waylan/Python-Markdown/markdown/test.py", line 143, in __call__
    output = markdown.markdown(input, **config.get_args(file))
  File "/home/travis/build/waylan/Python-Markdown/markdown/core.py", line 318, in markdown
    return md.convert(text)
  File "/home/travis/build/waylan/Python-Markdown/markdown/core.py", line 199, in convert
    newRoot = treeprocessor.run(root)
  File "/home/travis/build/waylan/Python-Markdown/markdown/treeprocessors.py", line 151, in run
    self.handle_elem(child, tree, pos)
  File "/home/travis/build/waylan/Python-Markdown/markdown/treeprocessors.py", line 119, in handle_elem
    elem.text, children = self.handle_inline(text)
  File "/home/travis/build/waylan/Python-Markdown/markdown/treeprocessors.py", line 92, in handle_inline
    pre_text, node, text = self.apply_patterns(text[m.start():])
  File "/home/travis/build/waylan/Python-Markdown/markdown/treeprocessors.py", line 63, in apply_patterns
    node = pattern.handleMatch(match)
  File "/home/travis/build/waylan/Python-Markdown/markdown/inlinepatterns.py", line 332, in handleMatch
    el.set("href", self.unescape(href.strip()))
  File "/home/travis/build/waylan/Python-Markdown/markdown/inlinepatterns.py", line 212, in unescape
    stash = self.md.treeprocessors['inline'].stashed_nodes
AttributeError: 'InlineProcessor' object has no attribute 'stashed_nodes'
-------------------- >> begin captured logging << --------------------
MARKDOWN: DEBUG: Successfully loaded extension "markdown.extensions.legacy_attrs.LegacyAttrExtension".
--------------------- >> end captured logging << ---------------------

======================================================================
ERROR: TestSyntax: "extensions/attr_list"
----------------------------------------------------------------------
Traceback (most recent call last):
  File "/home/travis/build/waylan/Python-Markdown/.tox/py27/lib/python2.7/site-packages/nose/case.py", line 197, in runTest
    self.test(*self.arg)
  File "/home/travis/build/waylan/Python-Markdown/markdown/test.py", line 143, in __call__
    output = markdown.markdown(input, **config.get_args(file))
  File "/home/travis/build/waylan/Python-Markdown/markdown/core.py", line 318, in markdown
    return md.convert(text)
  File "/home/travis/build/waylan/Python-Markdown/markdown/core.py", line 199, in convert
    newRoot = treeprocessor.run(root)
  File "/home/travis/build/waylan/Python-Markdown/markdown/treeprocessors.py", line 151, in run
    self.handle_elem(child, tree, pos)
  File "/home/travis/build/waylan/Python-Markdown/markdown/treeprocessors.py", line 119, in handle_elem
    elem.text, children = self.handle_inline(text)
  File "/home/travis/build/waylan/Python-Markdown/markdown/treeprocessors.py", line 92, in handle_inline
    pre_text, node, text = self.apply_patterns(text[m.start():])
  File "/home/travis/build/waylan/Python-Markdown/markdown/treeprocessors.py", line 63, in apply_patterns
    node = pattern.handleMatch(match)
  File "/home/travis/build/waylan/Python-Markdown/markdown/inlinepatterns.py", line 332, in handleMatch
    el.set("href", self.unescape(href.strip()))
  File "/home/travis/build/waylan/Python-Markdown/markdown/inlinepatterns.py", line 212, in unescape
    stash = self.md.treeprocessors['inline'].stashed_nodes
AttributeError: 'InlineProcessor' object has no attribute 'stashed_nodes'
-------------------- >> begin captured logging << --------------------
MARKDOWN: DEBUG: Successfully loaded extension "markdown.extensions.attr_list.AttrListExtension".
MARKDOWN: DEBUG: Successfully loaded extension "markdown.extensions.def_list.DefListExtension".
MARKDOWN: DEBUG: Successfully loaded extension "markdown.extensions.smarty.SmartyExtension".
--------------------- >> end captured logging << ---------------------

======================================================================
ERROR: TestSyntax: "extensions/extra/named_markers"
----------------------------------------------------------------------
Traceback (most recent call last):
  File "/home/travis/build/waylan/Python-Markdown/.tox/py27/lib/python2.7/site-packages/nose/case.py", line 197, in runTest
    self.test(*self.arg)
  File "/home/travis/build/waylan/Python-Markdown/markdown/test.py", line 143, in __call__
    output = markdown.markdown(input, **config.get_args(file))
  File "/home/travis/build/waylan/Python-Markdown/markdown/core.py", line 318, in markdown
    return md.convert(text)
  File "/home/travis/build/waylan/Python-Markdown/markdown/core.py", line 199, in convert
    newRoot = treeprocessor.run(root)
  File "/home/travis/build/waylan/Python-Markdown/markdown/treeprocessors.py", line 151, in run
    self.handle_elem(child, tree, pos)
  File "/home/travis/build/waylan/Python-Markdown/markdown/treeprocessors.py", line 119, in handle_elem
    elem.text, children = self.handle_inline(text)
  File "/home/travis/build/waylan/Python-Markdown/markdown/treeprocessors.py", line 92, in handle_inline
    pre_text, node, text = self.apply_patterns(text[m.start():])
  File "/home/travis/build/waylan/Python-Markdown/markdown/treeprocessors.py", line 63, in apply_patterns
    node = pattern.handleMatch(match)
  File "/home/travis/build/waylan/Python-Markdown/markdown/extensions/footnotes.py", line 267, in handleMatch
    id = m.group(2)
IndexError: no such group
-------------------- >> begin captured logging << --------------------
MARKDOWN: DEBUG: Successfully loaded extension "markdown.extensions.fenced_code.FencedCodeExtension".
MARKDOWN: DEBUG: Successfully loaded extension "markdown.extensions.footnotes.FootnoteExtension".
MARKDOWN: DEBUG: Successfully loaded extension "markdown.extensions.attr_list.AttrListExtension".
MARKDOWN: DEBUG: Successfully loaded extension "markdown.extensions.def_list.DefListExtension".
MARKDOWN: DEBUG: Successfully loaded extension "markdown.extensions.tables.TableExtension".
MARKDOWN: DEBUG: Successfully loaded extension "markdown.extensions.abbr.AbbrExtension".
MARKDOWN: DEBUG: Successfully loaded extension "markdown.extensions.extra.ExtraExtension".
--------------------- >> end captured logging << ---------------------

======================================================================
ERROR: TestSyntax: "extensions/extra/markdown-syntax"
----------------------------------------------------------------------
Traceback (most recent call last):
  File "/home/travis/build/waylan/Python-Markdown/.tox/py27/lib/python2.7/site-packages/nose/case.py", line 197, in runTest
    self.test(*self.arg)
  File "/home/travis/build/waylan/Python-Markdown/markdown/test.py", line 143, in __call__
    output = markdown.markdown(input, **config.get_args(file))
  File "/home/travis/build/waylan/Python-Markdown/markdown/core.py", line 318, in markdown
    return md.convert(text)
  File "/home/travis/build/waylan/Python-Markdown/markdown/core.py", line 199, in convert
    newRoot = treeprocessor.run(root)
  File "/home/travis/build/waylan/Python-Markdown/markdown/treeprocessors.py", line 151, in run
    self.handle_elem(child, tree, pos)
  File "/home/travis/build/waylan/Python-Markdown/markdown/treeprocessors.py", line 129, in handle_elem
    self.handle_elem(child, elem, cpos)
  File "/home/travis/build/waylan/Python-Markdown/markdown/treeprocessors.py", line 119, in handle_elem
    elem.text, children = self.handle_inline(text)
  File "/home/travis/build/waylan/Python-Markdown/markdown/treeprocessors.py", line 92, in handle_inline
    pre_text, node, text = self.apply_patterns(text[m.start():])
  File "/home/travis/build/waylan/Python-Markdown/markdown/treeprocessors.py", line 63, in apply_patterns
    node = pattern.handleMatch(match)
  File "/home/travis/build/waylan/Python-Markdown/markdown/inlinepatterns.py", line 332, in handleMatch
    el.set("href", self.unescape(href.strip()))
  File "/home/travis/build/waylan/Python-Markdown/markdown/inlinepatterns.py", line 212, in unescape
    stash = self.md.treeprocessors['inline'].stashed_nodes
AttributeError: 'InlineProcessor' object has no attribute 'stashed_nodes'
-------------------- >> begin captured logging << --------------------
MARKDOWN: DEBUG: Successfully loaded extension "markdown.extensions.fenced_code.FencedCodeExtension".
MARKDOWN: DEBUG: Successfully loaded extension "markdown.extensions.footnotes.FootnoteExtension".
MARKDOWN: DEBUG: Successfully loaded extension "markdown.extensions.attr_list.AttrListExtension".
MARKDOWN: DEBUG: Successfully loaded extension "markdown.extensions.def_list.DefListExtension".
MARKDOWN: DEBUG: Successfully loaded extension "markdown.extensions.tables.TableExtension".
MARKDOWN: DEBUG: Successfully loaded extension "markdown.extensions.abbr.AbbrExtension".
MARKDOWN: DEBUG: Successfully loaded extension "markdown.extensions.extra.ExtraExtension".
--------------------- >> end captured logging << ---------------------

======================================================================
ERROR: TestSyntax: "extensions/extra/footnote_placeholder"
----------------------------------------------------------------------
Traceback (most recent call last):
  File "/home/travis/build/waylan/Python-Markdown/.tox/py27/lib/python2.7/site-packages/nose/case.py", line 197, in runTest
    self.test(*self.arg)
  File "/home/travis/build/waylan/Python-Markdown/markdown/test.py", line 143, in __call__
    output = markdown.markdown(input, **config.get_args(file))
  File "/home/travis/build/waylan/Python-Markdown/markdown/core.py", line 318, in markdown
    return md.convert(text)
  File "/home/travis/build/waylan/Python-Markdown/markdown/core.py", line 199, in convert
    newRoot = treeprocessor.run(root)
  File "/home/travis/build/waylan/Python-Markdown/markdown/treeprocessors.py", line 151, in run
    self.handle_elem(child, tree, pos)
  File "/home/travis/build/waylan/Python-Markdown/markdown/treeprocessors.py", line 119, in handle_elem
    elem.text, children = self.handle_inline(text)
  File "/home/travis/build/waylan/Python-Markdown/markdown/treeprocessors.py", line 92, in handle_inline
    pre_text, node, text = self.apply_patterns(text[m.start():])
  File "/home/travis/build/waylan/Python-Markdown/markdown/treeprocessors.py", line 63, in apply_patterns
    node = pattern.handleMatch(match)
  File "/home/travis/build/waylan/Python-Markdown/markdown/extensions/footnotes.py", line 267, in handleMatch
    id = m.group(2)
IndexError: no such group
-------------------- >> begin captured logging << --------------------
MARKDOWN: DEBUG: Successfully loaded extension "markdown.extensions.fenced_code.FencedCodeExtension".
MARKDOWN: DEBUG: Successfully loaded extension "markdown.extensions.footnotes.FootnoteExtension".
MARKDOWN: DEBUG: Successfully loaded extension "markdown.extensions.attr_list.AttrListExtension".
MARKDOWN: DEBUG: Successfully loaded extension "markdown.extensions.def_list.DefListExtension".
MARKDOWN: DEBUG: Successfully loaded extension "markdown.extensions.tables.TableExtension".
MARKDOWN: DEBUG: Successfully loaded extension "markdown.extensions.abbr.AbbrExtension".
MARKDOWN: DEBUG: Successfully loaded extension "markdown.extensions.extra.ExtraExtension".
--------------------- >> end captured logging << ---------------------

======================================================================
ERROR: TestSyntax: "extensions/extra/footnote_many_footnotes"
----------------------------------------------------------------------
Traceback (most recent call last):
  File "/home/travis/build/waylan/Python-Markdown/.tox/py27/lib/python2.7/site-packages/nose/case.py", line 197, in runTest
    self.test(*self.arg)
  File "/home/travis/build/waylan/Python-Markdown/markdown/test.py", line 143, in __call__
    output = markdown.markdown(input, **config.get_args(file))
  File "/home/travis/build/waylan/Python-Markdown/markdown/core.py", line 318, in markdown
    return md.convert(text)
  File "/home/travis/build/waylan/Python-Markdown/markdown/core.py", line 199, in convert
    newRoot = treeprocessor.run(root)
  File "/home/travis/build/waylan/Python-Markdown/markdown/treeprocessors.py", line 151, in run
    self.handle_elem(child, tree, pos)
  File "/home/travis/build/waylan/Python-Markdown/markdown/treeprocessors.py", line 119, in handle_elem
    elem.text, children = self.handle_inline(text)
  File "/home/travis/build/waylan/Python-Markdown/markdown/treeprocessors.py", line 92, in handle_inline
    pre_text, node, text = self.apply_patterns(text[m.start():])
  File "/home/travis/build/waylan/Python-Markdown/markdown/treeprocessors.py", line 63, in apply_patterns
    node = pattern.handleMatch(match)
  File "/home/travis/build/waylan/Python-Markdown/markdown/extensions/footnotes.py", line 267, in handleMatch
    id = m.group(2)
IndexError: no such group
-------------------- >> begin captured logging << --------------------
MARKDOWN: DEBUG: Successfully loaded extension "markdown.extensions.fenced_code.FencedCodeExtension".
MARKDOWN: DEBUG: Successfully loaded extension "markdown.extensions.footnotes.FootnoteExtension".
MARKDOWN: DEBUG: Successfully loaded extension "markdown.extensions.attr_list.AttrListExtension".
MARKDOWN: DEBUG: Successfully loaded extension "markdown.extensions.def_list.DefListExtension".
MARKDOWN: DEBUG: Successfully loaded extension "markdown.extensions.tables.TableExtension".
MARKDOWN: DEBUG: Successfully loaded extension "markdown.extensions.abbr.AbbrExtension".
MARKDOWN: DEBUG: Successfully loaded extension "markdown.extensions.extra.ExtraExtension".
--------------------- >> end captured logging << ---------------------

======================================================================
ERROR: TestSyntax: "extensions/extra/footnote"
----------------------------------------------------------------------
Traceback (most recent call last):
  File "/home/travis/build/waylan/Python-Markdown/.tox/py27/lib/python2.7/site-packages/nose/case.py", line 197, in runTest
    self.test(*self.arg)
  File "/home/travis/build/waylan/Python-Markdown/markdown/test.py", line 143, in __call__
    output = markdown.markdown(input, **config.get_args(file))
  File "/home/travis/build/waylan/Python-Markdown/markdown/core.py", line 318, in markdown
    return md.convert(text)
  File "/home/travis/build/waylan/Python-Markdown/markdown/core.py", line 199, in convert
    newRoot = treeprocessor.run(root)
  File "/home/travis/build/waylan/Python-Markdown/markdown/treeprocessors.py", line 151, in run
    self.handle_elem(child, tree, pos)
  File "/home/travis/build/waylan/Python-Markdown/markdown/treeprocessors.py", line 119, in handle_elem
    elem.text, children = self.handle_inline(text)
  File "/home/travis/build/waylan/Python-Markdown/markdown/treeprocessors.py", line 92, in handle_inline
    pre_text, node, text = self.apply_patterns(text[m.start():])
  File "/home/travis/build/waylan/Python-Markdown/markdown/treeprocessors.py", line 63, in apply_patterns
    node = pattern.handleMatch(match)
  File "/home/travis/build/waylan/Python-Markdown/markdown/extensions/footnotes.py", line 267, in handleMatch
    id = m.group(2)
IndexError: no such group
-------------------- >> begin captured logging << --------------------
MARKDOWN: DEBUG: Successfully loaded extension "markdown.extensions.fenced_code.FencedCodeExtension".
MARKDOWN: DEBUG: Successfully loaded extension "markdown.extensions.footnotes.FootnoteExtension".
MARKDOWN: DEBUG: Successfully loaded extension "markdown.extensions.attr_list.AttrListExtension".
MARKDOWN: DEBUG: Successfully loaded extension "markdown.extensions.def_list.DefListExtension".
MARKDOWN: DEBUG: Successfully loaded extension "markdown.extensions.tables.TableExtension".
MARKDOWN: DEBUG: Successfully loaded extension "markdown.extensions.abbr.AbbrExtension".
MARKDOWN: DEBUG: Successfully loaded extension "markdown.extensions.extra.ExtraExtension".
--------------------- >> end captured logging << ---------------------

======================================================================
ERROR: TestSyntax: "extensions/extra/extra_config"
----------------------------------------------------------------------
Traceback (most recent call last):
  File "/home/travis/build/waylan/Python-Markdown/.tox/py27/lib/python2.7/site-packages/nose/case.py", line 197, in runTest
    self.test(*self.arg)
  File "/home/travis/build/waylan/Python-Markdown/markdown/test.py", line 143, in __call__
    output = markdown.markdown(input, **config.get_args(file))
  File "/home/travis/build/waylan/Python-Markdown/markdown/core.py", line 318, in markdown
    return md.convert(text)
  File "/home/travis/build/waylan/Python-Markdown/markdown/core.py", line 199, in convert
    newRoot = treeprocessor.run(root)
  File "/home/travis/build/waylan/Python-Markdown/markdown/treeprocessors.py", line 151, in run
    self.handle_elem(child, tree, pos)
  File "/home/travis/build/waylan/Python-Markdown/markdown/treeprocessors.py", line 119, in handle_elem
    elem.text, children = self.handle_inline(text)
  File "/home/travis/build/waylan/Python-Markdown/markdown/treeprocessors.py", line 92, in handle_inline
    pre_text, node, text = self.apply_patterns(text[m.start():])
  File "/home/travis/build/waylan/Python-Markdown/markdown/treeprocessors.py", line 63, in apply_patterns
    node = pattern.handleMatch(match)
  File "/home/travis/build/waylan/Python-Markdown/markdown/extensions/footnotes.py", line 267, in handleMatch
    id = m.group(2)
IndexError: no such group
-------------------- >> begin captured logging << --------------------
MARKDOWN: DEBUG: Successfully loaded extension "markdown.extensions.fenced_code.FencedCodeExtension".
MARKDOWN: DEBUG: Successfully loaded extension "markdown.extensions.footnotes.FootnoteExtension".
MARKDOWN: DEBUG: Successfully loaded extension "markdown.extensions.attr_list.AttrListExtension".
MARKDOWN: DEBUG: Successfully loaded extension "markdown.extensions.def_list.DefListExtension".
MARKDOWN: DEBUG: Successfully loaded extension "markdown.extensions.tables.TableExtension".
MARKDOWN: DEBUG: Successfully loaded extension "markdown.extensions.abbr.AbbrExtension".
MARKDOWN: DEBUG: Successfully loaded extension "markdown.extensions.extra.ExtraExtension".
--------------------- >> end captured logging << ---------------------

======================================================================
ERROR: TestSyntax: "basic/markdown-syntax"
----------------------------------------------------------------------
Traceback (most recent call last):
  File "/home/travis/build/waylan/Python-Markdown/.tox/py27/lib/python2.7/site-packages/nose/case.py", line 197, in runTest
    self.test(*self.arg)
  File "/home/travis/build/waylan/Python-Markdown/markdown/test.py", line 143, in __call__
    output = markdown.markdown(input, **config.get_args(file))
  File "/home/travis/build/waylan/Python-Markdown/markdown/core.py", line 318, in markdown
    return md.convert(text)
  File "/home/travis/build/waylan/Python-Markdown/markdown/core.py", line 199, in convert
    newRoot = treeprocessor.run(root)
  File "/home/travis/build/waylan/Python-Markdown/markdown/treeprocessors.py", line 151, in run
    self.handle_elem(child, tree, pos)
  File "/home/travis/build/waylan/Python-Markdown/markdown/treeprocessors.py", line 129, in handle_elem
    self.handle_elem(child, elem, cpos)
  File "/home/travis/build/waylan/Python-Markdown/markdown/treeprocessors.py", line 119, in handle_elem
    elem.text, children = self.handle_inline(text)
  File "/home/travis/build/waylan/Python-Markdown/markdown/treeprocessors.py", line 92, in handle_inline
    pre_text, node, text = self.apply_patterns(text[m.start():])
  File "/home/travis/build/waylan/Python-Markdown/markdown/treeprocessors.py", line 63, in apply_patterns
    node = pattern.handleMatch(match)
  File "/home/travis/build/waylan/Python-Markdown/markdown/inlinepatterns.py", line 332, in handleMatch
    el.set("href", self.unescape(href.strip()))
  File "/home/travis/build/waylan/Python-Markdown/markdown/inlinepatterns.py", line 212, in unescape
    stash = self.md.treeprocessors['inline'].stashed_nodes
AttributeError: 'InlineProcessor' object has no attribute 'stashed_nodes'

======================================================================
ERROR: TestSyntax: "basic/literal-quotes"
----------------------------------------------------------------------
Traceback (most recent call last):
  File "/home/travis/build/waylan/Python-Markdown/.tox/py27/lib/python2.7/site-packages/nose/case.py", line 197, in runTest
    self.test(*self.arg)
  File "/home/travis/build/waylan/Python-Markdown/markdown/test.py", line 143, in __call__
    output = markdown.markdown(input, **config.get_args(file))
  File "/home/travis/build/waylan/Python-Markdown/markdown/core.py", line 318, in markdown
    return md.convert(text)
  File "/home/travis/build/waylan/Python-Markdown/markdown/core.py", line 199, in convert
    newRoot = treeprocessor.run(root)
  File "/home/travis/build/waylan/Python-Markdown/markdown/treeprocessors.py", line 151, in run
    self.handle_elem(child, tree, pos)
  File "/home/travis/build/waylan/Python-Markdown/markdown/treeprocessors.py", line 119, in handle_elem
    elem.text, children = self.handle_inline(text)
  File "/home/travis/build/waylan/Python-Markdown/markdown/treeprocessors.py", line 92, in handle_inline
    pre_text, node, text = self.apply_patterns(text[m.start():])
  File "/home/travis/build/waylan/Python-Markdown/markdown/treeprocessors.py", line 63, in apply_patterns
    node = pattern.handleMatch(match)
  File "/home/travis/build/waylan/Python-Markdown/markdown/inlinepatterns.py", line 332, in handleMatch
    el.set("href", self.unescape(href.strip()))
  File "/home/travis/build/waylan/Python-Markdown/markdown/inlinepatterns.py", line 212, in unescape
    stash = self.md.treeprocessors['inline'].stashed_nodes
AttributeError: 'InlineProcessor' object has no attribute 'stashed_nodes'

======================================================================
ERROR: TestSyntax: "basic/links-inline"
----------------------------------------------------------------------
Traceback (most recent call last):
  File "/home/travis/build/waylan/Python-Markdown/.tox/py27/lib/python2.7/site-packages/nose/case.py", line 197, in runTest
    self.test(*self.arg)
  File "/home/travis/build/waylan/Python-Markdown/markdown/test.py", line 143, in __call__
    output = markdown.markdown(input, **config.get_args(file))
  File "/home/travis/build/waylan/Python-Markdown/markdown/core.py", line 318, in markdown
    return md.convert(text)
  File "/home/travis/build/waylan/Python-Markdown/markdown/core.py", line 199, in convert
    newRoot = treeprocessor.run(root)
  File "/home/travis/build/waylan/Python-Markdown/markdown/treeprocessors.py", line 151, in run
    self.handle_elem(child, tree, pos)
  File "/home/travis/build/waylan/Python-Markdown/markdown/treeprocessors.py", line 119, in handle_elem
    elem.text, children = self.handle_inline(text)
  File "/home/travis/build/waylan/Python-Markdown/markdown/treeprocessors.py", line 92, in handle_inline
    pre_text, node, text = self.apply_patterns(text[m.start():])
  File "/home/travis/build/waylan/Python-Markdown/markdown/treeprocessors.py", line 63, in apply_patterns
    node = pattern.handleMatch(match)
  File "/home/travis/build/waylan/Python-Markdown/markdown/inlinepatterns.py", line 332, in handleMatch
    el.set("href", self.unescape(href.strip()))
  File "/home/travis/build/waylan/Python-Markdown/markdown/inlinepatterns.py", line 212, in unescape
    stash = self.md.treeprocessors['inline'].stashed_nodes
AttributeError: 'InlineProcessor' object has no attribute 'stashed_nodes'

======================================================================
ERROR: TestSyntax: "basic/inline-html-simple"
----------------------------------------------------------------------
Traceback (most recent call last):
  File "/home/travis/build/waylan/Python-Markdown/.tox/py27/lib/python2.7/site-packages/nose/case.py", line 197, in runTest
    self.test(*self.arg)
  File "/home/travis/build/waylan/Python-Markdown/markdown/test.py", line 143, in __call__
    output = markdown.markdown(input, **config.get_args(file))
  File "/home/travis/build/waylan/Python-Markdown/markdown/core.py", line 318, in markdown
    return md.convert(text)
  File "/home/travis/build/waylan/Python-Markdown/markdown/core.py", line 199, in convert
    newRoot = treeprocessor.run(root)
  File "/home/travis/build/waylan/Python-Markdown/markdown/treeprocessors.py", line 151, in run
    self.handle_elem(child, tree, pos)
  File "/home/travis/build/waylan/Python-Markdown/markdown/treeprocessors.py", line 119, in handle_elem
    elem.text, children = self.handle_inline(text)
  File "/home/travis/build/waylan/Python-Markdown/markdown/treeprocessors.py", line 92, in handle_inline
    pre_text, node, text = self.apply_patterns(text[m.start():])
  File "/home/travis/build/waylan/Python-Markdown/markdown/treeprocessors.py", line 63, in apply_patterns
    node = pattern.handleMatch(match)
  File "/home/travis/build/waylan/Python-Markdown/markdown/inlinepatterns.py", line 332, in handleMatch
    el.set("href", self.unescape(href.strip()))
  File "/home/travis/build/waylan/Python-Markdown/markdown/inlinepatterns.py", line 212, in unescape
    stash = self.md.treeprocessors['inline'].stashed_nodes
AttributeError: 'InlineProcessor' object has no attribute 'stashed_nodes'

======================================================================
ERROR: TestSyntax: "basic/angle-links-and-img"
----------------------------------------------------------------------
Traceback (most recent call last):
  File "/home/travis/build/waylan/Python-Markdown/.tox/py27/lib/python2.7/site-packages/nose/case.py", line 197, in runTest
    self.test(*self.arg)
  File "/home/travis/build/waylan/Python-Markdown/markdown/test.py", line 143, in __call__
    output = markdown.markdown(input, **config.get_args(file))
  File "/home/travis/build/waylan/Python-Markdown/markdown/core.py", line 318, in markdown
    return md.convert(text)
  File "/home/travis/build/waylan/Python-Markdown/markdown/core.py", line 199, in convert
    newRoot = treeprocessor.run(root)
  File "/home/travis/build/waylan/Python-Markdown/markdown/treeprocessors.py", line 151, in run
    self.handle_elem(child, tree, pos)
  File "/home/travis/build/waylan/Python-Markdown/markdown/treeprocessors.py", line 119, in handle_elem
    elem.text, children = self.handle_inline(text)
  File "/home/travis/build/waylan/Python-Markdown/markdown/treeprocessors.py", line 92, in handle_inline
    pre_text, node, text = self.apply_patterns(text[m.start():])
  File "/home/travis/build/waylan/Python-Markdown/markdown/treeprocessors.py", line 63, in apply_patterns
    node = pattern.handleMatch(match)
  File "/home/travis/build/waylan/Python-Markdown/markdown/inlinepatterns.py", line 332, in handleMatch
    el.set("href", self.unescape(href.strip()))
  File "/home/travis/build/waylan/Python-Markdown/markdown/inlinepatterns.py", line 212, in unescape
    stash = self.md.treeprocessors['inline'].stashed_nodes
AttributeError: 'InlineProcessor' object has no attribute 'stashed_nodes'

======================================================================
ERROR: TestSyntax: "basic/amps-and-angle-encoding"
----------------------------------------------------------------------
Traceback (most recent call last):
  File "/home/travis/build/waylan/Python-Markdown/.tox/py27/lib/python2.7/site-packages/nose/case.py", line 197, in runTest
    self.test(*self.arg)
  File "/home/travis/build/waylan/Python-Markdown/markdown/test.py", line 143, in __call__
    output = markdown.markdown(input, **config.get_args(file))
  File "/home/travis/build/waylan/Python-Markdown/markdown/core.py", line 318, in markdown
    return md.convert(text)
  File "/home/travis/build/waylan/Python-Markdown/markdown/core.py", line 199, in convert
    newRoot = treeprocessor.run(root)
  File "/home/travis/build/waylan/Python-Markdown/markdown/treeprocessors.py", line 151, in run
    self.handle_elem(child, tree, pos)
  File "/home/travis/build/waylan/Python-Markdown/markdown/treeprocessors.py", line 119, in handle_elem
    elem.text, children = self.handle_inline(text)
  File "/home/travis/build/waylan/Python-Markdown/markdown/treeprocessors.py", line 92, in handle_inline
    pre_text, node, text = self.apply_patterns(text[m.start():])
  File "/home/travis/build/waylan/Python-Markdown/markdown/treeprocessors.py", line 63, in apply_patterns
    node = pattern.handleMatch(match)
  File "/home/travis/build/waylan/Python-Markdown/markdown/inlinepatterns.py", line 332, in handleMatch
    el.set("href", self.unescape(href.strip()))
  File "/home/travis/build/waylan/Python-Markdown/markdown/inlinepatterns.py", line 212, in unescape
    stash = self.md.treeprocessors['inline'].stashed_nodes
AttributeError: 'InlineProcessor' object has no attribute 'stashed_nodes'

======================================================================
ERROR: Test Nested Abbreviations.
----------------------------------------------------------------------
Traceback (most recent call last):
  File "/home/travis/build/waylan/Python-Markdown/tests/test_extensions.py", line 83, in testNestedAbbr
    self.md.convert(text),
  File "/home/travis/build/waylan/Python-Markdown/markdown/core.py", line 199, in convert
    newRoot = treeprocessor.run(root)
  File "/home/travis/build/waylan/Python-Markdown/markdown/treeprocessors.py", line 151, in run
    self.handle_elem(child, tree, pos)
  File "/home/travis/build/waylan/Python-Markdown/markdown/treeprocessors.py", line 119, in handle_elem
    elem.text, children = self.handle_inline(text)
  File "/home/travis/build/waylan/Python-Markdown/markdown/treeprocessors.py", line 92, in handle_inline
    pre_text, node, text = self.apply_patterns(text[m.start():])
  File "/home/travis/build/waylan/Python-Markdown/markdown/treeprocessors.py", line 63, in apply_patterns
    node = pattern.handleMatch(match)
  File "/home/travis/build/waylan/Python-Markdown/markdown/inlinepatterns.py", line 332, in handleMatch
    el.set("href", self.unescape(href.strip()))
  File "/home/travis/build/waylan/Python-Markdown/markdown/inlinepatterns.py", line 212, in unescape
    stash = self.md.treeprocessors['inline'].stashed_nodes
AttributeError: 'InlineProcessor' object has no attribute 'stashed_nodes'
-------------------- >> begin captured logging << --------------------
MARKDOWN: DEBUG: Successfully loaded extension "markdown.extensions.abbr.AbbrExtension".
--------------------- >> end captured logging << ---------------------

======================================================================
ERROR: Test Headers with inline markup.
----------------------------------------------------------------------
Traceback (most recent call last):
  File "/home/travis/build/waylan/Python-Markdown/tests/test_extensions.py", line 720, in testHeaderInlineMarkup
    self.md.convert(text),
  File "/home/travis/build/waylan/Python-Markdown/markdown/core.py", line 199, in convert
    newRoot = treeprocessor.run(root)
  File "/home/travis/build/waylan/Python-Markdown/markdown/treeprocessors.py", line 151, in run
    self.handle_elem(child, tree, pos)
  File "/home/travis/build/waylan/Python-Markdown/markdown/treeprocessors.py", line 119, in handle_elem
    elem.text, children = self.handle_inline(text)
  File "/home/travis/build/waylan/Python-Markdown/markdown/treeprocessors.py", line 92, in handle_inline
    pre_text, node, text = self.apply_patterns(text[m.start():])
  File "/home/travis/build/waylan/Python-Markdown/markdown/treeprocessors.py", line 63, in apply_patterns
    node = pattern.handleMatch(match)
  File "/home/travis/build/waylan/Python-Markdown/markdown/inlinepatterns.py", line 332, in handleMatch
    el.set("href", self.unescape(href.strip()))
  File "/home/travis/build/waylan/Python-Markdown/markdown/inlinepatterns.py", line 212, in unescape
    stash = self.md.treeprocessors['inline'].stashed_nodes
AttributeError: 'InlineProcessor' object has no attribute 'stashed_nodes'
-------------------- >> begin captured logging << --------------------
MARKDOWN: DEBUG: Successfully loaded extension "markdown.extensions.toc.TocExtension".
--------------------- >> end captured logging << ---------------------

======================================================================
FAIL: Test that a nested AtomicString is not parsed.
----------------------------------------------------------------------
Traceback (most recent call last):
  File "/home/travis/build/waylan/Python-Markdown/tests/test_apis.py", line 557, in testNestedAtomicString
    markdown.serializers.to_html_string(new),
  File "/home/travis/build/waylan/Python-Markdown/markdown/serializers.py", line 278, in to_html_string
    return _write_html(ElementTree(element).getroot(), format="html")
  File "/home/travis/build/waylan/Python-Markdown/markdown/serializers.py", line 199, in _write_html
    assert root is not None
AssertionError

======================================================================
FAIL: Test that a simple AtomicString is not parsed.
----------------------------------------------------------------------
Traceback (most recent call last):
  File "/home/travis/build/waylan/Python-Markdown/tests/test_apis.py", line 537, in testSimpleAtomicString
    markdown.serializers.to_html_string(new),
  File "/home/travis/build/waylan/Python-Markdown/markdown/serializers.py", line 278, in to_html_string
    return _write_html(ElementTree(element).getroot(), format="html")
  File "/home/travis/build/waylan/Python-Markdown/markdown/serializers.py", line 199, in _write_html
    assert root is not None
AssertionError

======================================================================
FAIL: Test that a regular string is parsed.
----------------------------------------------------------------------
Traceback (most recent call last):
  File "/home/travis/build/waylan/Python-Markdown/tests/test_apis.py", line 526, in testString
    markdown.serializers.to_html_string(new),
  File "/home/travis/build/waylan/Python-Markdown/markdown/serializers.py", line 278, in to_html_string
    return _write_html(ElementTree(element).getroot(), format="html")
  File "/home/travis/build/waylan/Python-Markdown/markdown/serializers.py", line 199, in _write_html
    assert root is not None
AssertionError

======================================================================
FAIL: testHTMLOutput (tests.test_apis.testSerializers)
----------------------------------------------------------------------
Traceback (most recent call last):
  File "/home/travis/build/waylan/Python-Markdown/tests/test_apis.py", line 508, in testHTMLOutput
    '<p>foo<br>\nbar</p>'
AssertionError: u'<p>foo  \nbar</p>' != u'<p>foo<br>\nbar</p>'
- <p>foo  
+ <p>foo<br>
  bar</p>

======================================================================
FAIL: testXHTMLOutput (tests.test_apis.testSerializers)
----------------------------------------------------------------------
Traceback (most recent call last):
  File "/home/travis/build/waylan/Python-Markdown/tests/test_apis.py", line 502, in testXHTMLOutput
    '<p>foo<br />\nbar</p>'
AssertionError: u'<p>foo  \nbar</p>' != u'<p>foo<br />\nbar</p>'
- <p>foo  
+ <p>foo<br />
  bar</p>

======================================================================
FAIL: Test Abbreviations.
----------------------------------------------------------------------
Traceback (most recent call last):
  File "/home/travis/build/waylan/Python-Markdown/tests/test_extensions.py", line 73, in testSimpleAbbr
    '<p>Some text with an <abbr title="Abbreviation">ABBR</abbr> '
AssertionError: u'<p>Some text with an ABBR and a REF. Ignore REFERENCE and ref.</p>' != u'<p>Some text with an <abbr title="Abbreviation">ABBR</abbr> and a <abbr title= [truncated]...
- <p>Some text with an ABBR and a REF. Ignore REFERENCE and ref.</p>
+ <p>Some text with an <abbr title="Abbreviation">ABBR</abbr> and a <abbr title="Abbreviation Reference">REF</abbr>. Ignore REFERENCE and ref.</p>

-------------------- >> begin captured logging << --------------------
MARKDOWN: DEBUG: Successfully loaded extension "markdown.extensions.abbr.AbbrExtension".
--------------------- >> end captured logging << ---------------------

======================================================================
FAIL: testCustomSubstitutions (tests.test_extensions.TestSmarty)
----------------------------------------------------------------------
Traceback (most recent call last):
  File "/home/travis/build/waylan/Python-Markdown/tests/test_extensions.py", line 806, in testCustomSubstitutions
    self.assertEqual(self.md.convert(text), correct)
AssertionError: u'<p>&lt;&lt; The "Unicode char of the year 2014"\nis the \'mdash\': ---\nMust n [truncated]... != u'<p>[ The &bdquo;Unicode char of the year 2014&ldquo;\nis the &sbquo;mdash&lsqu [truncated]...
- <p>&lt;&lt; The "Unicode char of the year 2014"
?    ^^^^^^^^     ^                             ^
+ <p>[ The &bdquo;Unicode char of the year 2014&ldquo;
?    ^     ^^^^^^^                             ^^^^^^^
- is the 'mdash': ---
- Must not be confused with 'ndash'  (--) ... &gt;&gt;</p>+ is the &sbquo;mdash&lsquo;: —
+ Must not be confused with &sbquo;ndash&lsquo;  (–) … ]</p>
-------------------- >> begin captured logging << --------------------
MARKDOWN: DEBUG: Successfully loaded extension "markdown.extensions.smarty.SmartyExtension".
--------------------- >> end captured logging << ---------------------

======================================================================
FAIL: Test TOC with disabled marker.
----------------------------------------------------------------------
Traceback (most recent call last):
  File "/home/travis/build/waylan/Python-Markdown/tests/test_extensions.py", line 648, in testDisabledMarker
    '<p>[TOC]</p>\n'
AssertionError: u'<p></p>\n<h1 id="header-1">Header 1</h1>\n<h2 id="header-2">Header 2</h2>' != u'<p>[TOC]</p>\n<h1 id="header-1">Header 1</h1>\n<h2 id="header-2">Header 2</h2> [truncated]...
- <p></p>
+ <p>[TOC]</p>
?    +++++
  <h1 id="header-1">Header 1</h1>
  <h2 id="header-2">Header 2</h2>
-------------------- >> begin captured logging << --------------------
MARKDOWN: DEBUG: Successfully loaded extension "markdown.extensions.toc.TocExtension".
MARKDOWN: DEBUG: Successfully loaded extension "markdown.extensions.toc.TocExtension".
--------------------- >> end captured logging << ---------------------

======================================================================
FAIL: Test Headers with HTML Entities.
----------------------------------------------------------------------
Traceback (most recent call last):
  File "/home/travis/build/waylan/Python-Markdown/tests/test_extensions.py", line 678, in testHtmlEntities
    '<h1 id="foo-bar">Foo &amp; bar</h1>'
AssertionError: u'<h1 id="foo-amp-bar">Foo &amp;amp; bar</h1>' != u'<h1 id="foo-bar">Foo &amp; bar</h1>'
- <h1 id="foo-amp-bar">Foo &amp;amp; bar</h1>
?            ----               ----
+ <h1 id="foo-bar">Foo &amp; bar</h1>

-------------------- >> begin captured logging << --------------------
MARKDOWN: DEBUG: Successfully loaded extension "markdown.extensions.toc.TocExtension".
--------------------- >> end captured logging << ---------------------

======================================================================
FAIL: Test TOC with a Marker.
----------------------------------------------------------------------
Traceback (most recent call last):
  File "/home/travis/build/waylan/Python-Markdown/tests/test_extensions.py", line 585, in testMarker
    '<div class="toc">\n'
AssertionError: u'<p></p>\n<h1 id="header-1">Header 1</h1>\n<h2 id="header-2">Header 2</h2>' != u'<div class="toc">\n<ul>\n<li><a href="#header-1">Header 1</a><ul>\n<li><a href [truncated]...
- <p></p>
+ <div class="toc">
+ <ul>
+ <li><a href="#header-1">Header 1</a><ul>
+ <li><a href="#header-2">Header 2</a></li>
+ </ul>
+ </li>
+ </ul>
+ </div>
  <h1 id="header-1">Header 1</h1>
  <h2 id="header-2">Header 2</h2>
-------------------- >> begin captured logging << --------------------
MARKDOWN: DEBUG: Successfully loaded extension "markdown.extensions.toc.TocExtension".
--------------------- >> end captured logging << ---------------------

======================================================================
FAIL: Test Headers with raw HTML.
----------------------------------------------------------------------
Traceback (most recent call last):
  File "/home/travis/build/waylan/Python-Markdown/tests/test_extensions.py", line 686, in testRawHtml
    '<h1 id="foo-bar-baz">Foo <b>Bar</b> Baz.</h1>'
AssertionError: u'<h1 id="foo-bbarb-baz">Foo &lt;b&gt;Bar&lt;/b&gt; Baz.</h1>' != u'<h1 id="foo-bar-baz">Foo <b>Bar</b> Baz.</h1>'
- <h1 id="foo-bbarb-baz">Foo &lt;b&gt;Bar&lt;/b&gt; Baz.</h1>
?              -  -          ^^^^ ^^^^   ^^^^  ^^^^
+ <h1 id="foo-bar-baz">Foo <b>Bar</b> Baz.</h1>
?                          ^ ^   ^  ^

-------------------- >> begin captured logging << --------------------
MARKDOWN: DEBUG: Successfully loaded extension "markdown.extensions.toc.TocExtension".
--------------------- >> end captured logging << ---------------------

======================================================================
FAIL: Test [[wikilinks]].
----------------------------------------------------------------------
Traceback (most recent call last):
  File "/home/travis/build/waylan/Python-Markdown/tests/test_extensions.py", line 471, in testBasicWikilinks
    '<p>Some text with a '
AssertionError: u'<p>Some text with a ].</p>' != u'<p>Some text with a <a class="wikilink" href="/WikiLink/">WikiLink</a>.</p>'
- <p>Some text with a ].</p>
+ <p>Some text with a <a class="wikilink" href="/WikiLink/">WikiLink</a>.</p>

-------------------- >> begin captured logging << --------------------
MARKDOWN: DEBUG: Successfully loaded extension "markdown.extensions.wikilinks.WikiLinkExtension".
--------------------- >> end captured logging << ---------------------

======================================================================
FAIL: Test Complex Settings.
----------------------------------------------------------------------
Traceback (most recent call last):
  File "/home/travis/build/waylan/Python-Markdown/tests/test_extensions.py", line 516, in testComplexSettings
    '<p>Some text with a '
AssertionError: u'<p>Some text with a ].</p>' != u'<p>Some text with a <a href="http://example.com/WikiLink.html">WikiLink</a>.</ [truncated]...
- <p>Some text with a ].</p>
+ <p>Some text with a <a href="http://example.com/WikiLink.html">WikiLink</a>.</p>

-------------------- >> begin captured logging << --------------------
MARKDOWN: DEBUG: Successfully loaded extension "markdown.extensions.wikilinks.WikiLinkExtension".
MARKDOWN: DEBUG: Successfully loaded extension "markdown.extensions.wikilinks.WikiLinkExtension".
--------------------- >> end captured logging << ---------------------

======================================================================
FAIL: Test Simple Settings.
----------------------------------------------------------------------
Traceback (most recent call last):
  File "/home/travis/build/waylan/Python-Markdown/tests/test_extensions.py", line 497, in testSimpleSettings
    '<p>Some text with a '
AssertionError: u'<p>Some text with a ].</p>' != u'<p>Some text with a <a class="foo" href="/wiki/WikiLink.html">WikiLink</a>.</p [truncated]...
- <p>Some text with a ].</p>
+ <p>Some text with a <a class="foo" href="/wiki/WikiLink.html">WikiLink</a>.</p>

-------------------- >> begin captured logging << --------------------
MARKDOWN: DEBUG: Successfully loaded extension "markdown.extensions.wikilinks.WikiLinkExtension".
MARKDOWN: DEBUG: Successfully loaded extension "markdown.extensions.wikilinks.WikiLinkExtension".
--------------------- >> end captured logging << ---------------------

======================================================================
FAIL: Test used of a custom URL builder.
----------------------------------------------------------------------
Traceback (most recent call last):
  File "/home/travis/build/waylan/Python-Markdown/tests/test_extensions.py", line 553, in testURLCallback
    '<p><a class="wikilink" href="/bar/">foo</a></p>'
AssertionError: u'<p>]</p>' != u'<p><a class="wikilink" href="/bar/">foo</a></p>'
- <p>]</p>
+ <p><a class="wikilink" href="/bar/">foo</a></p>

-------------------- >> begin captured logging << --------------------
MARKDOWN: DEBUG: Successfully loaded extension "markdown.extensions.wikilinks.WikiLinkExtension".
MARKDOWN: DEBUG: Successfully loaded extension "markdown.extensions.wikilinks.WikiLinkExtension".
--------------------- >> end captured logging << ---------------------

======================================================================
FAIL: Test whitespace in wikilinks.
----------------------------------------------------------------------
Traceback (most recent call last):
  File "/home/travis/build/waylan/Python-Markdown/tests/test_extensions.py", line 479, in testWikilinkWhitespace
    '<p><a class="wikilink" href="/foo_bar_baz/">foo bar_baz</a></p>'
AssertionError: u'<p>]</p>' != u'<p><a class="wikilink" href="/foo_bar_baz/">foo bar_baz</a></p>'
- <p>]</p>
+ <p><a class="wikilink" href="/foo_bar_baz/">foo bar_baz</a></p>

-------------------- >> begin captured logging << --------------------
MARKDOWN: DEBUG: Successfully loaded extension "markdown.extensions.wikilinks.WikiLinkExtension".
--------------------- >> end captured logging << ---------------------

======================================================================
FAIL: test MetaData with Wikilinks Extension.
----------------------------------------------------------------------
Traceback (most recent call last):
  File "/home/travis/build/waylan/Python-Markdown/tests/test_extensions.py", line 531, in testWikilinksMetaData
    '<p>Some text with a '
AssertionError: u'<p>Some text with a ].</p>' != u'<p>Some text with a <a href="http://example.com/WikiLink.html">WikiLink</a>.</ [truncated]...
- <p>Some text with a ].</p>
+ <p>Some text with a <a href="http://example.com/WikiLink.html">WikiLink</a>.</p>

-------------------- >> begin captured logging << --------------------
MARKDOWN: DEBUG: Successfully loaded extension "markdown.extensions.wikilinks.WikiLinkExtension".
MARKDOWN: DEBUG: Successfully loaded extension "markdown.extensions.meta.MetaExtension".
MARKDOWN: DEBUG: Successfully loaded extension "markdown.extensions.wikilinks.WikiLinkExtension".
--------------------- >> end captured logging << ---------------------

======================================================================
MarkdownSyntaxError: TestSyntax: "pl/Tests_2007/Inline HTML (Simple)"
----------------------------------------------------------------------
MarkdownSyntaxError: Output from "/home/travis/build/waylan/Python-Markdown/tests/pl/Tests_2007/Inline HTML (Simple).text" failed to match expected output.

--- /home/travis/build/waylan/Python-Markdown/tests/pl/Tests_2007/Inline HTML (Simple).html
+++ actual_output.html
@@ -59,12 +59,30 @@
 <p>
   Hr's:
 </p>
-<hr />
-<hr />
-<hr />
-<hr />
-<hr />
-<hr />
-<hr class="foo" id="bar" />
-<hr class="foo" id="bar" />
-<hr class="foo" id="bar" />+<p>
+  &lt;hr&gt;
+</p>
+<p>
+  &lt;hr/&gt;
+</p>
+<p>
+  &lt;hr /&gt;
+</p>
+<p>
+  &lt;hr&gt;
+</p>
+<p>
+  &lt;hr/&gt;
+</p>
+<p>
+  &lt;hr /&gt;
+</p>
+<p>
+  &lt;hr class="foo" id="bar" /&gt;
+</p>
+<p>
+  &lt;hr class="foo" id="bar"/&gt;
+</p>
+<p>
+  &lt;hr class="foo" id="bar" &gt;
+</p>

======================================================================
MarkdownSyntaxError: TestSyntax: "pl/Tests_2007/Auto links"
----------------------------------------------------------------------
MarkdownSyntaxError: Output from "/home/travis/build/waylan/Python-Markdown/tests/pl/Tests_2007/Auto links.text" failed to match expected output.

--- /home/travis/build/waylan/Python-Markdown/tests/pl/Tests_2007/Auto links.html
+++ actual_output.html
@@ -1,21 +1,20 @@
 <p>
-  Link: <a href="http://example.com/">http://example.com/</a>.
+  Link: &lt;http://example.com/&gt;.
 </p>
 <p>
-  With an ampersand: <a href="http://example.com/?foo=1&amp;bar=2">http://example.com/?foo=1&amp;bar=2</a>
+  With an ampersand: &lt;http://example.com/?foo=1&amp;bar=2&gt;
 </p>
 <ul>
   <li>In a list?
   </li>
-  <li>
-    <a href="http://example.com/">http://example.com/</a>
+  <li>&lt;http://example.com/&gt;
   </li>
   <li>It should.
   </li>
 </ul>
 <blockquote>
   <p>
-    Blockquoted: <a href="http://example.com/">http://example.com/</a>
+    Blockquoted: &lt;http://example.com/&gt;
   </p>
 </blockquote>
 <p>


======================================================================
MarkdownSyntaxError: TestSyntax: "pl/Tests_2004/Yuri-Email"
----------------------------------------------------------------------
MarkdownSyntaxError: Output from "/home/travis/build/waylan/Python-Markdown/tests/pl/Tests_2004/Yuri-Email.text" failed to match expected output.

--- /home/travis/build/waylan/Python-Markdown/tests/pl/Tests_2004/Yuri-Email.html
+++ actual_output.html
@@ -1,11 +1,10 @@
 <p>
-  Lorem ipsum <a href="mailto:yuri@domain.org">yuri@domain.org</a>, etc.
+  Lorem ipsum &lt;yuri@domain.org&gt;, etc.
 </p>
 <ul>
   <li>An email address in a list
   </li>
-  <li>
-    <a href="mailto:yuri@domain.org">yuri@domain.org</a>
+  <li>&lt;yuri@domain.org&gt;
   </li>
   <li>Another item.
   </li>


======================================================================
MarkdownSyntaxError: TestSyntax: "pl/Tests_2004/Links, reference style"
----------------------------------------------------------------------
MarkdownSyntaxError: Output from "/home/travis/build/waylan/Python-Markdown/tests/pl/Tests_2004/Links, reference style.text" failed to match expected output.

--- /home/travis/build/waylan/Python-Markdown/tests/pl/Tests_2004/Links, reference style.html
+++ actual_output.html
@@ -8,7 +8,7 @@
   Foo <a href="/url/" title="Title">bar</a>.
 </p>
 <p>
-  With <a href="/url/">embedded [brackets]</a>.
+  With <a href="/url/">embedded</a> .
 </p>
 <p>
   Indented <a href="/url">once</a>.
@@ -20,7 +20,7 @@
   Indented <a href="/url">thrice</a>.
 </p>
 <p>
-  Indented [four][] times.
+  Indented times.
 </p>
 <pre>
 <code>[four]: /url


======================================================================
MarkdownSyntaxError: TestSyntax: "pl/Tests_2004/Inline HTML (Simple)"
----------------------------------------------------------------------
MarkdownSyntaxError: Output from "/home/travis/build/waylan/Python-Markdown/tests/pl/Tests_2004/Inline HTML (Simple).text" failed to match expected output.

--- /home/travis/build/waylan/Python-Markdown/tests/pl/Tests_2004/Inline HTML (Simple).html
+++ actual_output.html
@@ -59,12 +59,30 @@
 <p>
   Hr's:
 </p>
-<hr />
-<hr />
-<hr />
-<hr />
-<hr />
-<hr />
-<hr class="foo" id="bar" />
-<hr class="foo" id="bar" />
-<hr class="foo" id="bar" />+<p>
+  &lt;hr&gt;
+</p>
+<p>
+  &lt;hr/&gt;
+</p>
+<p>
+  &lt;hr /&gt;
+</p>
+<p>
+  &lt;hr&gt;
+</p>
+<p>
+  &lt;hr/&gt;
+</p>
+<p>
+  &lt;hr /&gt;
+</p>
+<p>
+  &lt;hr class="foo" id="bar" /&gt;
+</p>
+<p>
+  &lt;hr class="foo" id="bar"/&gt;
+</p>
+<p>
+  &lt;hr class="foo" id="bar" &gt;
+</p>

======================================================================
MarkdownSyntaxError: TestSyntax: "pl/Tests_2004/Auto links"
----------------------------------------------------------------------
MarkdownSyntaxError: Output from "/home/travis/build/waylan/Python-Markdown/tests/pl/Tests_2004/Auto links.text" failed to match expected output.

--- /home/travis/build/waylan/Python-Markdown/tests/pl/Tests_2004/Auto links.html
+++ actual_output.html
@@ -1,21 +1,20 @@
 <p>
-  Link: <a href="http://example.com/">http://example.com/</a>.
+  Link: &lt;http://example.com/&gt;.
 </p>
 <p>
-  With an ampersand: <a href="http://example.com/?foo=1&amp;bar=2">http://example.com/?foo=1&amp;bar=2</a>
+  With an ampersand: &lt;http://example.com/?foo=1&amp;bar=2&gt;
 </p>
 <ul>
   <li>In a list?
   </li>
-  <li>
-    <a href="http://example.com/">http://example.com/</a>
+  <li>&lt;http://example.com/&gt;
   </li>
   <li>It should.
   </li>
 </ul>
 <blockquote>
   <p>
-    Blockquoted: <a href="http://example.com/">http://example.com/</a>
+    Blockquoted: &lt;http://example.com/&gt;
   </p>
 </blockquote>
 <p>


======================================================================
MarkdownSyntaxError: TestSyntax: "php/Inline HTML (Simple)"
----------------------------------------------------------------------
MarkdownSyntaxError: Output from "/home/travis/build/waylan/Python-Markdown/tests/php/Inline HTML (Simple).text" failed to match expected output.

--- /home/travis/build/waylan/Python-Markdown/tests/php/Inline HTML (Simple).xhtml
+++ actual_output.html
@@ -10,4 +10,6 @@
 <p>
   Hr's:
 </p>
-<hr class="foo" id="bar" />+<p>
+  &lt;hr class="foo" id="bar" &gt;
+</p>

======================================================================
MarkdownSyntaxError: TestSyntax: "php/Email auto links"
----------------------------------------------------------------------
MarkdownSyntaxError: Output from "/home/travis/build/waylan/Python-Markdown/tests/php/Email auto links.text" failed to match expected output.

--- /home/travis/build/waylan/Python-Markdown/tests/php/Email auto links.xhtml
+++ actual_output.html
@@ -1,6 +1,6 @@
 <p>
-  <a href="mailto:michel.fortin@michelf.com">michel.fortin@michelf.com</a>
+  &lt;michel.fortin@michelf.com&gt;
 </p>
 <p>
-  International domain names: <a href="mailto:help@t\u016bdali\u0146.lv">help@t\u016bdali\u0146.lv</a>
+  International domain names: &lt;help@t\u016bdali\u0146.lv&gt;
 </p>

======================================================================
MarkdownSyntaxError: TestSyntax: "misc/two-spaces"
----------------------------------------------------------------------
MarkdownSyntaxError: Output from "/home/travis/build/waylan/Python-Markdown/tests/misc/two-spaces.txt" failed to match expected output.

--- /home/travis/build/waylan/Python-Markdown/tests/misc/two-spaces.html
+++ actual_output.html
@@ -1,13 +1,13 @@
-<p>This line has two spaces at the end<br />
+<p>This line has two spaces at the end  
 but this one has none
-but this line has three <br />
+but this line has three   
 and this is the second from last line
 in this test message</p>
 <ul>
 <li>This list item has two spaces.  </li>
 <li>
 <p>This has none.
-    This line has three. <br />
+    This line has three.   
     This line has none.
     And this line two.  </p>
 <p>This line has none.</p>


======================================================================
MarkdownSyntaxError: TestSyntax: "misc/span"
----------------------------------------------------------------------
MarkdownSyntaxError: Output from "/home/travis/build/waylan/Python-Markdown/tests/misc/span.txt" failed to match expected output.

--- /home/travis/build/waylan/Python-Markdown/tests/misc/span.html
+++ actual_output.html
@@ -1,6 +1,6 @@
-<p><span id="someId"> Foo <em>bar</em> Baz </span></p>
+<p>&lt;span id="someId"&gt; Foo <em>bar</em> Baz &lt;/span&gt;</p>
 <div><b>*foo*</b></div>
 
 <div id="someId"> Foo *bar* Baz </div>
 
-<p><baza id="someId"> Foo <em>bar</em> Baz </baza></p>+<p>&lt;baza id="someId"&gt; Foo <em>bar</em> Baz &lt;/baza&gt;</p>

======================================================================
MarkdownSyntaxError: TestSyntax: "misc/smart_em"
----------------------------------------------------------------------
MarkdownSyntaxError: Output from "/home/travis/build/waylan/Python-Markdown/tests/misc/smart_em.txt" failed to match expected output.

--- /home/travis/build/waylan/Python-Markdown/tests/misc/smart_em.html
+++ actual_output.html
@@ -1,5 +1,5 @@
 <p><em>emphasis</em></p>
 <p>this_is_not_emphasis</p>
-<p>[<em>punctuation with emphasis</em>]</p>
-<p>[<em>punctuation_with_emphasis</em>]</p>
-<p>[punctuation_without_emphasis]</p>+<p></p>
+<p></p>
+<p></p>

======================================================================
MarkdownSyntaxError: TestSyntax: "misc/php"
----------------------------------------------------------------------
MarkdownSyntaxError: Output from "/home/travis/build/waylan/Python-Markdown/tests/misc/php.txt" failed to match expected output.

--- /home/travis/build/waylan/Python-Markdown/tests/misc/php.html
+++ actual_output.html
@@ -1,7 +1,7 @@
 <!DOCTYPE HTML PUBLIC "-//W3C//DTD HTML 4.01//EN"
             "http://www.w3.org/TR/html4/strict.dtd">
 
-<p><b>This should have a p tag</b></p>
+<p>&lt;b&gt;This should have a p tag&lt;/b&gt;</p>
 <!--This is a comment -->
 
 <div>This shouldn't</div>


======================================================================
MarkdownSyntaxError: TestSyntax: "misc/numeric-entity"
----------------------------------------------------------------------
MarkdownSyntaxError: Output from "/home/travis/build/waylan/Python-Markdown/tests/misc/numeric-entity.txt" failed to match expected output.

--- /home/travis/build/waylan/Python-Markdown/tests/misc/numeric-entity.html
+++ actual_output.html
@@ -1,2 +1,2 @@
-<p><a href="&#109;&#97;&#105;&#108;&#116;&#111;&#58;&#117;&#115;&#101;&#114;&#64;&#103;&#109;&#97;&#105;&#108;&#46;&#99;&#111;&#109;">&#117;&#115;&#101;&#114;&#64;&#103;&#109;&#97;&#105;&#108;&#46;&#99;&#111;&#109;</a></p>
-<p>This is an entity: &#234; </p>+<p>&lt;user@gmail.com&gt;</p>
+<p>This is an entity: &amp;#234; </p>

======================================================================
MarkdownSyntaxError: TestSyntax: "misc/multi-test"
----------------------------------------------------------------------
MarkdownSyntaxError: Output from "/home/travis/build/waylan/Python-Markdown/tests/misc/multi-test.txt" failed to match expected output.

--- /home/travis/build/waylan/Python-Markdown/tests/misc/multi-test.html
+++ actual_output.html
@@ -1,4 +1,4 @@
-<p>Blah blah blah <a href="http://www.slashdot.org">http://www.slashdot.org</a></p>
+<p>Blah blah blah &lt;http://www.slashdot.org&gt;</p>
 <ul>
 <li>Basic list</li>
 <li>Basic list 2</li>
@@ -8,9 +8,9 @@
 <li>Lazy list</li>
 </ul>
 <p>An <a href="http://example.com" title="Title">example</a> (oops)</p>
-<p>Now, let's use a footnote[^1].  Not bad, eh?
+<p>Now, let's use a footnote.  Not bad, eh?
 Let's continue.</p>
-<p>[^1]: Here is the text of the footnote
+<p>: Here is the text of the footnote
     continued on several lines.
     some more of the footnote, etc.</p>
 <pre><code>Actually, another paragraph too.


======================================================================
MarkdownSyntaxError: TestSyntax: "misc/more_comments"
----------------------------------------------------------------------
MarkdownSyntaxError: Output from "/home/travis/build/waylan/Python-Markdown/tests/misc/more_comments.txt" failed to match expected output.

--- /home/travis/build/waylan/Python-Markdown/tests/misc/more_comments.html
+++ actual_output.html
@@ -1,7 +1,7 @@
 <!asd@asdfd.com>
 
 <p>Foo</p>
-<p><asd!@asdfd.com></p>
+<p>&lt;asd!@asdfd.com&gt;</p>
 <p>Bar</p>
 <!--asd@asdfd.com>
 


======================================================================
MarkdownSyntaxError: TestSyntax: "misc/missing-link-def"
----------------------------------------------------------------------
MarkdownSyntaxError: Output from "/home/travis/build/waylan/Python-Markdown/tests/misc/missing-link-def.txt" failed to match expected output.

--- /home/travis/build/waylan/Python-Markdown/tests/misc/missing-link-def.html
+++ actual_output.html
@@ -1 +1 @@
-<p>This is a [missing link][empty] and a <a href="http://example.com">valid</a> and [missing][again].</p>+<p>This is a  and a <a href="http://example.com">valid</a> and .</p>

======================================================================
MarkdownSyntaxError: TestSyntax: "misc/mismatched-tags"
----------------------------------------------------------------------
MarkdownSyntaxError: Output from "/home/travis/build/waylan/Python-Markdown/tests/misc/mismatched-tags.txt" failed to match expected output.

--- /home/travis/build/waylan/Python-Markdown/tests/misc/mismatched-tags.html
+++ actual_output.html
@@ -10,5 +10,5 @@
 
 <p><div>text</div><br /></p>
 
-<p><br /></p>
+<p>&lt;br /&gt;</p>
 <p>Should be in p</p>

======================================================================
MarkdownSyntaxError: TestSyntax: "misc/inside_html"
----------------------------------------------------------------------
MarkdownSyntaxError: Output from "/home/travis/build/waylan/Python-Markdown/tests/misc/inside_html.txt" failed to match expected output.

--- /home/travis/build/waylan/Python-Markdown/tests/misc/inside_html.html
+++ actual_output.html
@@ -1 +1 @@
-<p><a href="stuff"> <strong>ok</strong>? </a></p>+<p>&lt;a href="stuff"&gt; <strong>ok</strong>? &lt;/a&gt;</p>

======================================================================
MarkdownSyntaxError: TestSyntax: "misc/ins-at-start-of-paragraph"
----------------------------------------------------------------------
MarkdownSyntaxError: Output from "/home/travis/build/waylan/Python-Markdown/tests/misc/ins-at-start-of-paragraph.txt" failed to match expected output.

--- /home/travis/build/waylan/Python-Markdown/tests/misc/ins-at-start-of-paragraph.html
+++ actual_output.html
@@ -1 +1 @@
-<p><ins>Hello, fellow developer</ins> this ins should be wrapped in a p.</p>+<p>&lt;ins&gt;Hello, fellow developer&lt;/ins&gt; this ins should be wrapped in a p.</p>

======================================================================
MarkdownSyntaxError: TestSyntax: "misc/html-comments"
----------------------------------------------------------------------
MarkdownSyntaxError: Output from "/home/travis/build/waylan/Python-Markdown/tests/misc/html-comments.txt" failed to match expected output.

--- /home/travis/build/waylan/Python-Markdown/tests/misc/html-comments.html
+++ actual_output.html
@@ -1,2 +1,2 @@
-<p>Here is HTML <!-- **comment** -->
-and once more <p><!--comment--></p></p>+<p>Here is HTML &lt;!-- <strong>comment</strong> --&gt;
+and once more &lt;p&gt;&lt;!--comment--&gt;&lt;/p&gt;</p>

======================================================================
MarkdownSyntaxError: TestSyntax: "misc/escaped_chars_in_js"
----------------------------------------------------------------------
MarkdownSyntaxError: Output from "/home/travis/build/waylan/Python-Markdown/tests/misc/escaped_chars_in_js.txt" failed to match expected output.

--- /home/travis/build/waylan/Python-Markdown/tests/misc/escaped_chars_in_js.html
+++ actual_output.html
@@ -1,12 +1,12 @@
-<p><span id="e116142240">[javascript protected email address]</span>
-<script type="text/javascript">
-    var a="gqMjyw7lZCaKk6p0J3uAUYS1.dbIW2hXzDHmiVNotOPRe_Ev@c4Gs58+LBr-F9QTfxn";
+<p>&lt;span id="e116142240"&gt;&lt;/span&gt;
+&lt;script type="text/javascript"&gt;
+    var a="gqMjyw7lZCaKk6p0J3uAUYS1.dbIW2hXzDHmiVNotOPRe<em>Ev@c4Gs58+LBr-F9QTfxn";
     var b=a.split("").sort().join("");
-    var c="F_-F6F_-FMe_";
+    var c="F</em>-F6F<em>-FMe</em>";
     var d="";
-    for(var e=0;e<c.length;e++)
+    for(var e=0;e&lt;c.length;e++)
     d+=b.charAt(a.indexOf(c.charAt(e)));
         document
             .getElementById("e116142240")
-            .innerHTML="<a href=\"mailto:"+d+"\">"+d+"</a>";
-</script></p>+            .innerHTML="&lt;a href=mailto:"+d+"&gt;"+d+"&lt;/a&gt;";
+&lt;/script&gt;</p>

======================================================================
MarkdownSyntaxError: TestSyntax: "misc/email"
----------------------------------------------------------------------
MarkdownSyntaxError: Output from "/home/travis/build/waylan/Python-Markdown/tests/misc/email.txt" failed to match expected output.

--- /home/travis/build/waylan/Python-Markdown/tests/misc/email.html
+++ actual_output.html
@@ -1,3 +1,3 @@
-<p>asdfasdfadsfasd <a href="&#109;&#97;&#105;&#108;&#116;&#111;&#58;&#121;&#117;&#114;&#105;&#64;&#102;&#114;&#101;&#101;&#119;&#105;&#115;&#100;&#111;&#109;&#46;&#111;&#114;&#103;">&#121;&#117;&#114;&#105;&#64;&#102;&#114;&#101;&#101;&#119;&#105;&#115;&#100;&#111;&#109;&#46;&#111;&#114;&#103;</a> or you can say 
-instead <a href="&#109;&#97;&#105;&#108;&#116;&#111;&#58;&#121;&#117;&#114;&#105;&#64;&#102;&#114;&#101;&#101;&#119;&#105;&#115;&#100;&#111;&#109;&#46;&#111;&#114;&#103;">&#121;&#117;&#114;&#105;&#64;&#102;&#114;&#101;&#101;&#119;&#105;&#115;&#100;&#111;&#109;&#46;&#111;&#114;&#103;</a></p>
-<p><a href="&#109;&#97;&#105;&#108;&#116;&#111;&#58;&#98;&#111;&#98;&#38;&#115;&#117;&#101;&#64;&#101;&#120;&#97;&#109;&#112;&#108;&#101;&#46;&#99;&#111;&#109;">&#98;&#111;&#98;&amp;&#115;&#117;&#101;&#64;&#101;&#120;&#97;&#109;&#112;&#108;&#101;&#46;&#99;&#111;&#109;</a></p>+<p>asdfasdfadsfasd &lt;yuri@freewisdom.org&gt; or you can say 
+instead &lt;mailto:yuri@freewisdom.org&gt;</p>
+<p>&lt;bob&amp;sue@example.com&gt;</p>

======================================================================
MarkdownSyntaxError: TestSyntax: "misc/backtick-escape"
----------------------------------------------------------------------
MarkdownSyntaxError: Output from "/home/travis/build/waylan/Python-Markdown/tests/misc/backtick-escape.txt" failed to match expected output.

--- /home/travis/build/waylan/Python-Markdown/tests/misc/backtick-escape.html
+++ actual_output.html
@@ -1,3 +1,3 @@
-<p>\`This should not be in code.\`
+<p>\<code>This should not be in code.\\</code>
 `This also should not be in code.`
 `And finally this should not be in code.`</p>

======================================================================
MarkdownSyntaxError: TestSyntax: "misc/autolinks_with_asterisks_russian"
----------------------------------------------------------------------
MarkdownSyntaxError: Output from "/home/travis/build/waylan/Python-Markdown/tests/misc/autolinks_with_asterisks_russian.txt" failed to match expected output.

--- /home/travis/build/waylan/Python-Markdown/tests/misc/autolinks_with_asterisks_russian.html
+++ actual_output.html
@@ -1 +1 @@
-<p><a href="http://some.site/\u043d\u0435\u0447\u0442\u043e*\u043e\u0447\u0435\u043d\u044c*\u0441\u0442\u0440\u0430\u043d\u043d\u043e\u0435">http://some.site/\u043d\u0435\u0447\u0442\u043e*\u043e\u0447\u0435\u043d\u044c*\u0441\u0442\u0440\u0430\u043d\u043d\u043e\u0435</a></p>+<p>&lt;http://some.site/\u043d\u0435\u0447\u0442\u043e<em>\u043e\u0447\u0435\u043d\u044c</em>\u0441\u0442\u0440\u0430\u043d\u043d\u043e\u0435&gt;</p>

======================================================================
MarkdownSyntaxError: TestSyntax: "misc/autolinks_with_asterisks"
----------------------------------------------------------------------
MarkdownSyntaxError: Output from "/home/travis/build/waylan/Python-Markdown/tests/misc/autolinks_with_asterisks.txt" failed to match expected output.

--- /home/travis/build/waylan/Python-Markdown/tests/misc/autolinks_with_asterisks.html
+++ actual_output.html
@@ -1 +1 @@
-<p><a href="http://some.site/weird*url*thing">http://some.site/weird*url*thing</a></p>+<p>&lt;http://some.site/weird<em>url</em>thing&gt;</p>

======================================================================
MarkdownSyntaxError: TestSyntax: "extensions/toc_out_of_order"
----------------------------------------------------------------------
MarkdownSyntaxError: Output from "/home/travis/build/waylan/Python-Markdown/tests/extensions/toc_out_of_order.txt" failed to match expected output.

--- /home/travis/build/waylan/Python-Markdown/tests/extensions/toc_out_of_order.html
+++ actual_output.html
@@ -1,8 +1,3 @@
-<div class="toc">
-<ul>
-<li><a href="#header-2">Header 2</a></li>
-<li><a href="#header-1">Header 1</a></li>
-</ul>
-</div>
+<p></p>
 <h2 id="header-2">Header 2</h2>
 <h1 id="header-1">Header 1</h1>
-------------------- >> begin captured logging << --------------------
MARKDOWN: DEBUG: Successfully loaded extension "markdown.extensions.toc.TocExtension".
--------------------- >> end captured logging << ---------------------

======================================================================
MarkdownSyntaxError: TestSyntax: "extensions/toc_nested_list"
----------------------------------------------------------------------
MarkdownSyntaxError: Output from "/home/travis/build/waylan/Python-Markdown/tests/extensions/toc_nested_list.txt" failed to match expected output.

--- /home/travis/build/waylan/Python-Markdown/tests/extensions/toc_nested_list.html
+++ actual_output.html
@@ -1,18 +1,5 @@
 <h1 id="title">Title</h1>
-<div class="toc">
-<ul>
-<li><a href="#title">Title</a><ul>
-<li><a href="#section-1">Section 1</a><ul>
-<li><a href="#subsection-1">Subsection 1</a></li>
-<li><a href="#subsection-2">Subsection 2</a></li>
-</ul>
-</li>
-<li><a href="#section-2">Section 2</a></li>
-<li><a href="#section-3">Section 3</a></li>
-</ul>
-</li>
-</ul>
-</div>
+<p></p>
 <h2 id="section-1">Section 1</h2>
 <ol>
 <li>

-------------------- >> begin captured logging << --------------------
MARKDOWN: DEBUG: Successfully loaded extension "markdown.extensions.toc.TocExtension".
--------------------- >> end captured logging << ---------------------

======================================================================
MarkdownSyntaxError: TestSyntax: "extensions/toc_nested2"
----------------------------------------------------------------------
MarkdownSyntaxError: Output from "/home/travis/build/waylan/Python-Markdown/tests/extensions/toc_nested2.txt" failed to match expected output.

--- /home/travis/build/waylan/Python-Markdown/tests/extensions/toc_nested2.html
+++ actual_output.html
@@ -1,13 +1,4 @@
-<div class="toc">
-<ul>
-<li><a href="#start-with-header-other-than-one">Start with header other than one.</a></li>
-<li><a href="#header-3">Header 3</a><ul>
-<li><a href="#header-4">Header 4</a></li>
-</ul>
-</li>
-<li><a href="#header-3_1">Header 3</a></li>
-</ul>
-</div>
+<p></p>
 <h3 id="start-with-header-other-than-one">Start with header other than one.<a class="headerlink" href="#start-with-header-other-than-one" title="Permanent link">[link]</a></h3>
 <h3 id="header-3">Header 3<a class="headerlink" href="#header-3" title="Permanent link">[link]</a></h3>
 <h4 id="header-4">Header 4<a class="headerlink" href="#header-4" title="Permanent link">[link]</a></h4>

-------------------- >> begin captured logging << --------------------
MARKDOWN: DEBUG: Successfully loaded extension "markdown.extensions.toc.TocExtension".
--------------------- >> end captured logging << ---------------------

======================================================================
MarkdownSyntaxError: TestSyntax: "extensions/toc_nested"
----------------------------------------------------------------------
MarkdownSyntaxError: Output from "/home/travis/build/waylan/Python-Markdown/tests/extensions/toc_nested.txt" failed to match expected output.

--- /home/travis/build/waylan/Python-Markdown/tests/extensions/toc_nested.html
+++ actual_output.html
@@ -2,15 +2,4 @@
 <h2 id="header-1">Header 1<a class="headerlink" href="#header-1" title="Permanent link">&para;</a></h2>
 <h3 id="header-i">Header i<a class="headerlink" href="#header-i" title="Permanent link">&para;</a></h3>
 <h1 id="header-b">Header <em>B</em><a class="headerlink" href="#header-b" title="Permanent link">&para;</a></h1>
-<div class="toc">
-<ul>
-<li><a href="#header-a">Header A</a><ul>
-<li><a href="#header-1">Header 1</a><ul>
-<li><a href="#header-i">Header i</a></li>
-</ul>
-</li>
-</ul>
-</li>
-<li><a href="#header-b">Header B</a></li>
-</ul>
-</div>+<p></p>
-------------------- >> begin captured logging << --------------------
MARKDOWN: DEBUG: Successfully loaded extension "markdown.extensions.toc.TocExtension".
--------------------- >> end captured logging << ---------------------

======================================================================
MarkdownSyntaxError: TestSyntax: "extensions/toc_invalid"
----------------------------------------------------------------------
MarkdownSyntaxError: Output from "/home/travis/build/waylan/Python-Markdown/tests/extensions/toc_invalid.txt" failed to match expected output.

--- /home/travis/build/waylan/Python-Markdown/tests/extensions/toc_invalid.html
+++ actual_output.html
@@ -1,4 +1,4 @@
-<h2 id="toc">[TOC]</h2>
+<h2 id="_1"></h2>
 <h1 id="header-1">Header 1</h1>
 <p>The TOC marker cannot be inside a header. This test makes sure markdown doesn't 
 crash when it encounters this  errant syntax. The unexpected output should

-------------------- >> begin captured logging << --------------------
MARKDOWN: DEBUG: Successfully loaded extension "markdown.extensions.toc.TocExtension".
--------------------- >> end captured logging << ---------------------

======================================================================
MarkdownSyntaxError: TestSyntax: "extensions/nl2br_w_attr_list"
----------------------------------------------------------------------
MarkdownSyntaxError: Output from "/home/travis/build/waylan/Python-Markdown/tests/extensions/nl2br_w_attr_list.txt" failed to match expected output.

--- /home/travis/build/waylan/Python-Markdown/tests/extensions/nl2br_w_attr_list.html
+++ actual_output.html
@@ -1 +1 @@
-<p id="bar">Foo<br /></p>+<p id="bar">Foo</p>
-------------------- >> begin captured logging << --------------------
MARKDOWN: DEBUG: Successfully loaded extension "markdown.extensions.nl2br.Nl2BrExtension".
MARKDOWN: DEBUG: Successfully loaded extension "markdown.extensions.attr_list.AttrListExtension".
--------------------- >> end captured logging << ---------------------

======================================================================
MarkdownSyntaxError: TestSyntax: "extensions/legacy_em"
----------------------------------------------------------------------
MarkdownSyntaxError: Output from "/home/travis/build/waylan/Python-Markdown/tests/extensions/legacy_em.txt" failed to match expected output.

--- /home/travis/build/waylan/Python-Markdown/tests/extensions/legacy_em.html
+++ actual_output.html
@@ -1 +1 @@
-<p><em>connected</em>words_</p>+<p>_connected_words_</p>
-------------------- >> begin captured logging << --------------------
MARKDOWN: DEBUG: Successfully loaded extension "markdown.extensions.legacy_em.LegacyEmExtension".
--------------------- >> end captured logging << ---------------------

======================================================================
MarkdownSyntaxError: TestSyntax: "extensions/extra/abbr"
----------------------------------------------------------------------
MarkdownSyntaxError: Output from "/home/travis/build/waylan/Python-Markdown/tests/extensions/extra/abbr.txt" failed to match expected output.

--- /home/travis/build/waylan/Python-Markdown/tests/extensions/extra/abbr.html
+++ actual_output.html
@@ -1,4 +1,4 @@
-<p>An <abbr title="Abbreviation">ABBR</abbr>: "<abbr title="Reference">REF</abbr>".
+<p>An ABBR: "REF".
 ref and REFERENCE should be ignored.</p>
-<p>The <abbr title="Hyper Text Markup Language">HTML</abbr> specification
-is maintained by the <abbr title="World Wide Web Consortium">W3C</abbr>.</p>+<p>The HTML specification
+is maintained by the W3C.</p>
-------------------- >> begin captured logging << --------------------
MARKDOWN: DEBUG: Successfully loaded extension "markdown.extensions.abbr.AbbrExtension".
--------------------- >> end captured logging << ---------------------

======================================================================
MarkdownSyntaxError: TestSyntax: "basic/links-reference"
----------------------------------------------------------------------
MarkdownSyntaxError: Output from "/home/travis/build/waylan/Python-Markdown/tests/basic/links-reference.txt" failed to match expected output.

--- /home/travis/build/waylan/Python-Markdown/tests/basic/links-reference.html
+++ actual_output.html
@@ -1,11 +1,11 @@
 <p>Foo <a href="/url/" title="Title">bar</a>.</p>
 <p>Foo <a href="/url/" title="Title">bar</a>.</p>
 <p>Foo <a href="/url/" title="Title">bar</a>.</p>
-<p>With <a href="/url/">embedded [brackets]</a>.</p>
+<p>With <a href="/url/">embedded </a>.</p>
 <p>Indented <a href="/url">once</a>.</p>
 <p>Indented <a href="/url">twice</a>.</p>
 <p>Indented <a href="/url">thrice</a>.</p>
-<p>Indented [four][] times.</p>
+<p>Indented  times.</p>
 <pre><code>[four]: /url
 </code></pre>
 <p>With <a href="http://example.com/" title="Angle Brackets">angle brackets</a>.</p>
@@ -14,8 +14,7 @@
 breaks</a></p>
 <p>and <a href="http://example.com" title="Yes this works">line 
 breaks</a> with one space.</p>
-<p>and [line<br />
-breaks[] with two spaces.</p>
+<p>and  with two spaces.</p>
 <p><a href="http://example.com" title="No more hanging empty bracket!">short ref</a></p>
 <p><a href="http://example.com" title="No more hanging empty bracket!">short 
 ref</a></p>


======================================================================
MarkdownSyntaxError: TestSyntax: "basic/auto-links"
----------------------------------------------------------------------
MarkdownSyntaxError: Output from "/home/travis/build/waylan/Python-Markdown/tests/basic/auto-links.txt" failed to match expected output.

--- /home/travis/build/waylan/Python-Markdown/tests/basic/auto-links.html
+++ actual_output.html
@@ -1,14 +1,14 @@
-<p>Link: <a href="http://example.com/">http://example.com/</a>.</p>
-<p>Https link: <a href="https://example.com">https://example.com</a></p>
-<p>Ftp link: <a href="ftp://example.com">ftp://example.com</a></p>
-<p>With an ampersand: <a href="http://example.com/?foo=1&amp;bar=2">http://example.com/?foo=1&amp;bar=2</a></p>
+<p>Link: &lt;http://example.com/&gt;.</p>
+<p>Https link: &lt;https://example.com&gt;</p>
+<p>Ftp link: &lt;ftp://example.com&gt;</p>
+<p>With an ampersand: &lt;http://example.com/?foo=1&amp;bar=2&gt;</p>
 <ul>
 <li>In a list?</li>
-<li><a href="http://example.com/">http://example.com/</a></li>
+<li>&lt;http://example.com/&gt;</li>
 <li>It should.</li>
 </ul>
 <blockquote>
-<p>Blockquoted: <a href="http://example.com/">http://example.com/</a></p>
+<p>Blockquoted: &lt;http://example.com/&gt;</p>
 </blockquote>
 <p>Auto-links should not occur here: <code>&lt;http://example.com/&gt;</code></p>
 <pre><code>or here: &lt;http://example.com/&gt;


----------------------------------------------------------------------
Ran 324 tests in 1.818s

FAILED (MarkdownSyntaxError=35, SKIP=26, errors=51, failures=17)
[31mERROR: InvocationError: '/home/travis/build/waylan/Python-Markdown/.tox/py27/bin/coverage run --source=markdown /home/travis/build/waylan/Python-Markdown/.tox/py27/bin/mdtests'[0m
___________________________________ summary ____________________________________
[31mERROR:   py27: commands failed[0m
travis_time:end:1dd3ca65:start=1434740718703472742,finish=1434740743636298186,duration=24932825444[0K
[31;1mThe command "tox" exited with 1.[0m

Done. Your build exited with 1.
